::1 - - [04/Apr/2022:09:54:11 +0000] "GET /api/products HTTP/1.1" 304 - "http://localhost:3000/" "Mozilla/5.0 (Windows NT 10.0; Win64; x64) AppleWebKit/537.36 (KHTML, like Gecko) Chrome/99.0.4844.84 Safari/537.36"
::1 - - [04/Apr/2022:09:54:11 +0000] "GET /api/products/find/undefined HTTP/1.1" 500 246 "http://localhost:3000/" "Mozilla/5.0 (Windows NT 10.0; Win64; x64) AppleWebKit/537.36 (KHTML, like Gecko) Chrome/99.0.4844.84 Safari/537.36"
::1 - - [04/Apr/2022:09:54:11 +0000] "GET /api/products/find/undefined HTTP/1.1" 500 246 "http://localhost:3000/" "Mozilla/5.0 (Windows NT 10.0; Win64; x64) AppleWebKit/537.36 (KHTML, like Gecko) Chrome/99.0.4844.84 Safari/537.36"
::1 - - [04/Apr/2022:09:54:11 +0000] "GET /api/products/find/undefined HTTP/1.1" 500 246 "http://localhost:3000/" "Mozilla/5.0 (Windows NT 10.0; Win64; x64) AppleWebKit/537.36 (KHTML, like Gecko) Chrome/99.0.4844.84 Safari/537.36"
::1 - - [04/Apr/2022:09:54:11 +0000] "GET /api/products/find/undefined HTTP/1.1" 500 246 "http://localhost:3000/" "Mozilla/5.0 (Windows NT 10.0; Win64; x64) AppleWebKit/537.36 (KHTML, like Gecko) Chrome/99.0.4844.84 Safari/537.36"
::1 - - [04/Apr/2022:09:54:11 +0000] "GET /api/products/find/undefined HTTP/1.1" 500 246 "http://localhost:3000/" "Mozilla/5.0 (Windows NT 10.0; Win64; x64) AppleWebKit/537.36 (KHTML, like Gecko) Chrome/99.0.4844.84 Safari/537.36"
::1 - - [04/Apr/2022:09:54:11 +0000] "GET /api/products/find/undefined HTTP/1.1" 500 246 "http://localhost:3000/" "Mozilla/5.0 (Windows NT 10.0; Win64; x64) AppleWebKit/537.36 (KHTML, like Gecko) Chrome/99.0.4844.84 Safari/537.36"
::1 - - [04/Apr/2022:09:54:11 +0000] "GET /api/products/find/undefined HTTP/1.1" 500 246 "http://localhost:3000/" "Mozilla/5.0 (Windows NT 10.0; Win64; x64) AppleWebKit/537.36 (KHTML, like Gecko) Chrome/99.0.4844.84 Safari/537.36"
::1 - - [04/Apr/2022:09:54:11 +0000] "GET /api/products/find/undefined HTTP/1.1" 500 246 "http://localhost:3000/" "Mozilla/5.0 (Windows NT 10.0; Win64; x64) AppleWebKit/537.36 (KHTML, like Gecko) Chrome/99.0.4844.84 Safari/537.36"
::1 - - [04/Apr/2022:09:54:11 +0000] "GET /api/products/find/undefined HTTP/1.1" 500 246 "http://localhost:3000/" "Mozilla/5.0 (Windows NT 10.0; Win64; x64) AppleWebKit/537.36 (KHTML, like Gecko) Chrome/99.0.4844.84 Safari/537.36"
::1 - - [04/Apr/2022:09:54:11 +0000] "GET /api/products/find/undefined HTTP/1.1" 500 246 "http://localhost:3000/" "Mozilla/5.0 (Windows NT 10.0; Win64; x64) AppleWebKit/537.36 (KHTML, like Gecko) Chrome/99.0.4844.84 Safari/537.36"
::1 - - [04/Apr/2022:09:54:11 +0000] "GET /api/products/find/undefined HTTP/1.1" 500 246 "http://localhost:3000/" "Mozilla/5.0 (Windows NT 10.0; Win64; x64) AppleWebKit/537.36 (KHTML, like Gecko) Chrome/99.0.4844.84 Safari/537.36"
::1 - - [04/Apr/2022:09:54:11 +0000] "GET /api/products/find/undefined HTTP/1.1" 500 246 "http://localhost:3000/" "Mozilla/5.0 (Windows NT 10.0; Win64; x64) AppleWebKit/537.36 (KHTML, like Gecko) Chrome/99.0.4844.84 Safari/537.36"
::1 - - [04/Apr/2022:09:54:11 +0000] "GET /api/products/find/undefined HTTP/1.1" 500 246 "http://localhost:3000/" "Mozilla/5.0 (Windows NT 10.0; Win64; x64) AppleWebKit/537.36 (KHTML, like Gecko) Chrome/99.0.4844.84 Safari/537.36"
::1 - - [04/Apr/2022:09:54:11 +0000] "GET /api/products/find/undefined HTTP/1.1" 500 246 "http://localhost:3000/" "Mozilla/5.0 (Windows NT 10.0; Win64; x64) AppleWebKit/537.36 (KHTML, like Gecko) Chrome/99.0.4844.84 Safari/537.36"
::1 - - [04/Apr/2022:09:54:11 +0000] "GET /api/products/find/undefined HTTP/1.1" 500 246 "http://localhost:3000/" "Mozilla/5.0 (Windows NT 10.0; Win64; x64) AppleWebKit/537.36 (KHTML, like Gecko) Chrome/99.0.4844.84 Safari/537.36"
::1 - - [04/Apr/2022:09:54:11 +0000] "GET /api/products/find/undefined HTTP/1.1" 500 246 "http://localhost:3000/" "Mozilla/5.0 (Windows NT 10.0; Win64; x64) AppleWebKit/537.36 (KHTML, like Gecko) Chrome/99.0.4844.84 Safari/537.36"
::1 - - [04/Apr/2022:09:54:11 +0000] "GET /api/products/find/undefined HTTP/1.1" 500 246 "http://localhost:3000/" "Mozilla/5.0 (Windows NT 10.0; Win64; x64) AppleWebKit/537.36 (KHTML, like Gecko) Chrome/99.0.4844.84 Safari/537.36"
::1 - - [04/Apr/2022:09:54:11 +0000] "GET /api/products/find/undefined HTTP/1.1" 500 246 "http://localhost:3000/" "Mozilla/5.0 (Windows NT 10.0; Win64; x64) AppleWebKit/537.36 (KHTML, like Gecko) Chrome/99.0.4844.84 Safari/537.36"
::1 - - [04/Apr/2022:09:54:11 +0000] "GET /api/products/find/undefined HTTP/1.1" 500 246 "http://localhost:3000/" "Mozilla/5.0 (Windows NT 10.0; Win64; x64) AppleWebKit/537.36 (KHTML, like Gecko) Chrome/99.0.4844.84 Safari/537.36"
::1 - - [04/Apr/2022:09:54:11 +0000] "GET /api/products/find/undefined HTTP/1.1" 500 246 "http://localhost:3000/" "Mozilla/5.0 (Windows NT 10.0; Win64; x64) AppleWebKit/537.36 (KHTML, like Gecko) Chrome/99.0.4844.84 Safari/537.36"
::1 - - [04/Apr/2022:09:54:11 +0000] "GET /api/products/find/undefined HTTP/1.1" 500 246 "http://localhost:3000/" "Mozilla/5.0 (Windows NT 10.0; Win64; x64) AppleWebKit/537.36 (KHTML, like Gecko) Chrome/99.0.4844.84 Safari/537.36"
::1 - - [04/Apr/2022:09:54:11 +0000] "GET /api/products/find/undefined HTTP/1.1" 500 246 "http://localhost:3000/" "Mozilla/5.0 (Windows NT 10.0; Win64; x64) AppleWebKit/537.36 (KHTML, like Gecko) Chrome/99.0.4844.84 Safari/537.36"
::1 - - [04/Apr/2022:09:54:11 +0000] "GET /api/products/find/undefined HTTP/1.1" 500 246 "http://localhost:3000/" "Mozilla/5.0 (Windows NT 10.0; Win64; x64) AppleWebKit/537.36 (KHTML, like Gecko) Chrome/99.0.4844.84 Safari/537.36"
::1 - - [04/Apr/2022:09:55:39 +0000] "GET /api/products HTTP/1.1" 304 - "http://localhost:3000/" "Mozilla/5.0 (Windows NT 10.0; Win64; x64) AppleWebKit/537.36 (KHTML, like Gecko) Chrome/99.0.4844.84 Safari/537.36"
::1 - - [04/Apr/2022:09:55:39 +0000] "GET /api/products/find/undefined HTTP/1.1" 500 246 "http://localhost:3000/" "Mozilla/5.0 (Windows NT 10.0; Win64; x64) AppleWebKit/537.36 (KHTML, like Gecko) Chrome/99.0.4844.84 Safari/537.36"
::1 - - [04/Apr/2022:09:55:39 +0000] "GET /api/products/find/undefined HTTP/1.1" 500 246 "http://localhost:3000/" "Mozilla/5.0 (Windows NT 10.0; Win64; x64) AppleWebKit/537.36 (KHTML, like Gecko) Chrome/99.0.4844.84 Safari/537.36"
::1 - - [04/Apr/2022:09:55:39 +0000] "GET /api/products/find/undefined HTTP/1.1" 500 246 "http://localhost:3000/" "Mozilla/5.0 (Windows NT 10.0; Win64; x64) AppleWebKit/537.36 (KHTML, like Gecko) Chrome/99.0.4844.84 Safari/537.36"
::1 - - [04/Apr/2022:09:55:39 +0000] "GET /api/products/find/undefined HTTP/1.1" 500 246 "http://localhost:3000/" "Mozilla/5.0 (Windows NT 10.0; Win64; x64) AppleWebKit/537.36 (KHTML, like Gecko) Chrome/99.0.4844.84 Safari/537.36"
::1 - - [04/Apr/2022:09:55:39 +0000] "GET /api/products/find/undefined HTTP/1.1" 500 246 "http://localhost:3000/" "Mozilla/5.0 (Windows NT 10.0; Win64; x64) AppleWebKit/537.36 (KHTML, like Gecko) Chrome/99.0.4844.84 Safari/537.36"
::1 - - [04/Apr/2022:09:55:39 +0000] "GET /api/products/find/undefined HTTP/1.1" 500 246 "http://localhost:3000/" "Mozilla/5.0 (Windows NT 10.0; Win64; x64) AppleWebKit/537.36 (KHTML, like Gecko) Chrome/99.0.4844.84 Safari/537.36"
::1 - - [04/Apr/2022:09:55:39 +0000] "GET /api/products/find/undefined HTTP/1.1" 500 246 "http://localhost:3000/" "Mozilla/5.0 (Windows NT 10.0; Win64; x64) AppleWebKit/537.36 (KHTML, like Gecko) Chrome/99.0.4844.84 Safari/537.36"
::1 - - [04/Apr/2022:09:55:39 +0000] "GET /api/products/find/undefined HTTP/1.1" 500 246 "http://localhost:3000/" "Mozilla/5.0 (Windows NT 10.0; Win64; x64) AppleWebKit/537.36 (KHTML, like Gecko) Chrome/99.0.4844.84 Safari/537.36"
::1 - - [06/Apr/2022:08:49:23 +0000] "GET /api/products HTTP/1.1" 304 - "http://localhost:3000/" "Mozilla/5.0 (Macintosh; Intel Mac OS X 10_15_7) AppleWebKit/537.36 (KHTML, like Gecko) Chrome/99.0.4844.84 Safari/537.36"
::1 - - [06/Apr/2022:08:49:23 +0000] "GET /api/products/find/undefined HTTP/1.1" 500 246 "http://localhost:3000/" "Mozilla/5.0 (Macintosh; Intel Mac OS X 10_15_7) AppleWebKit/537.36 (KHTML, like Gecko) Chrome/99.0.4844.84 Safari/537.36"
::1 - - [06/Apr/2022:08:49:23 +0000] "GET /api/products/find/undefined HTTP/1.1" 500 246 "http://localhost:3000/" "Mozilla/5.0 (Macintosh; Intel Mac OS X 10_15_7) AppleWebKit/537.36 (KHTML, like Gecko) Chrome/99.0.4844.84 Safari/537.36"
::1 - - [06/Apr/2022:08:49:23 +0000] "GET /api/products/find/undefined HTTP/1.1" 500 246 "http://localhost:3000/" "Mozilla/5.0 (Macintosh; Intel Mac OS X 10_15_7) AppleWebKit/537.36 (KHTML, like Gecko) Chrome/99.0.4844.84 Safari/537.36"
::1 - - [06/Apr/2022:08:49:23 +0000] "GET /api/products/find/undefined HTTP/1.1" 500 246 "http://localhost:3000/" "Mozilla/5.0 (Macintosh; Intel Mac OS X 10_15_7) AppleWebKit/537.36 (KHTML, like Gecko) Chrome/99.0.4844.84 Safari/537.36"
::1 - - [06/Apr/2022:08:49:23 +0000] "GET /api/products/find/undefined HTTP/1.1" 500 246 "http://localhost:3000/" "Mozilla/5.0 (Macintosh; Intel Mac OS X 10_15_7) AppleWebKit/537.36 (KHTML, like Gecko) Chrome/99.0.4844.84 Safari/537.36"
::1 - - [06/Apr/2022:08:49:23 +0000] "GET /api/products/find/undefined HTTP/1.1" 500 246 "http://localhost:3000/" "Mozilla/5.0 (Macintosh; Intel Mac OS X 10_15_7) AppleWebKit/537.36 (KHTML, like Gecko) Chrome/99.0.4844.84 Safari/537.36"
::1 - - [06/Apr/2022:08:49:23 +0000] "GET /api/products/find/undefined HTTP/1.1" 500 246 "http://localhost:3000/" "Mozilla/5.0 (Macintosh; Intel Mac OS X 10_15_7) AppleWebKit/537.36 (KHTML, like Gecko) Chrome/99.0.4844.84 Safari/537.36"
::1 - - [06/Apr/2022:08:49:23 +0000] "GET /api/products/find/undefined HTTP/1.1" 500 246 "http://localhost:3000/" "Mozilla/5.0 (Macintosh; Intel Mac OS X 10_15_7) AppleWebKit/537.36 (KHTML, like Gecko) Chrome/99.0.4844.84 Safari/537.36"
::1 - - [06/Apr/2022:08:49:23 +0000] "GET /api/products/find/undefined HTTP/1.1" 500 246 "http://localhost:3000/" "Mozilla/5.0 (Macintosh; Intel Mac OS X 10_15_7) AppleWebKit/537.36 (KHTML, like Gecko) Chrome/99.0.4844.84 Safari/537.36"
::1 - - [06/Apr/2022:08:49:23 +0000] "GET /api/products/find/undefined HTTP/1.1" 500 246 "http://localhost:3000/" "Mozilla/5.0 (Macintosh; Intel Mac OS X 10_15_7) AppleWebKit/537.36 (KHTML, like Gecko) Chrome/99.0.4844.84 Safari/537.36"
::1 - - [06/Apr/2022:08:49:23 +0000] "GET /api/products/find/undefined HTTP/1.1" 500 246 "http://localhost:3000/" "Mozilla/5.0 (Macintosh; Intel Mac OS X 10_15_7) AppleWebKit/537.36 (KHTML, like Gecko) Chrome/99.0.4844.84 Safari/537.36"
::1 - - [06/Apr/2022:08:49:23 +0000] "GET /api/products/find/undefined HTTP/1.1" 500 246 "http://localhost:3000/" "Mozilla/5.0 (Macintosh; Intel Mac OS X 10_15_7) AppleWebKit/537.36 (KHTML, like Gecko) Chrome/99.0.4844.84 Safari/537.36"
::1 - - [06/Apr/2022:08:49:23 +0000] "GET /api/products/find/undefined HTTP/1.1" 500 246 "http://localhost:3000/" "Mozilla/5.0 (Macintosh; Intel Mac OS X 10_15_7) AppleWebKit/537.36 (KHTML, like Gecko) Chrome/99.0.4844.84 Safari/537.36"
::1 - - [06/Apr/2022:08:49:23 +0000] "GET /api/products/find/undefined HTTP/1.1" 500 246 "http://localhost:3000/" "Mozilla/5.0 (Macintosh; Intel Mac OS X 10_15_7) AppleWebKit/537.36 (KHTML, like Gecko) Chrome/99.0.4844.84 Safari/537.36"
::1 - - [06/Apr/2022:08:49:23 +0000] "GET /api/products/find/undefined HTTP/1.1" 500 246 "http://localhost:3000/" "Mozilla/5.0 (Macintosh; Intel Mac OS X 10_15_7) AppleWebKit/537.36 (KHTML, like Gecko) Chrome/99.0.4844.84 Safari/537.36"
::1 - - [06/Apr/2022:08:49:23 +0000] "GET /api/products/find/undefined HTTP/1.1" 500 246 "http://localhost:3000/" "Mozilla/5.0 (Macintosh; Intel Mac OS X 10_15_7) AppleWebKit/537.36 (KHTML, like Gecko) Chrome/99.0.4844.84 Safari/537.36"
::1 - - [06/Apr/2022:08:49:23 +0000] "GET /api/products/find/undefined HTTP/1.1" 500 246 "http://localhost:3000/" "Mozilla/5.0 (Macintosh; Intel Mac OS X 10_15_7) AppleWebKit/537.36 (KHTML, like Gecko) Chrome/99.0.4844.84 Safari/537.36"
::1 - - [06/Apr/2022:08:49:23 +0000] "GET /api/products/find/undefined HTTP/1.1" 500 246 "http://localhost:3000/" "Mozilla/5.0 (Macintosh; Intel Mac OS X 10_15_7) AppleWebKit/537.36 (KHTML, like Gecko) Chrome/99.0.4844.84 Safari/537.36"
::1 - - [06/Apr/2022:08:49:23 +0000] "GET /api/products/find/undefined HTTP/1.1" 500 246 "http://localhost:3000/" "Mozilla/5.0 (Macintosh; Intel Mac OS X 10_15_7) AppleWebKit/537.36 (KHTML, like Gecko) Chrome/99.0.4844.84 Safari/537.36"
::1 - - [06/Apr/2022:08:49:23 +0000] "GET /api/products/find/undefined HTTP/1.1" 500 246 "http://localhost:3000/" "Mozilla/5.0 (Macintosh; Intel Mac OS X 10_15_7) AppleWebKit/537.36 (KHTML, like Gecko) Chrome/99.0.4844.84 Safari/537.36"
::1 - - [06/Apr/2022:08:49:24 +0000] "GET /api/products/find/undefined HTTP/1.1" 500 246 "http://localhost:3000/" "Mozilla/5.0 (Macintosh; Intel Mac OS X 10_15_7) AppleWebKit/537.36 (KHTML, like Gecko) Chrome/99.0.4844.84 Safari/537.36"
::1 - - [06/Apr/2022:08:49:24 +0000] "GET /api/products/find/undefined HTTP/1.1" 500 246 "http://localhost:3000/" "Mozilla/5.0 (Macintosh; Intel Mac OS X 10_15_7) AppleWebKit/537.36 (KHTML, like Gecko) Chrome/99.0.4844.84 Safari/537.36"
::1 - - [06/Apr/2022:08:49:24 +0000] "GET /api/products/find/undefined HTTP/1.1" 500 246 "http://localhost:3000/" "Mozilla/5.0 (Macintosh; Intel Mac OS X 10_15_7) AppleWebKit/537.36 (KHTML, like Gecko) Chrome/99.0.4844.84 Safari/537.36"
::1 - - [06/Apr/2022:08:49:39 +0000] "GET /api/orders/income HTTP/1.1" 200 23 "http://localhost:3001/" "Mozilla/5.0 (Macintosh; Intel Mac OS X 10_15_7) AppleWebKit/537.36 (KHTML, like Gecko) Chrome/99.0.4844.84 Safari/537.36"
::1 - - [06/Apr/2022:08:49:39 +0000] "GET /api/orders?new=true HTTP/1.1" 200 5039 "http://localhost:3001/" "Mozilla/5.0 (Macintosh; Intel Mac OS X 10_15_7) AppleWebKit/537.36 (KHTML, like Gecko) Chrome/99.0.4844.84 Safari/537.36"
::1 - - [06/Apr/2022:08:49:39 +0000] "GET /api/users/?new=true HTTP/1.1" 200 1314 "http://localhost:3001/" "Mozilla/5.0 (Macintosh; Intel Mac OS X 10_15_7) AppleWebKit/537.36 (KHTML, like Gecko) Chrome/99.0.4844.84 Safari/537.36"
::1 - - [06/Apr/2022:08:49:39 +0000] "GET /api/users/stats HTTP/1.1" 200 104 "http://localhost:3001/" "Mozilla/5.0 (Macintosh; Intel Mac OS X 10_15_7) AppleWebKit/537.36 (KHTML, like Gecko) Chrome/99.0.4844.84 Safari/537.36"
::1 - - [06/Apr/2022:08:56:10 +0000] "GET /api/products HTTP/1.1" 304 - "http://localhost:3000/" "Mozilla/5.0 (Macintosh; Intel Mac OS X 10_15_7) AppleWebKit/537.36 (KHTML, like Gecko) Chrome/99.0.4844.84 Safari/537.36"
::1 - - [06/Apr/2022:08:56:10 +0000] "GET /api/products/find/undefined HTTP/1.1" 500 246 "http://localhost:3000/" "Mozilla/5.0 (Macintosh; Intel Mac OS X 10_15_7) AppleWebKit/537.36 (KHTML, like Gecko) Chrome/99.0.4844.84 Safari/537.36"
::1 - - [06/Apr/2022:08:56:10 +0000] "GET /api/products/find/undefined HTTP/1.1" 500 246 "http://localhost:3000/" "Mozilla/5.0 (Macintosh; Intel Mac OS X 10_15_7) AppleWebKit/537.36 (KHTML, like Gecko) Chrome/99.0.4844.84 Safari/537.36"
::1 - - [06/Apr/2022:08:56:11 +0000] "GET /api/products/find/undefined HTTP/1.1" 500 246 "http://localhost:3000/" "Mozilla/5.0 (Macintosh; Intel Mac OS X 10_15_7) AppleWebKit/537.36 (KHTML, like Gecko) Chrome/99.0.4844.84 Safari/537.36"
::1 - - [06/Apr/2022:08:56:11 +0000] "GET /api/products/find/undefined HTTP/1.1" 500 246 "http://localhost:3000/" "Mozilla/5.0 (Macintosh; Intel Mac OS X 10_15_7) AppleWebKit/537.36 (KHTML, like Gecko) Chrome/99.0.4844.84 Safari/537.36"
::1 - - [06/Apr/2022:08:56:11 +0000] "GET /api/products/find/undefined HTTP/1.1" 500 246 "http://localhost:3000/" "Mozilla/5.0 (Macintosh; Intel Mac OS X 10_15_7) AppleWebKit/537.36 (KHTML, like Gecko) Chrome/99.0.4844.84 Safari/537.36"
::1 - - [06/Apr/2022:08:56:11 +0000] "GET /api/products/find/undefined HTTP/1.1" 500 246 "http://localhost:3000/" "Mozilla/5.0 (Macintosh; Intel Mac OS X 10_15_7) AppleWebKit/537.36 (KHTML, like Gecko) Chrome/99.0.4844.84 Safari/537.36"
::1 - - [06/Apr/2022:08:56:11 +0000] "GET /api/products/find/undefined HTTP/1.1" 500 246 "http://localhost:3000/" "Mozilla/5.0 (Macintosh; Intel Mac OS X 10_15_7) AppleWebKit/537.36 (KHTML, like Gecko) Chrome/99.0.4844.84 Safari/537.36"
::1 - - [06/Apr/2022:08:56:11 +0000] "GET /api/products/find/undefined HTTP/1.1" 500 246 "http://localhost:3000/" "Mozilla/5.0 (Macintosh; Intel Mac OS X 10_15_7) AppleWebKit/537.36 (KHTML, like Gecko) Chrome/99.0.4844.84 Safari/537.36"
::1 - - [06/Apr/2022:08:56:11 +0000] "GET /api/products/find/undefined HTTP/1.1" 500 246 "http://localhost:3000/" "Mozilla/5.0 (Macintosh; Intel Mac OS X 10_15_7) AppleWebKit/537.36 (KHTML, like Gecko) Chrome/99.0.4844.84 Safari/537.36"
::1 - - [06/Apr/2022:08:56:11 +0000] "GET /api/products/find/undefined HTTP/1.1" 500 246 "http://localhost:3000/" "Mozilla/5.0 (Macintosh; Intel Mac OS X 10_15_7) AppleWebKit/537.36 (KHTML, like Gecko) Chrome/99.0.4844.84 Safari/537.36"
::1 - - [06/Apr/2022:08:56:11 +0000] "GET /api/products/find/undefined HTTP/1.1" 500 246 "http://localhost:3000/" "Mozilla/5.0 (Macintosh; Intel Mac OS X 10_15_7) AppleWebKit/537.36 (KHTML, like Gecko) Chrome/99.0.4844.84 Safari/537.36"
::1 - - [06/Apr/2022:08:56:11 +0000] "GET /api/products/find/undefined HTTP/1.1" 500 246 "http://localhost:3000/" "Mozilla/5.0 (Macintosh; Intel Mac OS X 10_15_7) AppleWebKit/537.36 (KHTML, like Gecko) Chrome/99.0.4844.84 Safari/537.36"
::1 - - [06/Apr/2022:08:56:11 +0000] "GET /api/products/find/undefined HTTP/1.1" 500 246 "http://localhost:3000/" "Mozilla/5.0 (Macintosh; Intel Mac OS X 10_15_7) AppleWebKit/537.36 (KHTML, like Gecko) Chrome/99.0.4844.84 Safari/537.36"
::1 - - [06/Apr/2022:08:56:11 +0000] "GET /api/products/find/undefined HTTP/1.1" 500 246 "http://localhost:3000/" "Mozilla/5.0 (Macintosh; Intel Mac OS X 10_15_7) AppleWebKit/537.36 (KHTML, like Gecko) Chrome/99.0.4844.84 Safari/537.36"
::1 - - [06/Apr/2022:08:56:11 +0000] "GET /api/products/find/undefined HTTP/1.1" 500 246 "http://localhost:3000/" "Mozilla/5.0 (Macintosh; Intel Mac OS X 10_15_7) AppleWebKit/537.36 (KHTML, like Gecko) Chrome/99.0.4844.84 Safari/537.36"
::1 - - [06/Apr/2022:08:56:11 +0000] "GET /api/products/find/undefined HTTP/1.1" 500 246 "http://localhost:3000/" "Mozilla/5.0 (Macintosh; Intel Mac OS X 10_15_7) AppleWebKit/537.36 (KHTML, like Gecko) Chrome/99.0.4844.84 Safari/537.36"
::1 - - [06/Apr/2022:08:56:11 +0000] "GET /api/products/find/undefined HTTP/1.1" 500 246 "http://localhost:3000/" "Mozilla/5.0 (Macintosh; Intel Mac OS X 10_15_7) AppleWebKit/537.36 (KHTML, like Gecko) Chrome/99.0.4844.84 Safari/537.36"
::1 - - [06/Apr/2022:08:56:11 +0000] "GET /api/products/find/undefined HTTP/1.1" 500 246 "http://localhost:3000/" "Mozilla/5.0 (Macintosh; Intel Mac OS X 10_15_7) AppleWebKit/537.36 (KHTML, like Gecko) Chrome/99.0.4844.84 Safari/537.36"
::1 - - [06/Apr/2022:08:56:11 +0000] "GET /api/products/find/undefined HTTP/1.1" 500 246 "http://localhost:3000/" "Mozilla/5.0 (Macintosh; Intel Mac OS X 10_15_7) AppleWebKit/537.36 (KHTML, like Gecko) Chrome/99.0.4844.84 Safari/537.36"
::1 - - [06/Apr/2022:08:56:11 +0000] "GET /api/products/find/undefined HTTP/1.1" 500 246 "http://localhost:3000/" "Mozilla/5.0 (Macintosh; Intel Mac OS X 10_15_7) AppleWebKit/537.36 (KHTML, like Gecko) Chrome/99.0.4844.84 Safari/537.36"
::1 - - [06/Apr/2022:08:56:11 +0000] "GET /api/products/find/undefined HTTP/1.1" 500 246 "http://localhost:3000/" "Mozilla/5.0 (Macintosh; Intel Mac OS X 10_15_7) AppleWebKit/537.36 (KHTML, like Gecko) Chrome/99.0.4844.84 Safari/537.36"
::1 - - [06/Apr/2022:08:56:11 +0000] "GET /api/products/find/undefined HTTP/1.1" 500 246 "http://localhost:3000/" "Mozilla/5.0 (Macintosh; Intel Mac OS X 10_15_7) AppleWebKit/537.36 (KHTML, like Gecko) Chrome/99.0.4844.84 Safari/537.36"
::1 - - [06/Apr/2022:08:56:11 +0000] "GET /api/products/find/undefined HTTP/1.1" 500 246 "http://localhost:3000/" "Mozilla/5.0 (Macintosh; Intel Mac OS X 10_15_7) AppleWebKit/537.36 (KHTML, like Gecko) Chrome/99.0.4844.84 Safari/537.36"
::1 - - [06/Apr/2022:08:56:14 +0000] "GET /api/products/find/61b1e1c3de5b32583107653d HTTP/1.1" 304 - "http://localhost:3000/" "Mozilla/5.0 (Macintosh; Intel Mac OS X 10_15_7) AppleWebKit/537.36 (KHTML, like Gecko) Chrome/99.0.4844.84 Safari/537.36"
::1 - - [06/Apr/2022:08:58:04 +0000] "GET /api/products HTTP/1.1" 200 21917 "http://localhost:3000/" "Mozilla/5.0 (Macintosh; Intel Mac OS X 10_15_7) AppleWebKit/537.36 (KHTML, like Gecko) Chrome/99.0.4844.84 Safari/537.36"
::1 - - [06/Apr/2022:08:58:04 +0000] "GET /api/products/find/undefined HTTP/1.1" 500 246 "http://localhost:3000/" "Mozilla/5.0 (Macintosh; Intel Mac OS X 10_15_7) AppleWebKit/537.36 (KHTML, like Gecko) Chrome/99.0.4844.84 Safari/537.36"
::1 - - [06/Apr/2022:08:58:04 +0000] "GET /api/products/find/undefined HTTP/1.1" 500 246 "http://localhost:3000/" "Mozilla/5.0 (Macintosh; Intel Mac OS X 10_15_7) AppleWebKit/537.36 (KHTML, like Gecko) Chrome/99.0.4844.84 Safari/537.36"
::1 - - [06/Apr/2022:08:58:04 +0000] "GET /api/products/find/undefined HTTP/1.1" 500 246 "http://localhost:3000/" "Mozilla/5.0 (Macintosh; Intel Mac OS X 10_15_7) AppleWebKit/537.36 (KHTML, like Gecko) Chrome/99.0.4844.84 Safari/537.36"
::1 - - [06/Apr/2022:08:58:04 +0000] "GET /api/products/find/undefined HTTP/1.1" 500 246 "http://localhost:3000/" "Mozilla/5.0 (Macintosh; Intel Mac OS X 10_15_7) AppleWebKit/537.36 (KHTML, like Gecko) Chrome/99.0.4844.84 Safari/537.36"
::1 - - [06/Apr/2022:08:58:04 +0000] "GET /api/products/find/undefined HTTP/1.1" 500 246 "http://localhost:3000/" "Mozilla/5.0 (Macintosh; Intel Mac OS X 10_15_7) AppleWebKit/537.36 (KHTML, like Gecko) Chrome/99.0.4844.84 Safari/537.36"
::1 - - [06/Apr/2022:08:58:04 +0000] "GET /api/products/find/undefined HTTP/1.1" 500 246 "http://localhost:3000/" "Mozilla/5.0 (Macintosh; Intel Mac OS X 10_15_7) AppleWebKit/537.36 (KHTML, like Gecko) Chrome/99.0.4844.84 Safari/537.36"
::1 - - [06/Apr/2022:08:58:04 +0000] "GET /api/products/find/undefined HTTP/1.1" 500 246 "http://localhost:3000/" "Mozilla/5.0 (Macintosh; Intel Mac OS X 10_15_7) AppleWebKit/537.36 (KHTML, like Gecko) Chrome/99.0.4844.84 Safari/537.36"
::1 - - [06/Apr/2022:08:58:04 +0000] "GET /api/products/find/undefined HTTP/1.1" 500 246 "http://localhost:3000/" "Mozilla/5.0 (Macintosh; Intel Mac OS X 10_15_7) AppleWebKit/537.36 (KHTML, like Gecko) Chrome/99.0.4844.84 Safari/537.36"
::1 - - [06/Apr/2022:08:58:04 +0000] "GET /api/products/find/undefined HTTP/1.1" 500 246 "http://localhost:3000/" "Mozilla/5.0 (Macintosh; Intel Mac OS X 10_15_7) AppleWebKit/537.36 (KHTML, like Gecko) Chrome/99.0.4844.84 Safari/537.36"
::1 - - [06/Apr/2022:08:58:04 +0000] "GET /api/products/find/undefined HTTP/1.1" 500 246 "http://localhost:3000/" "Mozilla/5.0 (Macintosh; Intel Mac OS X 10_15_7) AppleWebKit/537.36 (KHTML, like Gecko) Chrome/99.0.4844.84 Safari/537.36"
::1 - - [06/Apr/2022:08:58:04 +0000] "GET /api/products/find/undefined HTTP/1.1" 500 246 "http://localhost:3000/" "Mozilla/5.0 (Macintosh; Intel Mac OS X 10_15_7) AppleWebKit/537.36 (KHTML, like Gecko) Chrome/99.0.4844.84 Safari/537.36"
::1 - - [06/Apr/2022:08:58:04 +0000] "GET /api/products/find/undefined HTTP/1.1" 500 246 "http://localhost:3000/" "Mozilla/5.0 (Macintosh; Intel Mac OS X 10_15_7) AppleWebKit/537.36 (KHTML, like Gecko) Chrome/99.0.4844.84 Safari/537.36"
::1 - - [06/Apr/2022:08:58:04 +0000] "GET /api/products/find/undefined HTTP/1.1" 500 246 "http://localhost:3000/" "Mozilla/5.0 (Macintosh; Intel Mac OS X 10_15_7) AppleWebKit/537.36 (KHTML, like Gecko) Chrome/99.0.4844.84 Safari/537.36"
::1 - - [06/Apr/2022:08:58:04 +0000] "GET /api/products/find/undefined HTTP/1.1" 500 246 "http://localhost:3000/" "Mozilla/5.0 (Macintosh; Intel Mac OS X 10_15_7) AppleWebKit/537.36 (KHTML, like Gecko) Chrome/99.0.4844.84 Safari/537.36"
::1 - - [06/Apr/2022:08:58:04 +0000] "GET /api/products/find/undefined HTTP/1.1" 500 246 "http://localhost:3000/" "Mozilla/5.0 (Macintosh; Intel Mac OS X 10_15_7) AppleWebKit/537.36 (KHTML, like Gecko) Chrome/99.0.4844.84 Safari/537.36"
::1 - - [06/Apr/2022:08:58:04 +0000] "GET /api/products/find/undefined HTTP/1.1" 500 246 "http://localhost:3000/" "Mozilla/5.0 (Macintosh; Intel Mac OS X 10_15_7) AppleWebKit/537.36 (KHTML, like Gecko) Chrome/99.0.4844.84 Safari/537.36"
::1 - - [06/Apr/2022:08:58:04 +0000] "GET /api/products/find/undefined HTTP/1.1" 500 246 "http://localhost:3000/" "Mozilla/5.0 (Macintosh; Intel Mac OS X 10_15_7) AppleWebKit/537.36 (KHTML, like Gecko) Chrome/99.0.4844.84 Safari/537.36"
::1 - - [06/Apr/2022:08:58:04 +0000] "GET /api/products/find/undefined HTTP/1.1" 500 246 "http://localhost:3000/" "Mozilla/5.0 (Macintosh; Intel Mac OS X 10_15_7) AppleWebKit/537.36 (KHTML, like Gecko) Chrome/99.0.4844.84 Safari/537.36"
::1 - - [06/Apr/2022:08:58:04 +0000] "GET /api/products/find/undefined HTTP/1.1" 500 246 "http://localhost:3000/" "Mozilla/5.0 (Macintosh; Intel Mac OS X 10_15_7) AppleWebKit/537.36 (KHTML, like Gecko) Chrome/99.0.4844.84 Safari/537.36"
::1 - - [06/Apr/2022:08:58:04 +0000] "GET /api/products/find/undefined HTTP/1.1" 500 246 "http://localhost:3000/" "Mozilla/5.0 (Macintosh; Intel Mac OS X 10_15_7) AppleWebKit/537.36 (KHTML, like Gecko) Chrome/99.0.4844.84 Safari/537.36"
::1 - - [06/Apr/2022:08:58:04 +0000] "GET /api/products/find/undefined HTTP/1.1" 500 246 "http://localhost:3000/" "Mozilla/5.0 (Macintosh; Intel Mac OS X 10_15_7) AppleWebKit/537.36 (KHTML, like Gecko) Chrome/99.0.4844.84 Safari/537.36"
::1 - - [06/Apr/2022:08:58:04 +0000] "GET /api/products/find/undefined HTTP/1.1" 500 246 "http://localhost:3000/" "Mozilla/5.0 (Macintosh; Intel Mac OS X 10_15_7) AppleWebKit/537.36 (KHTML, like Gecko) Chrome/99.0.4844.84 Safari/537.36"
::1 - - [06/Apr/2022:08:58:04 +0000] "GET /api/products/find/undefined HTTP/1.1" 500 246 "http://localhost:3000/" "Mozilla/5.0 (Macintosh; Intel Mac OS X 10_15_7) AppleWebKit/537.36 (KHTML, like Gecko) Chrome/99.0.4844.84 Safari/537.36"
::1 - - [06/Apr/2022:08:59:12 +0000] "POST /api/auth/login HTTP/1.1" 200 516 "http://localhost:3000/" "Mozilla/5.0 (Macintosh; Intel Mac OS X 10_15_7) AppleWebKit/537.36 (KHTML, like Gecko) Chrome/99.0.4844.84 Safari/537.36"
::1 - - [06/Apr/2022:08:59:12 +0000] "GET /api/products HTTP/1.1" 304 - "http://localhost:3000/" "Mozilla/5.0 (Macintosh; Intel Mac OS X 10_15_7) AppleWebKit/537.36 (KHTML, like Gecko) Chrome/99.0.4844.84 Safari/537.36"
::1 - - [06/Apr/2022:08:59:12 +0000] "GET /api/products/find/undefined HTTP/1.1" 500 246 "http://localhost:3000/" "Mozilla/5.0 (Macintosh; Intel Mac OS X 10_15_7) AppleWebKit/537.36 (KHTML, like Gecko) Chrome/99.0.4844.84 Safari/537.36"
::1 - - [06/Apr/2022:08:59:12 +0000] "GET /api/products/find/undefined HTTP/1.1" 500 246 "http://localhost:3000/" "Mozilla/5.0 (Macintosh; Intel Mac OS X 10_15_7) AppleWebKit/537.36 (KHTML, like Gecko) Chrome/99.0.4844.84 Safari/537.36"
::1 - - [06/Apr/2022:08:59:12 +0000] "GET /api/products/find/undefined HTTP/1.1" 500 246 "http://localhost:3000/" "Mozilla/5.0 (Macintosh; Intel Mac OS X 10_15_7) AppleWebKit/537.36 (KHTML, like Gecko) Chrome/99.0.4844.84 Safari/537.36"
::1 - - [06/Apr/2022:08:59:12 +0000] "GET /api/products/find/undefined HTTP/1.1" 500 246 "http://localhost:3000/" "Mozilla/5.0 (Macintosh; Intel Mac OS X 10_15_7) AppleWebKit/537.36 (KHTML, like Gecko) Chrome/99.0.4844.84 Safari/537.36"
::1 - - [06/Apr/2022:08:59:12 +0000] "GET /api/products/find/undefined HTTP/1.1" 500 246 "http://localhost:3000/" "Mozilla/5.0 (Macintosh; Intel Mac OS X 10_15_7) AppleWebKit/537.36 (KHTML, like Gecko) Chrome/99.0.4844.84 Safari/537.36"
::1 - - [06/Apr/2022:08:59:12 +0000] "GET /api/products/find/undefined HTTP/1.1" 500 246 "http://localhost:3000/" "Mozilla/5.0 (Macintosh; Intel Mac OS X 10_15_7) AppleWebKit/537.36 (KHTML, like Gecko) Chrome/99.0.4844.84 Safari/537.36"
::1 - - [06/Apr/2022:08:59:12 +0000] "GET /api/products/find/undefined HTTP/1.1" 500 246 "http://localhost:3000/" "Mozilla/5.0 (Macintosh; Intel Mac OS X 10_15_7) AppleWebKit/537.36 (KHTML, like Gecko) Chrome/99.0.4844.84 Safari/537.36"
::1 - - [06/Apr/2022:08:59:12 +0000] "GET /api/products/find/undefined HTTP/1.1" 500 246 "http://localhost:3000/" "Mozilla/5.0 (Macintosh; Intel Mac OS X 10_15_7) AppleWebKit/537.36 (KHTML, like Gecko) Chrome/99.0.4844.84 Safari/537.36"
::1 - - [06/Apr/2022:08:59:12 +0000] "GET /api/products/find/undefined HTTP/1.1" 500 246 "http://localhost:3000/" "Mozilla/5.0 (Macintosh; Intel Mac OS X 10_15_7) AppleWebKit/537.36 (KHTML, like Gecko) Chrome/99.0.4844.84 Safari/537.36"
::1 - - [06/Apr/2022:08:59:12 +0000] "GET /api/products/find/undefined HTTP/1.1" 500 246 "http://localhost:3000/" "Mozilla/5.0 (Macintosh; Intel Mac OS X 10_15_7) AppleWebKit/537.36 (KHTML, like Gecko) Chrome/99.0.4844.84 Safari/537.36"
::1 - - [06/Apr/2022:08:59:12 +0000] "GET /api/products/find/undefined HTTP/1.1" 500 246 "http://localhost:3000/" "Mozilla/5.0 (Macintosh; Intel Mac OS X 10_15_7) AppleWebKit/537.36 (KHTML, like Gecko) Chrome/99.0.4844.84 Safari/537.36"
::1 - - [06/Apr/2022:08:59:12 +0000] "GET /api/products/find/undefined HTTP/1.1" 500 246 "http://localhost:3000/" "Mozilla/5.0 (Macintosh; Intel Mac OS X 10_15_7) AppleWebKit/537.36 (KHTML, like Gecko) Chrome/99.0.4844.84 Safari/537.36"
::1 - - [06/Apr/2022:08:59:12 +0000] "GET /api/products/find/undefined HTTP/1.1" 500 246 "http://localhost:3000/" "Mozilla/5.0 (Macintosh; Intel Mac OS X 10_15_7) AppleWebKit/537.36 (KHTML, like Gecko) Chrome/99.0.4844.84 Safari/537.36"
::1 - - [06/Apr/2022:08:59:12 +0000] "GET /api/products/find/undefined HTTP/1.1" 500 246 "http://localhost:3000/" "Mozilla/5.0 (Macintosh; Intel Mac OS X 10_15_7) AppleWebKit/537.36 (KHTML, like Gecko) Chrome/99.0.4844.84 Safari/537.36"
::1 - - [06/Apr/2022:08:59:12 +0000] "GET /api/products/find/undefined HTTP/1.1" 500 246 "http://localhost:3000/" "Mozilla/5.0 (Macintosh; Intel Mac OS X 10_15_7) AppleWebKit/537.36 (KHTML, like Gecko) Chrome/99.0.4844.84 Safari/537.36"
::1 - - [06/Apr/2022:08:59:12 +0000] "GET /api/products/find/undefined HTTP/1.1" 500 246 "http://localhost:3000/" "Mozilla/5.0 (Macintosh; Intel Mac OS X 10_15_7) AppleWebKit/537.36 (KHTML, like Gecko) Chrome/99.0.4844.84 Safari/537.36"
::1 - - [06/Apr/2022:08:59:12 +0000] "GET /api/products/find/undefined HTTP/1.1" 500 246 "http://localhost:3000/" "Mozilla/5.0 (Macintosh; Intel Mac OS X 10_15_7) AppleWebKit/537.36 (KHTML, like Gecko) Chrome/99.0.4844.84 Safari/537.36"
::1 - - [06/Apr/2022:08:59:12 +0000] "GET /api/products/find/undefined HTTP/1.1" 500 246 "http://localhost:3000/" "Mozilla/5.0 (Macintosh; Intel Mac OS X 10_15_7) AppleWebKit/537.36 (KHTML, like Gecko) Chrome/99.0.4844.84 Safari/537.36"
::1 - - [06/Apr/2022:08:59:12 +0000] "GET /api/products/find/undefined HTTP/1.1" 500 246 "http://localhost:3000/" "Mozilla/5.0 (Macintosh; Intel Mac OS X 10_15_7) AppleWebKit/537.36 (KHTML, like Gecko) Chrome/99.0.4844.84 Safari/537.36"
::1 - - [06/Apr/2022:08:59:12 +0000] "GET /api/products/find/undefined HTTP/1.1" 500 246 "http://localhost:3000/" "Mozilla/5.0 (Macintosh; Intel Mac OS X 10_15_7) AppleWebKit/537.36 (KHTML, like Gecko) Chrome/99.0.4844.84 Safari/537.36"
::1 - - [06/Apr/2022:08:59:12 +0000] "GET /api/products/find/undefined HTTP/1.1" 500 246 "http://localhost:3000/" "Mozilla/5.0 (Macintosh; Intel Mac OS X 10_15_7) AppleWebKit/537.36 (KHTML, like Gecko) Chrome/99.0.4844.84 Safari/537.36"
::1 - - [06/Apr/2022:08:59:12 +0000] "GET /api/products/find/undefined HTTP/1.1" 500 246 "http://localhost:3000/" "Mozilla/5.0 (Macintosh; Intel Mac OS X 10_15_7) AppleWebKit/537.36 (KHTML, like Gecko) Chrome/99.0.4844.84 Safari/537.36"
::1 - - [06/Apr/2022:08:59:12 +0000] "GET /api/products/find/undefined HTTP/1.1" 500 246 "http://localhost:3000/" "Mozilla/5.0 (Macintosh; Intel Mac OS X 10_15_7) AppleWebKit/537.36 (KHTML, like Gecko) Chrome/99.0.4844.84 Safari/537.36"
::1 - - [06/Apr/2022:08:59:20 +0000] "GET /api/users/find/61924f3864a836a2be1bafe3 HTTP/1.1" 200 308 "http://localhost:3000/" "Mozilla/5.0 (Macintosh; Intel Mac OS X 10_15_7) AppleWebKit/537.36 (KHTML, like Gecko) Chrome/99.0.4844.84 Safari/537.36"
::1 - - [06/Apr/2022:08:59:22 +0000] "GET /api/products HTTP/1.1" 304 - "http://localhost:3000/" "Mozilla/5.0 (Macintosh; Intel Mac OS X 10_15_7) AppleWebKit/537.36 (KHTML, like Gecko) Chrome/99.0.4844.84 Safari/537.36"
::1 - - [06/Apr/2022:08:59:22 +0000] "GET /api/products/find/undefined HTTP/1.1" 500 246 "http://localhost:3000/" "Mozilla/5.0 (Macintosh; Intel Mac OS X 10_15_7) AppleWebKit/537.36 (KHTML, like Gecko) Chrome/99.0.4844.84 Safari/537.36"
::1 - - [06/Apr/2022:08:59:22 +0000] "GET /api/products/find/undefined HTTP/1.1" 500 246 "http://localhost:3000/" "Mozilla/5.0 (Macintosh; Intel Mac OS X 10_15_7) AppleWebKit/537.36 (KHTML, like Gecko) Chrome/99.0.4844.84 Safari/537.36"
::1 - - [06/Apr/2022:08:59:22 +0000] "GET /api/products/find/undefined HTTP/1.1" 500 246 "http://localhost:3000/" "Mozilla/5.0 (Macintosh; Intel Mac OS X 10_15_7) AppleWebKit/537.36 (KHTML, like Gecko) Chrome/99.0.4844.84 Safari/537.36"
::1 - - [06/Apr/2022:08:59:22 +0000] "GET /api/products/find/undefined HTTP/1.1" 500 246 "http://localhost:3000/" "Mozilla/5.0 (Macintosh; Intel Mac OS X 10_15_7) AppleWebKit/537.36 (KHTML, like Gecko) Chrome/99.0.4844.84 Safari/537.36"
::1 - - [06/Apr/2022:08:59:22 +0000] "GET /api/products/find/undefined HTTP/1.1" 500 246 "http://localhost:3000/" "Mozilla/5.0 (Macintosh; Intel Mac OS X 10_15_7) AppleWebKit/537.36 (KHTML, like Gecko) Chrome/99.0.4844.84 Safari/537.36"
::1 - - [06/Apr/2022:08:59:22 +0000] "GET /api/products/find/undefined HTTP/1.1" 500 246 "http://localhost:3000/" "Mozilla/5.0 (Macintosh; Intel Mac OS X 10_15_7) AppleWebKit/537.36 (KHTML, like Gecko) Chrome/99.0.4844.84 Safari/537.36"
::1 - - [06/Apr/2022:08:59:22 +0000] "GET /api/products/find/undefined HTTP/1.1" 500 246 "http://localhost:3000/" "Mozilla/5.0 (Macintosh; Intel Mac OS X 10_15_7) AppleWebKit/537.36 (KHTML, like Gecko) Chrome/99.0.4844.84 Safari/537.36"
::1 - - [06/Apr/2022:08:59:22 +0000] "GET /api/products/find/undefined HTTP/1.1" 500 246 "http://localhost:3000/" "Mozilla/5.0 (Macintosh; Intel Mac OS X 10_15_7) AppleWebKit/537.36 (KHTML, like Gecko) Chrome/99.0.4844.84 Safari/537.36"
::1 - - [06/Apr/2022:08:59:25 +0000] "GET /api/products/find/61b39740e9d47d2d634c5fc7 HTTP/1.1" 200 745 "http://localhost:3000/" "Mozilla/5.0 (Macintosh; Intel Mac OS X 10_15_7) AppleWebKit/537.36 (KHTML, like Gecko) Chrome/99.0.4844.84 Safari/537.36"
::1 - - [06/Apr/2022:08:59:34 +0000] "GET /api/products HTTP/1.1" 304 - "http://localhost:3000/" "Mozilla/5.0 (Macintosh; Intel Mac OS X 10_15_7) AppleWebKit/537.36 (KHTML, like Gecko) Chrome/99.0.4844.84 Safari/537.36"
::1 - - [06/Apr/2022:08:59:34 +0000] "GET /api/products/find/undefined HTTP/1.1" 500 246 "http://localhost:3000/" "Mozilla/5.0 (Macintosh; Intel Mac OS X 10_15_7) AppleWebKit/537.36 (KHTML, like Gecko) Chrome/99.0.4844.84 Safari/537.36"
::1 - - [06/Apr/2022:08:59:34 +0000] "GET /api/products/find/undefined HTTP/1.1" 500 246 "http://localhost:3000/" "Mozilla/5.0 (Macintosh; Intel Mac OS X 10_15_7) AppleWebKit/537.36 (KHTML, like Gecko) Chrome/99.0.4844.84 Safari/537.36"
::1 - - [06/Apr/2022:08:59:34 +0000] "GET /api/products/find/undefined HTTP/1.1" 500 246 "http://localhost:3000/" "Mozilla/5.0 (Macintosh; Intel Mac OS X 10_15_7) AppleWebKit/537.36 (KHTML, like Gecko) Chrome/99.0.4844.84 Safari/537.36"
::1 - - [06/Apr/2022:08:59:34 +0000] "GET /api/products/find/undefined HTTP/1.1" 500 246 "http://localhost:3000/" "Mozilla/5.0 (Macintosh; Intel Mac OS X 10_15_7) AppleWebKit/537.36 (KHTML, like Gecko) Chrome/99.0.4844.84 Safari/537.36"
::1 - - [06/Apr/2022:08:59:34 +0000] "GET /api/products/find/undefined HTTP/1.1" 500 246 "http://localhost:3000/" "Mozilla/5.0 (Macintosh; Intel Mac OS X 10_15_7) AppleWebKit/537.36 (KHTML, like Gecko) Chrome/99.0.4844.84 Safari/537.36"
::1 - - [06/Apr/2022:08:59:34 +0000] "GET /api/products/find/undefined HTTP/1.1" 500 246 "http://localhost:3000/" "Mozilla/5.0 (Macintosh; Intel Mac OS X 10_15_7) AppleWebKit/537.36 (KHTML, like Gecko) Chrome/99.0.4844.84 Safari/537.36"
::1 - - [06/Apr/2022:08:59:34 +0000] "GET /api/products/find/undefined HTTP/1.1" 500 246 "http://localhost:3000/" "Mozilla/5.0 (Macintosh; Intel Mac OS X 10_15_7) AppleWebKit/537.36 (KHTML, like Gecko) Chrome/99.0.4844.84 Safari/537.36"
::1 - - [06/Apr/2022:08:59:34 +0000] "GET /api/products/find/undefined HTTP/1.1" 500 246 "http://localhost:3000/" "Mozilla/5.0 (Macintosh; Intel Mac OS X 10_15_7) AppleWebKit/537.36 (KHTML, like Gecko) Chrome/99.0.4844.84 Safari/537.36"
::1 - - [06/Apr/2022:08:59:36 +0000] "GET /api/products/find/61b1e1c3de5b32583107653d HTTP/1.1" 200 1116 "http://localhost:3000/" "Mozilla/5.0 (Macintosh; Intel Mac OS X 10_15_7) AppleWebKit/537.36 (KHTML, like Gecko) Chrome/99.0.4844.84 Safari/537.36"
::1 - - [06/Apr/2022:08:59:40 +0000] "GET /api/products HTTP/1.1" 304 - "http://localhost:3000/" "Mozilla/5.0 (Macintosh; Intel Mac OS X 10_15_7) AppleWebKit/537.36 (KHTML, like Gecko) Chrome/99.0.4844.84 Safari/537.36"
::1 - - [06/Apr/2022:08:59:40 +0000] "GET /api/products/find/undefined HTTP/1.1" 500 246 "http://localhost:3000/" "Mozilla/5.0 (Macintosh; Intel Mac OS X 10_15_7) AppleWebKit/537.36 (KHTML, like Gecko) Chrome/99.0.4844.84 Safari/537.36"
::1 - - [06/Apr/2022:08:59:40 +0000] "GET /api/products/find/undefined HTTP/1.1" 500 246 "http://localhost:3000/" "Mozilla/5.0 (Macintosh; Intel Mac OS X 10_15_7) AppleWebKit/537.36 (KHTML, like Gecko) Chrome/99.0.4844.84 Safari/537.36"
::1 - - [06/Apr/2022:08:59:40 +0000] "GET /api/products/find/undefined HTTP/1.1" 500 246 "http://localhost:3000/" "Mozilla/5.0 (Macintosh; Intel Mac OS X 10_15_7) AppleWebKit/537.36 (KHTML, like Gecko) Chrome/99.0.4844.84 Safari/537.36"
::1 - - [06/Apr/2022:08:59:40 +0000] "GET /api/products/find/undefined HTTP/1.1" 500 246 "http://localhost:3000/" "Mozilla/5.0 (Macintosh; Intel Mac OS X 10_15_7) AppleWebKit/537.36 (KHTML, like Gecko) Chrome/99.0.4844.84 Safari/537.36"
::1 - - [06/Apr/2022:08:59:40 +0000] "GET /api/products/find/undefined HTTP/1.1" 500 246 "http://localhost:3000/" "Mozilla/5.0 (Macintosh; Intel Mac OS X 10_15_7) AppleWebKit/537.36 (KHTML, like Gecko) Chrome/99.0.4844.84 Safari/537.36"
::1 - - [06/Apr/2022:08:59:40 +0000] "GET /api/products/find/undefined HTTP/1.1" 500 246 "http://localhost:3000/" "Mozilla/5.0 (Macintosh; Intel Mac OS X 10_15_7) AppleWebKit/537.36 (KHTML, like Gecko) Chrome/99.0.4844.84 Safari/537.36"
::1 - - [06/Apr/2022:08:59:40 +0000] "GET /api/products/find/undefined HTTP/1.1" 500 246 "http://localhost:3000/" "Mozilla/5.0 (Macintosh; Intel Mac OS X 10_15_7) AppleWebKit/537.36 (KHTML, like Gecko) Chrome/99.0.4844.84 Safari/537.36"
::1 - - [06/Apr/2022:08:59:40 +0000] "GET /api/products/find/undefined HTTP/1.1" 500 246 "http://localhost:3000/" "Mozilla/5.0 (Macintosh; Intel Mac OS X 10_15_7) AppleWebKit/537.36 (KHTML, like Gecko) Chrome/99.0.4844.84 Safari/537.36"
::1 - - [06/Apr/2022:08:59:40 +0000] "GET /api/products/find/undefined HTTP/1.1" 500 246 "http://localhost:3000/" "Mozilla/5.0 (Macintosh; Intel Mac OS X 10_15_7) AppleWebKit/537.36 (KHTML, like Gecko) Chrome/99.0.4844.84 Safari/537.36"
::1 - - [06/Apr/2022:08:59:40 +0000] "GET /api/products/find/undefined HTTP/1.1" 500 246 "http://localhost:3000/" "Mozilla/5.0 (Macintosh; Intel Mac OS X 10_15_7) AppleWebKit/537.36 (KHTML, like Gecko) Chrome/99.0.4844.84 Safari/537.36"
::1 - - [06/Apr/2022:08:59:40 +0000] "GET /api/products/find/undefined HTTP/1.1" 500 246 "http://localhost:3000/" "Mozilla/5.0 (Macintosh; Intel Mac OS X 10_15_7) AppleWebKit/537.36 (KHTML, like Gecko) Chrome/99.0.4844.84 Safari/537.36"
::1 - - [06/Apr/2022:08:59:40 +0000] "GET /api/products/find/undefined HTTP/1.1" 500 246 "http://localhost:3000/" "Mozilla/5.0 (Macintosh; Intel Mac OS X 10_15_7) AppleWebKit/537.36 (KHTML, like Gecko) Chrome/99.0.4844.84 Safari/537.36"
::1 - - [06/Apr/2022:08:59:40 +0000] "GET /api/products/find/undefined HTTP/1.1" 500 246 "http://localhost:3000/" "Mozilla/5.0 (Macintosh; Intel Mac OS X 10_15_7) AppleWebKit/537.36 (KHTML, like Gecko) Chrome/99.0.4844.84 Safari/537.36"
::1 - - [06/Apr/2022:08:59:40 +0000] "GET /api/products/find/undefined HTTP/1.1" 500 246 "http://localhost:3000/" "Mozilla/5.0 (Macintosh; Intel Mac OS X 10_15_7) AppleWebKit/537.36 (KHTML, like Gecko) Chrome/99.0.4844.84 Safari/537.36"
::1 - - [06/Apr/2022:08:59:40 +0000] "GET /api/products/find/undefined HTTP/1.1" 500 246 "http://localhost:3000/" "Mozilla/5.0 (Macintosh; Intel Mac OS X 10_15_7) AppleWebKit/537.36 (KHTML, like Gecko) Chrome/99.0.4844.84 Safari/537.36"
::1 - - [06/Apr/2022:08:59:40 +0000] "GET /api/products/find/undefined HTTP/1.1" 500 246 "http://localhost:3000/" "Mozilla/5.0 (Macintosh; Intel Mac OS X 10_15_7) AppleWebKit/537.36 (KHTML, like Gecko) Chrome/99.0.4844.84 Safari/537.36"
::1 - - [06/Apr/2022:08:59:41 +0000] "GET /api/products/find/undefined HTTP/1.1" 500 246 "http://localhost:3000/" "Mozilla/5.0 (Macintosh; Intel Mac OS X 10_15_7) AppleWebKit/537.36 (KHTML, like Gecko) Chrome/99.0.4844.84 Safari/537.36"
::1 - - [06/Apr/2022:08:59:41 +0000] "GET /api/products/find/undefined HTTP/1.1" 500 246 "http://localhost:3000/" "Mozilla/5.0 (Macintosh; Intel Mac OS X 10_15_7) AppleWebKit/537.36 (KHTML, like Gecko) Chrome/99.0.4844.84 Safari/537.36"
::1 - - [06/Apr/2022:08:59:41 +0000] "GET /api/products/find/undefined HTTP/1.1" 500 246 "http://localhost:3000/" "Mozilla/5.0 (Macintosh; Intel Mac OS X 10_15_7) AppleWebKit/537.36 (KHTML, like Gecko) Chrome/99.0.4844.84 Safari/537.36"
::1 - - [06/Apr/2022:08:59:41 +0000] "GET /api/products/find/undefined HTTP/1.1" 500 246 "http://localhost:3000/" "Mozilla/5.0 (Macintosh; Intel Mac OS X 10_15_7) AppleWebKit/537.36 (KHTML, like Gecko) Chrome/99.0.4844.84 Safari/537.36"
::1 - - [06/Apr/2022:08:59:41 +0000] "GET /api/products/find/undefined HTTP/1.1" 500 246 "http://localhost:3000/" "Mozilla/5.0 (Macintosh; Intel Mac OS X 10_15_7) AppleWebKit/537.36 (KHTML, like Gecko) Chrome/99.0.4844.84 Safari/537.36"
::1 - - [06/Apr/2022:08:59:41 +0000] "GET /api/products/find/undefined HTTP/1.1" 500 246 "http://localhost:3000/" "Mozilla/5.0 (Macintosh; Intel Mac OS X 10_15_7) AppleWebKit/537.36 (KHTML, like Gecko) Chrome/99.0.4844.84 Safari/537.36"
::1 - - [06/Apr/2022:08:59:41 +0000] "GET /api/products/find/undefined HTTP/1.1" 500 246 "http://localhost:3000/" "Mozilla/5.0 (Macintosh; Intel Mac OS X 10_15_7) AppleWebKit/537.36 (KHTML, like Gecko) Chrome/99.0.4844.84 Safari/537.36"
::1 - - [06/Apr/2022:08:59:48 +0000] "POST /api/auth/login HTTP/1.1" 200 516 "http://localhost:3000/" "Mozilla/5.0 (Macintosh; Intel Mac OS X 10_15_7) AppleWebKit/537.36 (KHTML, like Gecko) Chrome/99.0.4844.84 Safari/537.36"
::1 - - [06/Apr/2022:08:59:49 +0000] "GET /api/products HTTP/1.1" 304 - "http://localhost:3000/" "Mozilla/5.0 (Macintosh; Intel Mac OS X 10_15_7) AppleWebKit/537.36 (KHTML, like Gecko) Chrome/99.0.4844.84 Safari/537.36"
::1 - - [06/Apr/2022:08:59:49 +0000] "GET /api/products/find/undefined HTTP/1.1" 500 246 "http://localhost:3000/" "Mozilla/5.0 (Macintosh; Intel Mac OS X 10_15_7) AppleWebKit/537.36 (KHTML, like Gecko) Chrome/99.0.4844.84 Safari/537.36"
::1 - - [06/Apr/2022:08:59:49 +0000] "GET /api/products/find/undefined HTTP/1.1" 500 246 "http://localhost:3000/" "Mozilla/5.0 (Macintosh; Intel Mac OS X 10_15_7) AppleWebKit/537.36 (KHTML, like Gecko) Chrome/99.0.4844.84 Safari/537.36"
::1 - - [06/Apr/2022:08:59:49 +0000] "GET /api/products/find/undefined HTTP/1.1" 500 246 "http://localhost:3000/" "Mozilla/5.0 (Macintosh; Intel Mac OS X 10_15_7) AppleWebKit/537.36 (KHTML, like Gecko) Chrome/99.0.4844.84 Safari/537.36"
::1 - - [06/Apr/2022:08:59:49 +0000] "GET /api/products/find/undefined HTTP/1.1" 500 246 "http://localhost:3000/" "Mozilla/5.0 (Macintosh; Intel Mac OS X 10_15_7) AppleWebKit/537.36 (KHTML, like Gecko) Chrome/99.0.4844.84 Safari/537.36"
::1 - - [06/Apr/2022:08:59:49 +0000] "GET /api/products/find/undefined HTTP/1.1" 500 246 "http://localhost:3000/" "Mozilla/5.0 (Macintosh; Intel Mac OS X 10_15_7) AppleWebKit/537.36 (KHTML, like Gecko) Chrome/99.0.4844.84 Safari/537.36"
::1 - - [06/Apr/2022:08:59:49 +0000] "GET /api/products/find/undefined HTTP/1.1" 500 246 "http://localhost:3000/" "Mozilla/5.0 (Macintosh; Intel Mac OS X 10_15_7) AppleWebKit/537.36 (KHTML, like Gecko) Chrome/99.0.4844.84 Safari/537.36"
::1 - - [06/Apr/2022:08:59:49 +0000] "GET /api/products/find/undefined HTTP/1.1" 500 246 "http://localhost:3000/" "Mozilla/5.0 (Macintosh; Intel Mac OS X 10_15_7) AppleWebKit/537.36 (KHTML, like Gecko) Chrome/99.0.4844.84 Safari/537.36"
::1 - - [06/Apr/2022:08:59:49 +0000] "GET /api/products/find/undefined HTTP/1.1" 500 246 "http://localhost:3000/" "Mozilla/5.0 (Macintosh; Intel Mac OS X 10_15_7) AppleWebKit/537.36 (KHTML, like Gecko) Chrome/99.0.4844.84 Safari/537.36"
::1 - - [06/Apr/2022:08:59:49 +0000] "GET /api/products/find/undefined HTTP/1.1" 500 246 "http://localhost:3000/" "Mozilla/5.0 (Macintosh; Intel Mac OS X 10_15_7) AppleWebKit/537.36 (KHTML, like Gecko) Chrome/99.0.4844.84 Safari/537.36"
::1 - - [06/Apr/2022:08:59:49 +0000] "GET /api/products/find/undefined HTTP/1.1" 500 246 "http://localhost:3000/" "Mozilla/5.0 (Macintosh; Intel Mac OS X 10_15_7) AppleWebKit/537.36 (KHTML, like Gecko) Chrome/99.0.4844.84 Safari/537.36"
::1 - - [06/Apr/2022:08:59:49 +0000] "GET /api/products/find/undefined HTTP/1.1" 500 246 "http://localhost:3000/" "Mozilla/5.0 (Macintosh; Intel Mac OS X 10_15_7) AppleWebKit/537.36 (KHTML, like Gecko) Chrome/99.0.4844.84 Safari/537.36"
::1 - - [06/Apr/2022:08:59:49 +0000] "GET /api/products/find/undefined HTTP/1.1" 500 246 "http://localhost:3000/" "Mozilla/5.0 (Macintosh; Intel Mac OS X 10_15_7) AppleWebKit/537.36 (KHTML, like Gecko) Chrome/99.0.4844.84 Safari/537.36"
::1 - - [06/Apr/2022:08:59:49 +0000] "GET /api/products/find/undefined HTTP/1.1" 500 246 "http://localhost:3000/" "Mozilla/5.0 (Macintosh; Intel Mac OS X 10_15_7) AppleWebKit/537.36 (KHTML, like Gecko) Chrome/99.0.4844.84 Safari/537.36"
::1 - - [06/Apr/2022:08:59:49 +0000] "GET /api/products/find/undefined HTTP/1.1" 500 246 "http://localhost:3000/" "Mozilla/5.0 (Macintosh; Intel Mac OS X 10_15_7) AppleWebKit/537.36 (KHTML, like Gecko) Chrome/99.0.4844.84 Safari/537.36"
::1 - - [06/Apr/2022:08:59:49 +0000] "GET /api/products/find/undefined HTTP/1.1" 500 246 "http://localhost:3000/" "Mozilla/5.0 (Macintosh; Intel Mac OS X 10_15_7) AppleWebKit/537.36 (KHTML, like Gecko) Chrome/99.0.4844.84 Safari/537.36"
::1 - - [06/Apr/2022:08:59:49 +0000] "GET /api/products/find/undefined HTTP/1.1" 500 246 "http://localhost:3000/" "Mozilla/5.0 (Macintosh; Intel Mac OS X 10_15_7) AppleWebKit/537.36 (KHTML, like Gecko) Chrome/99.0.4844.84 Safari/537.36"
::1 - - [06/Apr/2022:08:59:49 +0000] "GET /api/products/find/undefined HTTP/1.1" 500 246 "http://localhost:3000/" "Mozilla/5.0 (Macintosh; Intel Mac OS X 10_15_7) AppleWebKit/537.36 (KHTML, like Gecko) Chrome/99.0.4844.84 Safari/537.36"
::1 - - [06/Apr/2022:08:59:49 +0000] "GET /api/products/find/undefined HTTP/1.1" 500 246 "http://localhost:3000/" "Mozilla/5.0 (Macintosh; Intel Mac OS X 10_15_7) AppleWebKit/537.36 (KHTML, like Gecko) Chrome/99.0.4844.84 Safari/537.36"
::1 - - [06/Apr/2022:08:59:49 +0000] "GET /api/products/find/undefined HTTP/1.1" 500 246 "http://localhost:3000/" "Mozilla/5.0 (Macintosh; Intel Mac OS X 10_15_7) AppleWebKit/537.36 (KHTML, like Gecko) Chrome/99.0.4844.84 Safari/537.36"
::1 - - [06/Apr/2022:08:59:49 +0000] "GET /api/products/find/undefined HTTP/1.1" 500 246 "http://localhost:3000/" "Mozilla/5.0 (Macintosh; Intel Mac OS X 10_15_7) AppleWebKit/537.36 (KHTML, like Gecko) Chrome/99.0.4844.84 Safari/537.36"
::1 - - [06/Apr/2022:08:59:49 +0000] "GET /api/products/find/undefined HTTP/1.1" 500 246 "http://localhost:3000/" "Mozilla/5.0 (Macintosh; Intel Mac OS X 10_15_7) AppleWebKit/537.36 (KHTML, like Gecko) Chrome/99.0.4844.84 Safari/537.36"
::1 - - [06/Apr/2022:08:59:49 +0000] "GET /api/products/find/undefined HTTP/1.1" 500 246 "http://localhost:3000/" "Mozilla/5.0 (Macintosh; Intel Mac OS X 10_15_7) AppleWebKit/537.36 (KHTML, like Gecko) Chrome/99.0.4844.84 Safari/537.36"
::1 - - [06/Apr/2022:08:59:49 +0000] "GET /api/products/find/undefined HTTP/1.1" 500 246 "http://localhost:3000/" "Mozilla/5.0 (Macintosh; Intel Mac OS X 10_15_7) AppleWebKit/537.36 (KHTML, like Gecko) Chrome/99.0.4844.84 Safari/537.36"
::1 - - [06/Apr/2022:08:59:57 +0000] "GET /api/users/find/61924f3864a836a2be1bafe3 HTTP/1.1" 304 - "http://localhost:3000/" "Mozilla/5.0 (Macintosh; Intel Mac OS X 10_15_7) AppleWebKit/537.36 (KHTML, like Gecko) Chrome/99.0.4844.84 Safari/537.36"
::1 - - [06/Apr/2022:08:59:59 +0000] "GET /api/products HTTP/1.1" 304 - "http://localhost:3000/" "Mozilla/5.0 (Macintosh; Intel Mac OS X 10_15_7) AppleWebKit/537.36 (KHTML, like Gecko) Chrome/99.0.4844.84 Safari/537.36"
::1 - - [06/Apr/2022:08:59:59 +0000] "GET /api/products/find/undefined HTTP/1.1" 500 246 "http://localhost:3000/" "Mozilla/5.0 (Macintosh; Intel Mac OS X 10_15_7) AppleWebKit/537.36 (KHTML, like Gecko) Chrome/99.0.4844.84 Safari/537.36"
::1 - - [06/Apr/2022:08:59:59 +0000] "GET /api/products/find/undefined HTTP/1.1" 500 246 "http://localhost:3000/" "Mozilla/5.0 (Macintosh; Intel Mac OS X 10_15_7) AppleWebKit/537.36 (KHTML, like Gecko) Chrome/99.0.4844.84 Safari/537.36"
::1 - - [06/Apr/2022:08:59:59 +0000] "GET /api/products/find/undefined HTTP/1.1" 500 246 "http://localhost:3000/" "Mozilla/5.0 (Macintosh; Intel Mac OS X 10_15_7) AppleWebKit/537.36 (KHTML, like Gecko) Chrome/99.0.4844.84 Safari/537.36"
::1 - - [06/Apr/2022:08:59:59 +0000] "GET /api/products/find/undefined HTTP/1.1" 500 246 "http://localhost:3000/" "Mozilla/5.0 (Macintosh; Intel Mac OS X 10_15_7) AppleWebKit/537.36 (KHTML, like Gecko) Chrome/99.0.4844.84 Safari/537.36"
::1 - - [06/Apr/2022:08:59:59 +0000] "GET /api/products/find/undefined HTTP/1.1" 500 246 "http://localhost:3000/" "Mozilla/5.0 (Macintosh; Intel Mac OS X 10_15_7) AppleWebKit/537.36 (KHTML, like Gecko) Chrome/99.0.4844.84 Safari/537.36"
::1 - - [06/Apr/2022:08:59:59 +0000] "GET /api/products/find/undefined HTTP/1.1" 500 246 "http://localhost:3000/" "Mozilla/5.0 (Macintosh; Intel Mac OS X 10_15_7) AppleWebKit/537.36 (KHTML, like Gecko) Chrome/99.0.4844.84 Safari/537.36"
::1 - - [06/Apr/2022:08:59:59 +0000] "GET /api/products/find/undefined HTTP/1.1" 500 246 "http://localhost:3000/" "Mozilla/5.0 (Macintosh; Intel Mac OS X 10_15_7) AppleWebKit/537.36 (KHTML, like Gecko) Chrome/99.0.4844.84 Safari/537.36"
::1 - - [06/Apr/2022:08:59:59 +0000] "GET /api/products/find/undefined HTTP/1.1" 500 246 "http://localhost:3000/" "Mozilla/5.0 (Macintosh; Intel Mac OS X 10_15_7) AppleWebKit/537.36 (KHTML, like Gecko) Chrome/99.0.4844.84 Safari/537.36"
::1 - - [06/Apr/2022:09:00:04 +0000] "GET /api/products HTTP/1.1" 304 - "http://localhost:3000/" "Mozilla/5.0 (Macintosh; Intel Mac OS X 10_15_7) AppleWebKit/537.36 (KHTML, like Gecko) Chrome/99.0.4844.84 Safari/537.36"
::1 - - [06/Apr/2022:09:00:04 +0000] "GET /api/products/find/undefined HTTP/1.1" 500 246 "http://localhost:3000/" "Mozilla/5.0 (Macintosh; Intel Mac OS X 10_15_7) AppleWebKit/537.36 (KHTML, like Gecko) Chrome/99.0.4844.84 Safari/537.36"
::1 - - [06/Apr/2022:09:00:04 +0000] "GET /api/products/find/undefined HTTP/1.1" 500 246 "http://localhost:3000/" "Mozilla/5.0 (Macintosh; Intel Mac OS X 10_15_7) AppleWebKit/537.36 (KHTML, like Gecko) Chrome/99.0.4844.84 Safari/537.36"
::1 - - [06/Apr/2022:09:00:04 +0000] "GET /api/products/find/undefined HTTP/1.1" 500 246 "http://localhost:3000/" "Mozilla/5.0 (Macintosh; Intel Mac OS X 10_15_7) AppleWebKit/537.36 (KHTML, like Gecko) Chrome/99.0.4844.84 Safari/537.36"
::1 - - [06/Apr/2022:09:00:04 +0000] "GET /api/products/find/undefined HTTP/1.1" 500 246 "http://localhost:3000/" "Mozilla/5.0 (Macintosh; Intel Mac OS X 10_15_7) AppleWebKit/537.36 (KHTML, like Gecko) Chrome/99.0.4844.84 Safari/537.36"
::1 - - [06/Apr/2022:09:00:04 +0000] "GET /api/products/find/undefined HTTP/1.1" 500 246 "http://localhost:3000/" "Mozilla/5.0 (Macintosh; Intel Mac OS X 10_15_7) AppleWebKit/537.36 (KHTML, like Gecko) Chrome/99.0.4844.84 Safari/537.36"
::1 - - [06/Apr/2022:09:00:04 +0000] "GET /api/products/find/undefined HTTP/1.1" 500 246 "http://localhost:3000/" "Mozilla/5.0 (Macintosh; Intel Mac OS X 10_15_7) AppleWebKit/537.36 (KHTML, like Gecko) Chrome/99.0.4844.84 Safari/537.36"
::1 - - [06/Apr/2022:09:00:04 +0000] "GET /api/products/find/undefined HTTP/1.1" 500 246 "http://localhost:3000/" "Mozilla/5.0 (Macintosh; Intel Mac OS X 10_15_7) AppleWebKit/537.36 (KHTML, like Gecko) Chrome/99.0.4844.84 Safari/537.36"
::1 - - [06/Apr/2022:09:00:04 +0000] "GET /api/products/find/undefined HTTP/1.1" 500 246 "http://localhost:3000/" "Mozilla/5.0 (Macintosh; Intel Mac OS X 10_15_7) AppleWebKit/537.36 (KHTML, like Gecko) Chrome/99.0.4844.84 Safari/537.36"
::1 - - [06/Apr/2022:09:00:05 +0000] "GET /api/users/find/61924f3864a836a2be1bafe3 HTTP/1.1" 304 - "http://localhost:3000/" "Mozilla/5.0 (Macintosh; Intel Mac OS X 10_15_7) AppleWebKit/537.36 (KHTML, like Gecko) Chrome/99.0.4844.84 Safari/537.36"
::1 - - [06/Apr/2022:09:01:29 +0000] "POST /upload-images HTTP/1.1" 200 192 "-" "PostmanRuntime/7.28.4"
::1 - - [06/Apr/2022:09:02:02 +0000] "GET /api/products HTTP/1.1" 304 - "http://localhost:3000/" "Mozilla/5.0 (Macintosh; Intel Mac OS X 10_15_7) AppleWebKit/537.36 (KHTML, like Gecko) Chrome/99.0.4844.84 Safari/537.36"
::1 - - [06/Apr/2022:09:02:02 +0000] "GET /api/products/find/undefined HTTP/1.1" 500 246 "http://localhost:3000/" "Mozilla/5.0 (Macintosh; Intel Mac OS X 10_15_7) AppleWebKit/537.36 (KHTML, like Gecko) Chrome/99.0.4844.84 Safari/537.36"
::1 - - [06/Apr/2022:09:02:02 +0000] "GET /api/products/find/undefined HTTP/1.1" 500 246 "http://localhost:3000/" "Mozilla/5.0 (Macintosh; Intel Mac OS X 10_15_7) AppleWebKit/537.36 (KHTML, like Gecko) Chrome/99.0.4844.84 Safari/537.36"
::1 - - [06/Apr/2022:09:02:02 +0000] "GET /api/products/find/undefined HTTP/1.1" 500 246 "http://localhost:3000/" "Mozilla/5.0 (Macintosh; Intel Mac OS X 10_15_7) AppleWebKit/537.36 (KHTML, like Gecko) Chrome/99.0.4844.84 Safari/537.36"
::1 - - [06/Apr/2022:09:02:02 +0000] "GET /api/products/find/undefined HTTP/1.1" 500 246 "http://localhost:3000/" "Mozilla/5.0 (Macintosh; Intel Mac OS X 10_15_7) AppleWebKit/537.36 (KHTML, like Gecko) Chrome/99.0.4844.84 Safari/537.36"
::1 - - [06/Apr/2022:09:02:02 +0000] "GET /api/products/find/undefined HTTP/1.1" 500 246 "http://localhost:3000/" "Mozilla/5.0 (Macintosh; Intel Mac OS X 10_15_7) AppleWebKit/537.36 (KHTML, like Gecko) Chrome/99.0.4844.84 Safari/537.36"
::1 - - [06/Apr/2022:09:02:02 +0000] "GET /api/products/find/undefined HTTP/1.1" 500 246 "http://localhost:3000/" "Mozilla/5.0 (Macintosh; Intel Mac OS X 10_15_7) AppleWebKit/537.36 (KHTML, like Gecko) Chrome/99.0.4844.84 Safari/537.36"
::1 - - [06/Apr/2022:09:02:02 +0000] "GET /api/products/find/undefined HTTP/1.1" 500 246 "http://localhost:3000/" "Mozilla/5.0 (Macintosh; Intel Mac OS X 10_15_7) AppleWebKit/537.36 (KHTML, like Gecko) Chrome/99.0.4844.84 Safari/537.36"
::1 - - [06/Apr/2022:09:02:02 +0000] "GET /api/products/find/undefined HTTP/1.1" 500 246 "http://localhost:3000/" "Mozilla/5.0 (Macintosh; Intel Mac OS X 10_15_7) AppleWebKit/537.36 (KHTML, like Gecko) Chrome/99.0.4844.84 Safari/537.36"
::1 - - [06/Apr/2022:09:02:02 +0000] "GET /api/products/find/undefined HTTP/1.1" 500 246 "http://localhost:3000/" "Mozilla/5.0 (Macintosh; Intel Mac OS X 10_15_7) AppleWebKit/537.36 (KHTML, like Gecko) Chrome/99.0.4844.84 Safari/537.36"
::1 - - [06/Apr/2022:09:02:02 +0000] "GET /api/products/find/undefined HTTP/1.1" 500 246 "http://localhost:3000/" "Mozilla/5.0 (Macintosh; Intel Mac OS X 10_15_7) AppleWebKit/537.36 (KHTML, like Gecko) Chrome/99.0.4844.84 Safari/537.36"
::1 - - [06/Apr/2022:09:02:02 +0000] "GET /api/products/find/undefined HTTP/1.1" 500 246 "http://localhost:3000/" "Mozilla/5.0 (Macintosh; Intel Mac OS X 10_15_7) AppleWebKit/537.36 (KHTML, like Gecko) Chrome/99.0.4844.84 Safari/537.36"
::1 - - [06/Apr/2022:09:02:02 +0000] "GET /api/products/find/undefined HTTP/1.1" 500 246 "http://localhost:3000/" "Mozilla/5.0 (Macintosh; Intel Mac OS X 10_15_7) AppleWebKit/537.36 (KHTML, like Gecko) Chrome/99.0.4844.84 Safari/537.36"
::1 - - [06/Apr/2022:09:02:02 +0000] "GET /api/products/find/undefined HTTP/1.1" 500 246 "http://localhost:3000/" "Mozilla/5.0 (Macintosh; Intel Mac OS X 10_15_7) AppleWebKit/537.36 (KHTML, like Gecko) Chrome/99.0.4844.84 Safari/537.36"
::1 - - [06/Apr/2022:09:02:02 +0000] "GET /api/products/find/undefined HTTP/1.1" 500 246 "http://localhost:3000/" "Mozilla/5.0 (Macintosh; Intel Mac OS X 10_15_7) AppleWebKit/537.36 (KHTML, like Gecko) Chrome/99.0.4844.84 Safari/537.36"
::1 - - [06/Apr/2022:09:02:02 +0000] "GET /api/products/find/undefined HTTP/1.1" 500 246 "http://localhost:3000/" "Mozilla/5.0 (Macintosh; Intel Mac OS X 10_15_7) AppleWebKit/537.36 (KHTML, like Gecko) Chrome/99.0.4844.84 Safari/537.36"
::1 - - [06/Apr/2022:09:02:02 +0000] "GET /api/products/find/undefined HTTP/1.1" 500 246 "http://localhost:3000/" "Mozilla/5.0 (Macintosh; Intel Mac OS X 10_15_7) AppleWebKit/537.36 (KHTML, like Gecko) Chrome/99.0.4844.84 Safari/537.36"
::1 - - [06/Apr/2022:09:02:02 +0000] "GET /api/products/find/undefined HTTP/1.1" 500 246 "http://localhost:3000/" "Mozilla/5.0 (Macintosh; Intel Mac OS X 10_15_7) AppleWebKit/537.36 (KHTML, like Gecko) Chrome/99.0.4844.84 Safari/537.36"
::1 - - [06/Apr/2022:09:02:02 +0000] "GET /api/products/find/undefined HTTP/1.1" 500 246 "http://localhost:3000/" "Mozilla/5.0 (Macintosh; Intel Mac OS X 10_15_7) AppleWebKit/537.36 (KHTML, like Gecko) Chrome/99.0.4844.84 Safari/537.36"
::1 - - [06/Apr/2022:09:02:02 +0000] "GET /api/products/find/undefined HTTP/1.1" 500 246 "http://localhost:3000/" "Mozilla/5.0 (Macintosh; Intel Mac OS X 10_15_7) AppleWebKit/537.36 (KHTML, like Gecko) Chrome/99.0.4844.84 Safari/537.36"
::1 - - [06/Apr/2022:09:02:02 +0000] "GET /api/products/find/undefined HTTP/1.1" 500 246 "http://localhost:3000/" "Mozilla/5.0 (Macintosh; Intel Mac OS X 10_15_7) AppleWebKit/537.36 (KHTML, like Gecko) Chrome/99.0.4844.84 Safari/537.36"
::1 - - [06/Apr/2022:09:02:02 +0000] "GET /api/products/find/undefined HTTP/1.1" 500 246 "http://localhost:3000/" "Mozilla/5.0 (Macintosh; Intel Mac OS X 10_15_7) AppleWebKit/537.36 (KHTML, like Gecko) Chrome/99.0.4844.84 Safari/537.36"
::1 - - [06/Apr/2022:09:02:03 +0000] "GET /api/products/find/undefined HTTP/1.1" 500 246 "http://localhost:3000/" "Mozilla/5.0 (Macintosh; Intel Mac OS X 10_15_7) AppleWebKit/537.36 (KHTML, like Gecko) Chrome/99.0.4844.84 Safari/537.36"
::1 - - [06/Apr/2022:09:02:03 +0000] "GET /api/products/find/undefined HTTP/1.1" 500 246 "http://localhost:3000/" "Mozilla/5.0 (Macintosh; Intel Mac OS X 10_15_7) AppleWebKit/537.36 (KHTML, like Gecko) Chrome/99.0.4844.84 Safari/537.36"
::1 - - [06/Apr/2022:09:02:13 +0000] "GET /api/orders/income HTTP/1.1" 200 45 "http://localhost:3001/" "Mozilla/5.0 (Macintosh; Intel Mac OS X 10_15_7) AppleWebKit/537.36 (KHTML, like Gecko) Chrome/99.0.4844.84 Safari/537.36"
::1 - - [06/Apr/2022:09:02:13 +0000] "GET /api/users/stats HTTP/1.1" 200 104 "http://localhost:3001/" "Mozilla/5.0 (Macintosh; Intel Mac OS X 10_15_7) AppleWebKit/537.36 (KHTML, like Gecko) Chrome/99.0.4844.84 Safari/537.36"
::1 - - [06/Apr/2022:09:02:13 +0000] "GET /api/orders?new=true HTTP/1.1" 200 5446 "http://localhost:3001/" "Mozilla/5.0 (Macintosh; Intel Mac OS X 10_15_7) AppleWebKit/537.36 (KHTML, like Gecko) Chrome/99.0.4844.84 Safari/537.36"
::1 - - [06/Apr/2022:09:02:13 +0000] "GET /api/users/?new=true HTTP/1.1" 200 1314 "http://localhost:3001/" "Mozilla/5.0 (Macintosh; Intel Mac OS X 10_15_7) AppleWebKit/537.36 (KHTML, like Gecko) Chrome/99.0.4844.84 Safari/537.36"
::1 - - [06/Apr/2022:09:02:27 +0000] "POST /api/auth/login HTTP/1.1" 200 516 "http://localhost:3002/" "Mozilla/5.0 (Macintosh; Intel Mac OS X 10_15_7) AppleWebKit/537.36 (KHTML, like Gecko) Chrome/99.0.4844.84 Safari/537.36"
::1 - - [06/Apr/2022:09:03:10 +0000] "POST /api/auth/login HTTP/1.1" 200 516 "http://localhost:3002/" "Mozilla/5.0 (Macintosh; Intel Mac OS X 10_15_7) AppleWebKit/537.36 (KHTML, like Gecko) Chrome/99.0.4844.84 Safari/537.36"
::1 - - [06/Apr/2022:09:17:10 +0000] "GET /api/products HTTP/1.1" 304 - "http://localhost:3000/" "Mozilla/5.0 (Macintosh; Intel Mac OS X 10_15_7) AppleWebKit/537.36 (KHTML, like Gecko) Chrome/99.0.4844.84 Safari/537.36"
::1 - - [06/Apr/2022:09:17:10 +0000] "GET /api/products/find/undefined HTTP/1.1" 500 246 "http://localhost:3000/" "Mozilla/5.0 (Macintosh; Intel Mac OS X 10_15_7) AppleWebKit/537.36 (KHTML, like Gecko) Chrome/99.0.4844.84 Safari/537.36"
::1 - - [06/Apr/2022:09:17:10 +0000] "GET /api/products/find/undefined HTTP/1.1" 500 246 "http://localhost:3000/" "Mozilla/5.0 (Macintosh; Intel Mac OS X 10_15_7) AppleWebKit/537.36 (KHTML, like Gecko) Chrome/99.0.4844.84 Safari/537.36"
::1 - - [06/Apr/2022:09:17:10 +0000] "GET /api/products/find/undefined HTTP/1.1" 500 246 "http://localhost:3000/" "Mozilla/5.0 (Macintosh; Intel Mac OS X 10_15_7) AppleWebKit/537.36 (KHTML, like Gecko) Chrome/99.0.4844.84 Safari/537.36"
::1 - - [06/Apr/2022:09:17:10 +0000] "GET /api/products/find/undefined HTTP/1.1" 500 246 "http://localhost:3000/" "Mozilla/5.0 (Macintosh; Intel Mac OS X 10_15_7) AppleWebKit/537.36 (KHTML, like Gecko) Chrome/99.0.4844.84 Safari/537.36"
::1 - - [06/Apr/2022:09:17:10 +0000] "GET /api/products/find/undefined HTTP/1.1" 500 246 "http://localhost:3000/" "Mozilla/5.0 (Macintosh; Intel Mac OS X 10_15_7) AppleWebKit/537.36 (KHTML, like Gecko) Chrome/99.0.4844.84 Safari/537.36"
::1 - - [06/Apr/2022:09:17:10 +0000] "GET /api/products/find/undefined HTTP/1.1" 500 246 "http://localhost:3000/" "Mozilla/5.0 (Macintosh; Intel Mac OS X 10_15_7) AppleWebKit/537.36 (KHTML, like Gecko) Chrome/99.0.4844.84 Safari/537.36"
::1 - - [06/Apr/2022:09:17:10 +0000] "GET /api/products/find/undefined HTTP/1.1" 500 246 "http://localhost:3000/" "Mozilla/5.0 (Macintosh; Intel Mac OS X 10_15_7) AppleWebKit/537.36 (KHTML, like Gecko) Chrome/99.0.4844.84 Safari/537.36"
::1 - - [06/Apr/2022:09:17:10 +0000] "GET /api/products/find/undefined HTTP/1.1" 500 246 "http://localhost:3000/" "Mozilla/5.0 (Macintosh; Intel Mac OS X 10_15_7) AppleWebKit/537.36 (KHTML, like Gecko) Chrome/99.0.4844.84 Safari/537.36"
::1 - - [06/Apr/2022:09:17:10 +0000] "GET /api/products/find/undefined HTTP/1.1" 500 246 "http://localhost:3000/" "Mozilla/5.0 (Macintosh; Intel Mac OS X 10_15_7) AppleWebKit/537.36 (KHTML, like Gecko) Chrome/99.0.4844.84 Safari/537.36"
::1 - - [06/Apr/2022:09:17:10 +0000] "GET /api/products/find/undefined HTTP/1.1" 500 246 "http://localhost:3000/" "Mozilla/5.0 (Macintosh; Intel Mac OS X 10_15_7) AppleWebKit/537.36 (KHTML, like Gecko) Chrome/99.0.4844.84 Safari/537.36"
::1 - - [06/Apr/2022:09:17:10 +0000] "GET /api/products/find/undefined HTTP/1.1" 500 246 "http://localhost:3000/" "Mozilla/5.0 (Macintosh; Intel Mac OS X 10_15_7) AppleWebKit/537.36 (KHTML, like Gecko) Chrome/99.0.4844.84 Safari/537.36"
::1 - - [06/Apr/2022:09:17:10 +0000] "GET /api/products/find/undefined HTTP/1.1" 500 246 "http://localhost:3000/" "Mozilla/5.0 (Macintosh; Intel Mac OS X 10_15_7) AppleWebKit/537.36 (KHTML, like Gecko) Chrome/99.0.4844.84 Safari/537.36"
::1 - - [06/Apr/2022:09:17:10 +0000] "GET /api/products/find/undefined HTTP/1.1" 500 246 "http://localhost:3000/" "Mozilla/5.0 (Macintosh; Intel Mac OS X 10_15_7) AppleWebKit/537.36 (KHTML, like Gecko) Chrome/99.0.4844.84 Safari/537.36"
::1 - - [06/Apr/2022:09:17:10 +0000] "GET /api/products/find/undefined HTTP/1.1" 500 246 "http://localhost:3000/" "Mozilla/5.0 (Macintosh; Intel Mac OS X 10_15_7) AppleWebKit/537.36 (KHTML, like Gecko) Chrome/99.0.4844.84 Safari/537.36"
::1 - - [06/Apr/2022:09:17:10 +0000] "GET /api/products/find/undefined HTTP/1.1" 500 246 "http://localhost:3000/" "Mozilla/5.0 (Macintosh; Intel Mac OS X 10_15_7) AppleWebKit/537.36 (KHTML, like Gecko) Chrome/99.0.4844.84 Safari/537.36"
::1 - - [06/Apr/2022:09:17:10 +0000] "GET /api/products/find/undefined HTTP/1.1" 500 246 "http://localhost:3000/" "Mozilla/5.0 (Macintosh; Intel Mac OS X 10_15_7) AppleWebKit/537.36 (KHTML, like Gecko) Chrome/99.0.4844.84 Safari/537.36"
::1 - - [06/Apr/2022:09:17:10 +0000] "GET /api/products/find/undefined HTTP/1.1" 500 246 "http://localhost:3000/" "Mozilla/5.0 (Macintosh; Intel Mac OS X 10_15_7) AppleWebKit/537.36 (KHTML, like Gecko) Chrome/99.0.4844.84 Safari/537.36"
::1 - - [06/Apr/2022:09:17:10 +0000] "GET /api/products/find/undefined HTTP/1.1" 500 246 "http://localhost:3000/" "Mozilla/5.0 (Macintosh; Intel Mac OS X 10_15_7) AppleWebKit/537.36 (KHTML, like Gecko) Chrome/99.0.4844.84 Safari/537.36"
::1 - - [06/Apr/2022:09:17:10 +0000] "GET /api/products/find/undefined HTTP/1.1" 500 246 "http://localhost:3000/" "Mozilla/5.0 (Macintosh; Intel Mac OS X 10_15_7) AppleWebKit/537.36 (KHTML, like Gecko) Chrome/99.0.4844.84 Safari/537.36"
::1 - - [06/Apr/2022:09:17:10 +0000] "GET /api/products/find/undefined HTTP/1.1" 500 246 "http://localhost:3000/" "Mozilla/5.0 (Macintosh; Intel Mac OS X 10_15_7) AppleWebKit/537.36 (KHTML, like Gecko) Chrome/99.0.4844.84 Safari/537.36"
::1 - - [06/Apr/2022:09:17:10 +0000] "GET /api/products/find/undefined HTTP/1.1" 500 246 "http://localhost:3000/" "Mozilla/5.0 (Macintosh; Intel Mac OS X 10_15_7) AppleWebKit/537.36 (KHTML, like Gecko) Chrome/99.0.4844.84 Safari/537.36"
::1 - - [06/Apr/2022:09:17:10 +0000] "GET /api/products/find/undefined HTTP/1.1" 500 246 "http://localhost:3000/" "Mozilla/5.0 (Macintosh; Intel Mac OS X 10_15_7) AppleWebKit/537.36 (KHTML, like Gecko) Chrome/99.0.4844.84 Safari/537.36"
::1 - - [06/Apr/2022:09:17:10 +0000] "GET /api/products/find/undefined HTTP/1.1" 500 246 "http://localhost:3000/" "Mozilla/5.0 (Macintosh; Intel Mac OS X 10_15_7) AppleWebKit/537.36 (KHTML, like Gecko) Chrome/99.0.4844.84 Safari/537.36"
::1 - - [06/Apr/2022:09:17:49 +0000] "GET /api/users/find/61924f3864a836a2be1bafe3 HTTP/1.1" 304 - "http://localhost:3000/" "Mozilla/5.0 (Macintosh; Intel Mac OS X 10_15_7) AppleWebKit/537.36 (KHTML, like Gecko) Chrome/99.0.4844.84 Safari/537.36"
::1 - - [06/Apr/2022:09:17:51 +0000] "GET /api/products HTTP/1.1" 304 - "http://localhost:3000/" "Mozilla/5.0 (Macintosh; Intel Mac OS X 10_15_7) AppleWebKit/537.36 (KHTML, like Gecko) Chrome/99.0.4844.84 Safari/537.36"
::1 - - [06/Apr/2022:09:17:52 +0000] "GET /api/products/find/undefined HTTP/1.1" 500 246 "http://localhost:3000/" "Mozilla/5.0 (Macintosh; Intel Mac OS X 10_15_7) AppleWebKit/537.36 (KHTML, like Gecko) Chrome/99.0.4844.84 Safari/537.36"
::1 - - [06/Apr/2022:09:17:52 +0000] "GET /api/products/find/undefined HTTP/1.1" 500 246 "http://localhost:3000/" "Mozilla/5.0 (Macintosh; Intel Mac OS X 10_15_7) AppleWebKit/537.36 (KHTML, like Gecko) Chrome/99.0.4844.84 Safari/537.36"
::1 - - [06/Apr/2022:09:17:52 +0000] "GET /api/products/find/undefined HTTP/1.1" 500 246 "http://localhost:3000/" "Mozilla/5.0 (Macintosh; Intel Mac OS X 10_15_7) AppleWebKit/537.36 (KHTML, like Gecko) Chrome/99.0.4844.84 Safari/537.36"
::1 - - [06/Apr/2022:09:17:52 +0000] "GET /api/products/find/undefined HTTP/1.1" 500 246 "http://localhost:3000/" "Mozilla/5.0 (Macintosh; Intel Mac OS X 10_15_7) AppleWebKit/537.36 (KHTML, like Gecko) Chrome/99.0.4844.84 Safari/537.36"
::1 - - [06/Apr/2022:09:17:52 +0000] "GET /api/products/find/undefined HTTP/1.1" 500 246 "http://localhost:3000/" "Mozilla/5.0 (Macintosh; Intel Mac OS X 10_15_7) AppleWebKit/537.36 (KHTML, like Gecko) Chrome/99.0.4844.84 Safari/537.36"
::1 - - [06/Apr/2022:09:17:52 +0000] "GET /api/products/find/undefined HTTP/1.1" 500 246 "http://localhost:3000/" "Mozilla/5.0 (Macintosh; Intel Mac OS X 10_15_7) AppleWebKit/537.36 (KHTML, like Gecko) Chrome/99.0.4844.84 Safari/537.36"
::1 - - [06/Apr/2022:09:17:52 +0000] "GET /api/products/find/undefined HTTP/1.1" 500 246 "http://localhost:3000/" "Mozilla/5.0 (Macintosh; Intel Mac OS X 10_15_7) AppleWebKit/537.36 (KHTML, like Gecko) Chrome/99.0.4844.84 Safari/537.36"
::1 - - [06/Apr/2022:09:17:52 +0000] "GET /api/products/find/undefined HTTP/1.1" 500 246 "http://localhost:3000/" "Mozilla/5.0 (Macintosh; Intel Mac OS X 10_15_7) AppleWebKit/537.36 (KHTML, like Gecko) Chrome/99.0.4844.84 Safari/537.36"
::1 - - [06/Apr/2022:09:17:53 +0000] "GET /api/products HTTP/1.1" 304 - "http://localhost:3000/" "Mozilla/5.0 (Macintosh; Intel Mac OS X 10_15_7) AppleWebKit/537.36 (KHTML, like Gecko) Chrome/99.0.4844.84 Safari/537.36"
::1 - - [06/Apr/2022:09:17:54 +0000] "GET /api/products/find/undefined HTTP/1.1" 500 246 "http://localhost:3000/" "Mozilla/5.0 (Macintosh; Intel Mac OS X 10_15_7) AppleWebKit/537.36 (KHTML, like Gecko) Chrome/99.0.4844.84 Safari/537.36"
::1 - - [06/Apr/2022:09:17:54 +0000] "GET /api/products/find/undefined HTTP/1.1" 500 246 "http://localhost:3000/" "Mozilla/5.0 (Macintosh; Intel Mac OS X 10_15_7) AppleWebKit/537.36 (KHTML, like Gecko) Chrome/99.0.4844.84 Safari/537.36"
::1 - - [06/Apr/2022:09:17:54 +0000] "GET /api/products/find/undefined HTTP/1.1" 500 246 "http://localhost:3000/" "Mozilla/5.0 (Macintosh; Intel Mac OS X 10_15_7) AppleWebKit/537.36 (KHTML, like Gecko) Chrome/99.0.4844.84 Safari/537.36"
::1 - - [06/Apr/2022:09:17:54 +0000] "GET /api/products/find/undefined HTTP/1.1" 500 246 "http://localhost:3000/" "Mozilla/5.0 (Macintosh; Intel Mac OS X 10_15_7) AppleWebKit/537.36 (KHTML, like Gecko) Chrome/99.0.4844.84 Safari/537.36"
::1 - - [06/Apr/2022:09:17:54 +0000] "GET /api/products/find/undefined HTTP/1.1" 500 246 "http://localhost:3000/" "Mozilla/5.0 (Macintosh; Intel Mac OS X 10_15_7) AppleWebKit/537.36 (KHTML, like Gecko) Chrome/99.0.4844.84 Safari/537.36"
::1 - - [06/Apr/2022:09:17:54 +0000] "GET /api/products/find/undefined HTTP/1.1" 500 246 "http://localhost:3000/" "Mozilla/5.0 (Macintosh; Intel Mac OS X 10_15_7) AppleWebKit/537.36 (KHTML, like Gecko) Chrome/99.0.4844.84 Safari/537.36"
::1 - - [06/Apr/2022:09:17:54 +0000] "GET /api/products/find/undefined HTTP/1.1" 500 246 "http://localhost:3000/" "Mozilla/5.0 (Macintosh; Intel Mac OS X 10_15_7) AppleWebKit/537.36 (KHTML, like Gecko) Chrome/99.0.4844.84 Safari/537.36"
::1 - - [06/Apr/2022:09:17:54 +0000] "GET /api/products/find/undefined HTTP/1.1" 500 246 "http://localhost:3000/" "Mozilla/5.0 (Macintosh; Intel Mac OS X 10_15_7) AppleWebKit/537.36 (KHTML, like Gecko) Chrome/99.0.4844.84 Safari/537.36"
::1 - - [06/Apr/2022:09:17:54 +0000] "GET /api/products/find/undefined HTTP/1.1" 500 246 "http://localhost:3000/" "Mozilla/5.0 (Macintosh; Intel Mac OS X 10_15_7) AppleWebKit/537.36 (KHTML, like Gecko) Chrome/99.0.4844.84 Safari/537.36"
::1 - - [06/Apr/2022:09:17:54 +0000] "GET /api/products/find/undefined HTTP/1.1" 500 246 "http://localhost:3000/" "Mozilla/5.0 (Macintosh; Intel Mac OS X 10_15_7) AppleWebKit/537.36 (KHTML, like Gecko) Chrome/99.0.4844.84 Safari/537.36"
::1 - - [06/Apr/2022:09:17:54 +0000] "GET /api/products/find/undefined HTTP/1.1" 500 246 "http://localhost:3000/" "Mozilla/5.0 (Macintosh; Intel Mac OS X 10_15_7) AppleWebKit/537.36 (KHTML, like Gecko) Chrome/99.0.4844.84 Safari/537.36"
::1 - - [06/Apr/2022:09:17:54 +0000] "GET /api/products/find/undefined HTTP/1.1" 500 246 "http://localhost:3000/" "Mozilla/5.0 (Macintosh; Intel Mac OS X 10_15_7) AppleWebKit/537.36 (KHTML, like Gecko) Chrome/99.0.4844.84 Safari/537.36"
::1 - - [06/Apr/2022:09:17:54 +0000] "GET /api/products/find/undefined HTTP/1.1" 500 246 "http://localhost:3000/" "Mozilla/5.0 (Macintosh; Intel Mac OS X 10_15_7) AppleWebKit/537.36 (KHTML, like Gecko) Chrome/99.0.4844.84 Safari/537.36"
::1 - - [06/Apr/2022:09:17:54 +0000] "GET /api/products/find/undefined HTTP/1.1" 500 246 "http://localhost:3000/" "Mozilla/5.0 (Macintosh; Intel Mac OS X 10_15_7) AppleWebKit/537.36 (KHTML, like Gecko) Chrome/99.0.4844.84 Safari/537.36"
::1 - - [06/Apr/2022:09:17:54 +0000] "GET /api/products/find/undefined HTTP/1.1" 500 246 "http://localhost:3000/" "Mozilla/5.0 (Macintosh; Intel Mac OS X 10_15_7) AppleWebKit/537.36 (KHTML, like Gecko) Chrome/99.0.4844.84 Safari/537.36"
::1 - - [06/Apr/2022:09:17:54 +0000] "GET /api/products/find/undefined HTTP/1.1" 500 246 "http://localhost:3000/" "Mozilla/5.0 (Macintosh; Intel Mac OS X 10_15_7) AppleWebKit/537.36 (KHTML, like Gecko) Chrome/99.0.4844.84 Safari/537.36"
::1 - - [06/Apr/2022:09:17:54 +0000] "GET /api/products/find/undefined HTTP/1.1" 500 246 "http://localhost:3000/" "Mozilla/5.0 (Macintosh; Intel Mac OS X 10_15_7) AppleWebKit/537.36 (KHTML, like Gecko) Chrome/99.0.4844.84 Safari/537.36"
::1 - - [06/Apr/2022:09:17:54 +0000] "GET /api/products/find/undefined HTTP/1.1" 500 246 "http://localhost:3000/" "Mozilla/5.0 (Macintosh; Intel Mac OS X 10_15_7) AppleWebKit/537.36 (KHTML, like Gecko) Chrome/99.0.4844.84 Safari/537.36"
::1 - - [06/Apr/2022:09:17:54 +0000] "GET /api/products/find/undefined HTTP/1.1" 500 246 "http://localhost:3000/" "Mozilla/5.0 (Macintosh; Intel Mac OS X 10_15_7) AppleWebKit/537.36 (KHTML, like Gecko) Chrome/99.0.4844.84 Safari/537.36"
::1 - - [06/Apr/2022:09:17:54 +0000] "GET /api/products/find/undefined HTTP/1.1" 500 246 "http://localhost:3000/" "Mozilla/5.0 (Macintosh; Intel Mac OS X 10_15_7) AppleWebKit/537.36 (KHTML, like Gecko) Chrome/99.0.4844.84 Safari/537.36"
::1 - - [06/Apr/2022:09:17:54 +0000] "GET /api/products/find/undefined HTTP/1.1" 500 246 "http://localhost:3000/" "Mozilla/5.0 (Macintosh; Intel Mac OS X 10_15_7) AppleWebKit/537.36 (KHTML, like Gecko) Chrome/99.0.4844.84 Safari/537.36"
::1 - - [06/Apr/2022:09:17:54 +0000] "GET /api/products/find/undefined HTTP/1.1" 500 246 "http://localhost:3000/" "Mozilla/5.0 (Macintosh; Intel Mac OS X 10_15_7) AppleWebKit/537.36 (KHTML, like Gecko) Chrome/99.0.4844.84 Safari/537.36"
::1 - - [06/Apr/2022:09:17:54 +0000] "GET /api/products/find/undefined HTTP/1.1" 500 246 "http://localhost:3000/" "Mozilla/5.0 (Macintosh; Intel Mac OS X 10_15_7) AppleWebKit/537.36 (KHTML, like Gecko) Chrome/99.0.4844.84 Safari/537.36"
::1 - - [06/Apr/2022:09:19:03 +0000] "GET /api/users/?new=true HTTP/1.1" 304 - "http://localhost:3001/" "Mozilla/5.0 (Macintosh; Intel Mac OS X 10_15_7) AppleWebKit/537.36 (KHTML, like Gecko) Chrome/99.0.4844.84 Safari/537.36"
::1 - - [06/Apr/2022:09:19:03 +0000] "GET /api/orders?new=true HTTP/1.1" 304 - "http://localhost:3001/" "Mozilla/5.0 (Macintosh; Intel Mac OS X 10_15_7) AppleWebKit/537.36 (KHTML, like Gecko) Chrome/99.0.4844.84 Safari/537.36"
::1 - - [06/Apr/2022:09:19:03 +0000] "GET /api/users/stats HTTP/1.1" 200 104 "http://localhost:3001/" "Mozilla/5.0 (Macintosh; Intel Mac OS X 10_15_7) AppleWebKit/537.36 (KHTML, like Gecko) Chrome/99.0.4844.84 Safari/537.36"
::1 - - [06/Apr/2022:09:19:03 +0000] "GET /api/orders/income HTTP/1.1" 200 45 "http://localhost:3001/" "Mozilla/5.0 (Macintosh; Intel Mac OS X 10_15_7) AppleWebKit/537.36 (KHTML, like Gecko) Chrome/99.0.4844.84 Safari/537.36"
::ffff:127.0.0.1 - - [06/Apr/2022:09:20:40 +0000] "GET / HTTP/1.1" 404 139 "-" "Mozilla/5.0 (Windows NT 10.0; Win64; x64) AppleWebKit/537.36 (KHTML, like Gecko) Chrome/99.0.4844.84 Safari/537.36"
::ffff:127.0.0.1 - - [06/Apr/2022:09:20:43 +0000] "GET /api/users/stats HTTP/1.1" 200 104 "http://localhost:3001/" "Mozilla/5.0 (Windows NT 10.0; Win64; x64) AppleWebKit/537.36 (KHTML, like Gecko) Chrome/99.0.4844.84 Safari/537.36"
::ffff:127.0.0.1 - - [06/Apr/2022:09:20:43 +0000] "GET /api/products HTTP/1.1" 304 - "http://localhost:3000/" "Mozilla/5.0 (Windows NT 10.0; Win64; x64) AppleWebKit/537.36 (KHTML, like Gecko) Chrome/99.0.4844.84 Safari/537.36"
::ffff:127.0.0.1 - - [06/Apr/2022:09:20:43 +0000] "GET /api/products/find/undefined HTTP/1.1" 500 246 "http://localhost:3000/" "Mozilla/5.0 (Windows NT 10.0; Win64; x64) AppleWebKit/537.36 (KHTML, like Gecko) Chrome/99.0.4844.84 Safari/537.36"
::ffff:127.0.0.1 - - [06/Apr/2022:09:20:43 +0000] "GET /api/orders/income HTTP/1.1" 200 45 "http://localhost:3001/" "Mozilla/5.0 (Windows NT 10.0; Win64; x64) AppleWebKit/537.36 (KHTML, like Gecko) Chrome/99.0.4844.84 Safari/537.36"
::ffff:127.0.0.1 - - [06/Apr/2022:09:20:43 +0000] "GET /api/orders?new=true HTTP/1.1" 200 5446 "http://localhost:3001/" "Mozilla/5.0 (Windows NT 10.0; Win64; x64) AppleWebKit/537.36 (KHTML, like Gecko) Chrome/99.0.4844.84 Safari/537.36"
::ffff:127.0.0.1 - - [06/Apr/2022:09:20:43 +0000] "GET /api/products/find/undefined HTTP/1.1" 500 246 "http://localhost:3000/" "Mozilla/5.0 (Windows NT 10.0; Win64; x64) AppleWebKit/537.36 (KHTML, like Gecko) Chrome/99.0.4844.84 Safari/537.36"
::ffff:127.0.0.1 - - [06/Apr/2022:09:20:43 +0000] "GET /api/products/find/undefined HTTP/1.1" 500 246 "http://localhost:3000/" "Mozilla/5.0 (Windows NT 10.0; Win64; x64) AppleWebKit/537.36 (KHTML, like Gecko) Chrome/99.0.4844.84 Safari/537.36"
::ffff:127.0.0.1 - - [06/Apr/2022:09:20:43 +0000] "GET /api/products/find/undefined HTTP/1.1" 500 246 "http://localhost:3000/" "Mozilla/5.0 (Windows NT 10.0; Win64; x64) AppleWebKit/537.36 (KHTML, like Gecko) Chrome/99.0.4844.84 Safari/537.36"
::ffff:127.0.0.1 - - [06/Apr/2022:09:20:44 +0000] "GET /api/products/find/undefined HTTP/1.1" 500 246 "http://localhost:3000/" "Mozilla/5.0 (Windows NT 10.0; Win64; x64) AppleWebKit/537.36 (KHTML, like Gecko) Chrome/99.0.4844.84 Safari/537.36"
::ffff:127.0.0.1 - - [06/Apr/2022:09:20:44 +0000] "GET /api/products/find/undefined HTTP/1.1" 500 246 "http://localhost:3000/" "Mozilla/5.0 (Windows NT 10.0; Win64; x64) AppleWebKit/537.36 (KHTML, like Gecko) Chrome/99.0.4844.84 Safari/537.36"
::ffff:127.0.0.1 - - [06/Apr/2022:09:20:44 +0000] "GET /api/products/find/undefined HTTP/1.1" 500 246 "http://localhost:3000/" "Mozilla/5.0 (Windows NT 10.0; Win64; x64) AppleWebKit/537.36 (KHTML, like Gecko) Chrome/99.0.4844.84 Safari/537.36"
::ffff:127.0.0.1 - - [06/Apr/2022:09:20:44 +0000] "GET /api/products/find/undefined HTTP/1.1" 500 246 "http://localhost:3000/" "Mozilla/5.0 (Windows NT 10.0; Win64; x64) AppleWebKit/537.36 (KHTML, like Gecko) Chrome/99.0.4844.84 Safari/537.36"
::ffff:127.0.0.1 - - [06/Apr/2022:09:20:44 +0000] "GET /api/products/find/undefined HTTP/1.1" 500 246 "http://localhost:3000/" "Mozilla/5.0 (Windows NT 10.0; Win64; x64) AppleWebKit/537.36 (KHTML, like Gecko) Chrome/99.0.4844.84 Safari/537.36"
::ffff:127.0.0.1 - - [06/Apr/2022:09:20:44 +0000] "GET /api/products/find/undefined HTTP/1.1" 500 246 "http://localhost:3000/" "Mozilla/5.0 (Windows NT 10.0; Win64; x64) AppleWebKit/537.36 (KHTML, like Gecko) Chrome/99.0.4844.84 Safari/537.36"
::ffff:127.0.0.1 - - [06/Apr/2022:09:20:44 +0000] "GET /api/products/find/undefined HTTP/1.1" 500 246 "http://localhost:3000/" "Mozilla/5.0 (Windows NT 10.0; Win64; x64) AppleWebKit/537.36 (KHTML, like Gecko) Chrome/99.0.4844.84 Safari/537.36"
::ffff:127.0.0.1 - - [06/Apr/2022:09:20:44 +0000] "GET /api/products/find/undefined HTTP/1.1" 500 246 "http://localhost:3000/" "Mozilla/5.0 (Windows NT 10.0; Win64; x64) AppleWebKit/537.36 (KHTML, like Gecko) Chrome/99.0.4844.84 Safari/537.36"
::ffff:127.0.0.1 - - [06/Apr/2022:09:20:44 +0000] "GET /api/products/find/undefined HTTP/1.1" 500 246 "http://localhost:3000/" "Mozilla/5.0 (Windows NT 10.0; Win64; x64) AppleWebKit/537.36 (KHTML, like Gecko) Chrome/99.0.4844.84 Safari/537.36"
::ffff:127.0.0.1 - - [06/Apr/2022:09:20:44 +0000] "GET /api/products/find/undefined HTTP/1.1" 500 246 "http://localhost:3000/" "Mozilla/5.0 (Windows NT 10.0; Win64; x64) AppleWebKit/537.36 (KHTML, like Gecko) Chrome/99.0.4844.84 Safari/537.36"
::ffff:127.0.0.1 - - [06/Apr/2022:09:20:44 +0000] "GET /api/products/find/undefined HTTP/1.1" 500 246 "http://localhost:3000/" "Mozilla/5.0 (Windows NT 10.0; Win64; x64) AppleWebKit/537.36 (KHTML, like Gecko) Chrome/99.0.4844.84 Safari/537.36"
::ffff:127.0.0.1 - - [06/Apr/2022:09:20:44 +0000] "GET /api/products/find/undefined HTTP/1.1" 500 246 "http://localhost:3000/" "Mozilla/5.0 (Windows NT 10.0; Win64; x64) AppleWebKit/537.36 (KHTML, like Gecko) Chrome/99.0.4844.84 Safari/537.36"
::ffff:127.0.0.1 - - [06/Apr/2022:09:20:44 +0000] "GET /api/products/find/undefined HTTP/1.1" 500 246 "http://localhost:3000/" "Mozilla/5.0 (Windows NT 10.0; Win64; x64) AppleWebKit/537.36 (KHTML, like Gecko) Chrome/99.0.4844.84 Safari/537.36"
::ffff:127.0.0.1 - - [06/Apr/2022:09:20:44 +0000] "GET /api/users/?new=true HTTP/1.1" 304 - "http://localhost:3001/" "Mozilla/5.0 (Windows NT 10.0; Win64; x64) AppleWebKit/537.36 (KHTML, like Gecko) Chrome/99.0.4844.84 Safari/537.36"
::ffff:127.0.0.1 - - [06/Apr/2022:09:20:44 +0000] "GET /api/products/find/undefined HTTP/1.1" 500 246 "http://localhost:3000/" "Mozilla/5.0 (Windows NT 10.0; Win64; x64) AppleWebKit/537.36 (KHTML, like Gecko) Chrome/99.0.4844.84 Safari/537.36"
::ffff:127.0.0.1 - - [06/Apr/2022:09:20:44 +0000] "GET /api/products/find/undefined HTTP/1.1" 500 246 "http://localhost:3000/" "Mozilla/5.0 (Windows NT 10.0; Win64; x64) AppleWebKit/537.36 (KHTML, like Gecko) Chrome/99.0.4844.84 Safari/537.36"
::ffff:127.0.0.1 - - [06/Apr/2022:09:20:45 +0000] "GET /api/products/find/undefined HTTP/1.1" 500 246 "http://localhost:3000/" "Mozilla/5.0 (Windows NT 10.0; Win64; x64) AppleWebKit/537.36 (KHTML, like Gecko) Chrome/99.0.4844.84 Safari/537.36"
::ffff:127.0.0.1 - - [06/Apr/2022:09:20:45 +0000] "GET /api/products/find/undefined HTTP/1.1" 500 246 "http://localhost:3000/" "Mozilla/5.0 (Windows NT 10.0; Win64; x64) AppleWebKit/537.36 (KHTML, like Gecko) Chrome/99.0.4844.84 Safari/537.36"
::ffff:127.0.0.1 - - [06/Apr/2022:09:20:45 +0000] "GET /api/products/find/undefined HTTP/1.1" 500 246 "http://localhost:3000/" "Mozilla/5.0 (Windows NT 10.0; Win64; x64) AppleWebKit/537.36 (KHTML, like Gecko) Chrome/99.0.4844.84 Safari/537.36"
::ffff:127.0.0.1 - - [06/Apr/2022:09:20:45 +0000] "GET /api/products/find/undefined HTTP/1.1" 500 246 "http://localhost:3000/" "Mozilla/5.0 (Windows NT 10.0; Win64; x64) AppleWebKit/537.36 (KHTML, like Gecko) Chrome/99.0.4844.84 Safari/537.36"
::ffff:127.0.0.1 - - [06/Apr/2022:09:21:00 +0000] "GET /api/products HTTP/1.1" 200 21917 "http://localhost:3000/" "Mozilla/5.0 (Windows NT 10.0; Win64; x64) AppleWebKit/537.36 (KHTML, like Gecko) Chrome/100.0.4896.75 Safari/537.36"
::ffff:127.0.0.1 - - [06/Apr/2022:09:21:00 +0000] "GET /api/products/find/undefined HTTP/1.1" 500 246 "http://localhost:3000/" "Mozilla/5.0 (Windows NT 10.0; Win64; x64) AppleWebKit/537.36 (KHTML, like Gecko) Chrome/100.0.4896.75 Safari/537.36"
::ffff:127.0.0.1 - - [06/Apr/2022:09:21:00 +0000] "GET /api/products/find/undefined HTTP/1.1" 500 246 "http://localhost:3000/" "Mozilla/5.0 (Windows NT 10.0; Win64; x64) AppleWebKit/537.36 (KHTML, like Gecko) Chrome/100.0.4896.75 Safari/537.36"
::ffff:127.0.0.1 - - [06/Apr/2022:09:21:00 +0000] "GET /api/products/find/undefined HTTP/1.1" 500 246 "http://localhost:3000/" "Mozilla/5.0 (Windows NT 10.0; Win64; x64) AppleWebKit/537.36 (KHTML, like Gecko) Chrome/100.0.4896.75 Safari/537.36"
::ffff:127.0.0.1 - - [06/Apr/2022:09:21:00 +0000] "GET /api/products/find/undefined HTTP/1.1" 500 246 "http://localhost:3000/" "Mozilla/5.0 (Windows NT 10.0; Win64; x64) AppleWebKit/537.36 (KHTML, like Gecko) Chrome/100.0.4896.75 Safari/537.36"
::ffff:127.0.0.1 - - [06/Apr/2022:09:21:00 +0000] "GET /api/products/find/undefined HTTP/1.1" 500 246 "http://localhost:3000/" "Mozilla/5.0 (Windows NT 10.0; Win64; x64) AppleWebKit/537.36 (KHTML, like Gecko) Chrome/100.0.4896.75 Safari/537.36"
::ffff:127.0.0.1 - - [06/Apr/2022:09:21:00 +0000] "GET /api/products/find/undefined HTTP/1.1" 500 246 "http://localhost:3000/" "Mozilla/5.0 (Windows NT 10.0; Win64; x64) AppleWebKit/537.36 (KHTML, like Gecko) Chrome/100.0.4896.75 Safari/537.36"
::ffff:127.0.0.1 - - [06/Apr/2022:09:21:01 +0000] "GET /api/products/find/undefined HTTP/1.1" 500 246 "http://localhost:3000/" "Mozilla/5.0 (Windows NT 10.0; Win64; x64) AppleWebKit/537.36 (KHTML, like Gecko) Chrome/100.0.4896.75 Safari/537.36"
::ffff:127.0.0.1 - - [06/Apr/2022:09:21:01 +0000] "GET /api/products/find/undefined HTTP/1.1" 500 246 "http://localhost:3000/" "Mozilla/5.0 (Windows NT 10.0; Win64; x64) AppleWebKit/537.36 (KHTML, like Gecko) Chrome/100.0.4896.75 Safari/537.36"
::ffff:127.0.0.1 - - [06/Apr/2022:09:21:01 +0000] "GET /api/products/find/undefined HTTP/1.1" 500 246 "http://localhost:3000/" "Mozilla/5.0 (Windows NT 10.0; Win64; x64) AppleWebKit/537.36 (KHTML, like Gecko) Chrome/100.0.4896.75 Safari/537.36"
::ffff:127.0.0.1 - - [06/Apr/2022:09:21:01 +0000] "GET /api/products/find/undefined HTTP/1.1" 500 246 "http://localhost:3000/" "Mozilla/5.0 (Windows NT 10.0; Win64; x64) AppleWebKit/537.36 (KHTML, like Gecko) Chrome/100.0.4896.75 Safari/537.36"
::ffff:127.0.0.1 - - [06/Apr/2022:09:21:01 +0000] "GET /api/products/find/undefined HTTP/1.1" 500 246 "http://localhost:3000/" "Mozilla/5.0 (Windows NT 10.0; Win64; x64) AppleWebKit/537.36 (KHTML, like Gecko) Chrome/100.0.4896.75 Safari/537.36"
::ffff:127.0.0.1 - - [06/Apr/2022:09:21:01 +0000] "GET /api/products/find/undefined HTTP/1.1" 500 246 "http://localhost:3000/" "Mozilla/5.0 (Windows NT 10.0; Win64; x64) AppleWebKit/537.36 (KHTML, like Gecko) Chrome/100.0.4896.75 Safari/537.36"
::ffff:127.0.0.1 - - [06/Apr/2022:09:21:01 +0000] "GET /api/products/find/undefined HTTP/1.1" 500 246 "http://localhost:3000/" "Mozilla/5.0 (Windows NT 10.0; Win64; x64) AppleWebKit/537.36 (KHTML, like Gecko) Chrome/100.0.4896.75 Safari/537.36"
::ffff:127.0.0.1 - - [06/Apr/2022:09:21:01 +0000] "GET /api/products/find/undefined HTTP/1.1" 500 246 "http://localhost:3000/" "Mozilla/5.0 (Windows NT 10.0; Win64; x64) AppleWebKit/537.36 (KHTML, like Gecko) Chrome/100.0.4896.75 Safari/537.36"
::ffff:127.0.0.1 - - [06/Apr/2022:09:21:01 +0000] "GET /api/products/find/undefined HTTP/1.1" 500 246 "http://localhost:3000/" "Mozilla/5.0 (Windows NT 10.0; Win64; x64) AppleWebKit/537.36 (KHTML, like Gecko) Chrome/100.0.4896.75 Safari/537.36"
::ffff:127.0.0.1 - - [06/Apr/2022:09:21:01 +0000] "GET /api/products/find/undefined HTTP/1.1" 500 246 "http://localhost:3000/" "Mozilla/5.0 (Windows NT 10.0; Win64; x64) AppleWebKit/537.36 (KHTML, like Gecko) Chrome/100.0.4896.75 Safari/537.36"
::ffff:127.0.0.1 - - [06/Apr/2022:09:21:01 +0000] "GET /api/products/find/undefined HTTP/1.1" 500 246 "http://localhost:3000/" "Mozilla/5.0 (Windows NT 10.0; Win64; x64) AppleWebKit/537.36 (KHTML, like Gecko) Chrome/100.0.4896.75 Safari/537.36"
::ffff:127.0.0.1 - - [06/Apr/2022:09:21:01 +0000] "GET /api/products/find/undefined HTTP/1.1" 500 246 "http://localhost:3000/" "Mozilla/5.0 (Windows NT 10.0; Win64; x64) AppleWebKit/537.36 (KHTML, like Gecko) Chrome/100.0.4896.75 Safari/537.36"
::ffff:127.0.0.1 - - [06/Apr/2022:09:21:01 +0000] "GET /api/products/find/undefined HTTP/1.1" 500 246 "http://localhost:3000/" "Mozilla/5.0 (Windows NT 10.0; Win64; x64) AppleWebKit/537.36 (KHTML, like Gecko) Chrome/100.0.4896.75 Safari/537.36"
::ffff:127.0.0.1 - - [06/Apr/2022:09:21:01 +0000] "GET /api/products/find/undefined HTTP/1.1" 500 246 "http://localhost:3000/" "Mozilla/5.0 (Windows NT 10.0; Win64; x64) AppleWebKit/537.36 (KHTML, like Gecko) Chrome/100.0.4896.75 Safari/537.36"
::ffff:127.0.0.1 - - [06/Apr/2022:09:21:01 +0000] "GET /api/products/find/undefined HTTP/1.1" 500 246 "http://localhost:3000/" "Mozilla/5.0 (Windows NT 10.0; Win64; x64) AppleWebKit/537.36 (KHTML, like Gecko) Chrome/100.0.4896.75 Safari/537.36"
::ffff:127.0.0.1 - - [06/Apr/2022:09:21:02 +0000] "GET /api/products/find/undefined HTTP/1.1" 500 246 "http://localhost:3000/" "Mozilla/5.0 (Windows NT 10.0; Win64; x64) AppleWebKit/537.36 (KHTML, like Gecko) Chrome/100.0.4896.75 Safari/537.36"
::ffff:127.0.0.1 - - [06/Apr/2022:09:21:02 +0000] "GET /api/products/find/undefined HTTP/1.1" 500 246 "http://localhost:3000/" "Mozilla/5.0 (Windows NT 10.0; Win64; x64) AppleWebKit/537.36 (KHTML, like Gecko) Chrome/100.0.4896.75 Safari/537.36"
::ffff:127.0.0.1 - - [06/Apr/2022:09:23:42 +0000] "GET / HTTP/1.1" 404 139 "-" "Mozilla/5.0 (Windows NT 10.0; Win64; x64) AppleWebKit/537.36 (KHTML, like Gecko) Chrome/99.0.4844.84 Safari/537.36"
::ffff:127.0.0.1 - - [06/Apr/2022:09:23:44 +0000] "GET /api/products HTTP/1.1" 304 - "http://localhost:3000/" "Mozilla/5.0 (Windows NT 10.0; Win64; x64) AppleWebKit/537.36 (KHTML, like Gecko) Chrome/99.0.4844.84 Safari/537.36"
::ffff:127.0.0.1 - - [06/Apr/2022:09:23:44 +0000] "GET /api/orders/income HTTP/1.1" 200 45 "http://localhost:3001/" "Mozilla/5.0 (Windows NT 10.0; Win64; x64) AppleWebKit/537.36 (KHTML, like Gecko) Chrome/99.0.4844.84 Safari/537.36"
::ffff:127.0.0.1 - - [06/Apr/2022:09:23:44 +0000] "GET /api/users/?new=true HTTP/1.1" 200 1314 "http://localhost:3001/" "Mozilla/5.0 (Windows NT 10.0; Win64; x64) AppleWebKit/537.36 (KHTML, like Gecko) Chrome/99.0.4844.84 Safari/537.36"
::ffff:127.0.0.1 - - [06/Apr/2022:09:23:44 +0000] "GET /api/products/find/undefined HTTP/1.1" 500 246 "http://localhost:3000/" "Mozilla/5.0 (Windows NT 10.0; Win64; x64) AppleWebKit/537.36 (KHTML, like Gecko) Chrome/99.0.4844.84 Safari/537.36"
::ffff:127.0.0.1 - - [06/Apr/2022:09:23:44 +0000] "GET /api/products/find/undefined HTTP/1.1" 500 246 "http://localhost:3000/" "Mozilla/5.0 (Windows NT 10.0; Win64; x64) AppleWebKit/537.36 (KHTML, like Gecko) Chrome/99.0.4844.84 Safari/537.36"
::ffff:127.0.0.1 - - [06/Apr/2022:09:23:44 +0000] "GET /api/products/find/undefined HTTP/1.1" 500 246 "http://localhost:3000/" "Mozilla/5.0 (Windows NT 10.0; Win64; x64) AppleWebKit/537.36 (KHTML, like Gecko) Chrome/99.0.4844.84 Safari/537.36"
::ffff:127.0.0.1 - - [06/Apr/2022:09:23:44 +0000] "GET /api/products/find/undefined HTTP/1.1" 500 246 "http://localhost:3000/" "Mozilla/5.0 (Windows NT 10.0; Win64; x64) AppleWebKit/537.36 (KHTML, like Gecko) Chrome/99.0.4844.84 Safari/537.36"
::ffff:127.0.0.1 - - [06/Apr/2022:09:23:44 +0000] "GET /api/users/stats HTTP/1.1" 200 104 "http://localhost:3001/" "Mozilla/5.0 (Windows NT 10.0; Win64; x64) AppleWebKit/537.36 (KHTML, like Gecko) Chrome/99.0.4844.84 Safari/537.36"
::ffff:127.0.0.1 - - [06/Apr/2022:09:23:44 +0000] "GET /api/orders?new=true HTTP/1.1" 200 5446 "http://localhost:3001/" "Mozilla/5.0 (Windows NT 10.0; Win64; x64) AppleWebKit/537.36 (KHTML, like Gecko) Chrome/99.0.4844.84 Safari/537.36"
::ffff:127.0.0.1 - - [06/Apr/2022:09:23:44 +0000] "GET /api/products/find/undefined HTTP/1.1" 500 246 "http://localhost:3000/" "Mozilla/5.0 (Windows NT 10.0; Win64; x64) AppleWebKit/537.36 (KHTML, like Gecko) Chrome/99.0.4844.84 Safari/537.36"
::ffff:127.0.0.1 - - [06/Apr/2022:09:23:45 +0000] "GET /api/products/find/undefined HTTP/1.1" 500 246 "http://localhost:3000/" "Mozilla/5.0 (Windows NT 10.0; Win64; x64) AppleWebKit/537.36 (KHTML, like Gecko) Chrome/99.0.4844.84 Safari/537.36"
::ffff:127.0.0.1 - - [06/Apr/2022:09:23:45 +0000] "GET /api/products/find/undefined HTTP/1.1" 500 246 "http://localhost:3000/" "Mozilla/5.0 (Windows NT 10.0; Win64; x64) AppleWebKit/537.36 (KHTML, like Gecko) Chrome/99.0.4844.84 Safari/537.36"
::ffff:127.0.0.1 - - [06/Apr/2022:09:23:45 +0000] "GET /api/products/find/undefined HTTP/1.1" 500 246 "http://localhost:3000/" "Mozilla/5.0 (Windows NT 10.0; Win64; x64) AppleWebKit/537.36 (KHTML, like Gecko) Chrome/99.0.4844.84 Safari/537.36"
::ffff:127.0.0.1 - - [06/Apr/2022:09:23:45 +0000] "GET /api/products/find/undefined HTTP/1.1" 500 246 "http://localhost:3000/" "Mozilla/5.0 (Windows NT 10.0; Win64; x64) AppleWebKit/537.36 (KHTML, like Gecko) Chrome/99.0.4844.84 Safari/537.36"
::ffff:127.0.0.1 - - [06/Apr/2022:09:23:45 +0000] "GET /api/products/find/undefined HTTP/1.1" 500 246 "http://localhost:3000/" "Mozilla/5.0 (Windows NT 10.0; Win64; x64) AppleWebKit/537.36 (KHTML, like Gecko) Chrome/99.0.4844.84 Safari/537.36"
::ffff:127.0.0.1 - - [06/Apr/2022:09:23:45 +0000] "GET /api/products/find/undefined HTTP/1.1" 500 246 "http://localhost:3000/" "Mozilla/5.0 (Windows NT 10.0; Win64; x64) AppleWebKit/537.36 (KHTML, like Gecko) Chrome/99.0.4844.84 Safari/537.36"
::ffff:127.0.0.1 - - [06/Apr/2022:09:23:45 +0000] "GET /api/products/find/undefined HTTP/1.1" 500 246 "http://localhost:3000/" "Mozilla/5.0 (Windows NT 10.0; Win64; x64) AppleWebKit/537.36 (KHTML, like Gecko) Chrome/99.0.4844.84 Safari/537.36"
::ffff:127.0.0.1 - - [06/Apr/2022:09:23:45 +0000] "GET /api/products/find/undefined HTTP/1.1" 500 246 "http://localhost:3000/" "Mozilla/5.0 (Windows NT 10.0; Win64; x64) AppleWebKit/537.36 (KHTML, like Gecko) Chrome/99.0.4844.84 Safari/537.36"
::ffff:127.0.0.1 - - [06/Apr/2022:09:23:45 +0000] "GET /api/products/find/undefined HTTP/1.1" 500 246 "http://localhost:3000/" "Mozilla/5.0 (Windows NT 10.0; Win64; x64) AppleWebKit/537.36 (KHTML, like Gecko) Chrome/99.0.4844.84 Safari/537.36"
::ffff:127.0.0.1 - - [06/Apr/2022:09:23:45 +0000] "GET /api/products/find/undefined HTTP/1.1" 500 246 "http://localhost:3000/" "Mozilla/5.0 (Windows NT 10.0; Win64; x64) AppleWebKit/537.36 (KHTML, like Gecko) Chrome/99.0.4844.84 Safari/537.36"
::ffff:127.0.0.1 - - [06/Apr/2022:09:23:45 +0000] "GET /api/products/find/undefined HTTP/1.1" 500 246 "http://localhost:3000/" "Mozilla/5.0 (Windows NT 10.0; Win64; x64) AppleWebKit/537.36 (KHTML, like Gecko) Chrome/99.0.4844.84 Safari/537.36"
::ffff:127.0.0.1 - - [06/Apr/2022:09:23:45 +0000] "GET /api/products/find/undefined HTTP/1.1" 500 246 "http://localhost:3000/" "Mozilla/5.0 (Windows NT 10.0; Win64; x64) AppleWebKit/537.36 (KHTML, like Gecko) Chrome/99.0.4844.84 Safari/537.36"
::ffff:127.0.0.1 - - [06/Apr/2022:09:23:45 +0000] "GET /api/products/find/undefined HTTP/1.1" 500 246 "http://localhost:3000/" "Mozilla/5.0 (Windows NT 10.0; Win64; x64) AppleWebKit/537.36 (KHTML, like Gecko) Chrome/99.0.4844.84 Safari/537.36"
::ffff:127.0.0.1 - - [06/Apr/2022:09:23:45 +0000] "GET /api/products/find/undefined HTTP/1.1" 500 246 "http://localhost:3000/" "Mozilla/5.0 (Windows NT 10.0; Win64; x64) AppleWebKit/537.36 (KHTML, like Gecko) Chrome/99.0.4844.84 Safari/537.36"
::ffff:127.0.0.1 - - [06/Apr/2022:09:23:45 +0000] "GET /api/products/find/undefined HTTP/1.1" 500 246 "http://localhost:3000/" "Mozilla/5.0 (Windows NT 10.0; Win64; x64) AppleWebKit/537.36 (KHTML, like Gecko) Chrome/99.0.4844.84 Safari/537.36"
::ffff:127.0.0.1 - - [06/Apr/2022:09:23:46 +0000] "GET /api/products/find/undefined HTTP/1.1" 500 246 "http://localhost:3000/" "Mozilla/5.0 (Windows NT 10.0; Win64; x64) AppleWebKit/537.36 (KHTML, like Gecko) Chrome/99.0.4844.84 Safari/537.36"
::ffff:127.0.0.1 - - [06/Apr/2022:09:23:46 +0000] "GET /api/products/find/undefined HTTP/1.1" 500 246 "http://localhost:3000/" "Mozilla/5.0 (Windows NT 10.0; Win64; x64) AppleWebKit/537.36 (KHTML, like Gecko) Chrome/99.0.4844.84 Safari/537.36"
::ffff:127.0.0.1 - - [06/Apr/2022:09:23:46 +0000] "GET /api/products/find/undefined HTTP/1.1" 500 246 "http://localhost:3000/" "Mozilla/5.0 (Windows NT 10.0; Win64; x64) AppleWebKit/537.36 (KHTML, like Gecko) Chrome/99.0.4844.84 Safari/537.36"
