::1 - - [27/Apr/2022:10:15:42 +0000] "GET /api/products HTTP/1.1" 200 21851 "http://localhost:3000/" "Mozilla/5.0 (Windows NT 10.0; Win64; x64) AppleWebKit/537.36 (KHTML, like Gecko) Chrome/100.0.4896.127 Safari/537.36"
::1 - - [27/Apr/2022:10:15:42 +0000] "GET /api/products/find/undefined HTTP/1.1" 500 246 "http://localhost:3000/" "Mozilla/5.0 (Windows NT 10.0; Win64; x64) AppleWebKit/537.36 (KHTML, like Gecko) Chrome/100.0.4896.127 Safari/537.36"
::1 - - [27/Apr/2022:10:15:42 +0000] "GET /api/products/find/undefined HTTP/1.1" 500 246 "http://localhost:3000/" "Mozilla/5.0 (Windows NT 10.0; Win64; x64) AppleWebKit/537.36 (KHTML, like Gecko) Chrome/100.0.4896.127 Safari/537.36"
::1 - - [27/Apr/2022:10:15:42 +0000] "GET /api/products/find/undefined HTTP/1.1" 500 246 "http://localhost:3000/" "Mozilla/5.0 (Windows NT 10.0; Win64; x64) AppleWebKit/537.36 (KHTML, like Gecko) Chrome/100.0.4896.127 Safari/537.36"
::1 - - [27/Apr/2022:10:15:42 +0000] "GET /api/products/find/undefined HTTP/1.1" 500 246 "http://localhost:3000/" "Mozilla/5.0 (Windows NT 10.0; Win64; x64) AppleWebKit/537.36 (KHTML, like Gecko) Chrome/100.0.4896.127 Safari/537.36"
::1 - - [27/Apr/2022:10:15:42 +0000] "GET /api/products/find/undefined HTTP/1.1" 500 246 "http://localhost:3000/" "Mozilla/5.0 (Windows NT 10.0; Win64; x64) AppleWebKit/537.36 (KHTML, like Gecko) Chrome/100.0.4896.127 Safari/537.36"
::1 - - [27/Apr/2022:10:15:42 +0000] "GET /api/products/find/undefined HTTP/1.1" 500 246 "http://localhost:3000/" "Mozilla/5.0 (Windows NT 10.0; Win64; x64) AppleWebKit/537.36 (KHTML, like Gecko) Chrome/100.0.4896.127 Safari/537.36"
::1 - - [27/Apr/2022:10:15:42 +0000] "GET /api/products/find/undefined HTTP/1.1" 500 246 "http://localhost:3000/" "Mozilla/5.0 (Windows NT 10.0; Win64; x64) AppleWebKit/537.36 (KHTML, like Gecko) Chrome/100.0.4896.127 Safari/537.36"
::1 - - [27/Apr/2022:10:15:42 +0000] "GET /api/products/find/undefined HTTP/1.1" 500 246 "http://localhost:3000/" "Mozilla/5.0 (Windows NT 10.0; Win64; x64) AppleWebKit/537.36 (KHTML, like Gecko) Chrome/100.0.4896.127 Safari/537.36"
::1 - - [27/Apr/2022:10:15:42 +0000] "GET /api/products/find/undefined HTTP/1.1" 500 246 "http://localhost:3000/" "Mozilla/5.0 (Windows NT 10.0; Win64; x64) AppleWebKit/537.36 (KHTML, like Gecko) Chrome/100.0.4896.127 Safari/537.36"
::1 - - [27/Apr/2022:10:15:42 +0000] "GET /api/products/find/undefined HTTP/1.1" 500 246 "http://localhost:3000/" "Mozilla/5.0 (Windows NT 10.0; Win64; x64) AppleWebKit/537.36 (KHTML, like Gecko) Chrome/100.0.4896.127 Safari/537.36"
::1 - - [27/Apr/2022:10:15:42 +0000] "GET /api/products/find/undefined HTTP/1.1" 500 246 "http://localhost:3000/" "Mozilla/5.0 (Windows NT 10.0; Win64; x64) AppleWebKit/537.36 (KHTML, like Gecko) Chrome/100.0.4896.127 Safari/537.36"
::1 - - [27/Apr/2022:10:15:42 +0000] "GET /api/products/find/undefined HTTP/1.1" 500 246 "http://localhost:3000/" "Mozilla/5.0 (Windows NT 10.0; Win64; x64) AppleWebKit/537.36 (KHTML, like Gecko) Chrome/100.0.4896.127 Safari/537.36"
::1 - - [27/Apr/2022:10:17:15 +0000] "GET /api/products?category=Vegetable HTTP/1.1" 200 5215 "http://localhost:3000/" "Mozilla/5.0 (Windows NT 10.0; Win64; x64) AppleWebKit/537.36 (KHTML, like Gecko) Chrome/100.0.4896.127 Safari/537.36"
::1 - - [27/Apr/2022:10:17:15 +0000] "GET /api/products/find/Vegetable HTTP/1.1" 500 246 "http://localhost:3000/" "Mozilla/5.0 (Windows NT 10.0; Win64; x64) AppleWebKit/537.36 (KHTML, like Gecko) Chrome/100.0.4896.127 Safari/537.36"
::1 - - [27/Apr/2022:10:17:15 +0000] "GET /api/products/find/Vegetable HTTP/1.1" 500 246 "http://localhost:3000/" "Mozilla/5.0 (Windows NT 10.0; Win64; x64) AppleWebKit/537.36 (KHTML, like Gecko) Chrome/100.0.4896.127 Safari/537.36"
::1 - - [27/Apr/2022:10:17:15 +0000] "GET /api/products/find/Vegetable HTTP/1.1" 500 246 "http://localhost:3000/" "Mozilla/5.0 (Windows NT 10.0; Win64; x64) AppleWebKit/537.36 (KHTML, like Gecko) Chrome/100.0.4896.127 Safari/537.36"
::1 - - [27/Apr/2022:10:17:15 +0000] "GET /api/products/find/Vegetable HTTP/1.1" 500 246 "http://localhost:3000/" "Mozilla/5.0 (Windows NT 10.0; Win64; x64) AppleWebKit/537.36 (KHTML, like Gecko) Chrome/100.0.4896.127 Safari/537.36"
::1 - - [27/Apr/2022:10:17:15 +0000] "GET /api/products/find/Vegetable HTTP/1.1" 500 246 "http://localhost:3000/" "Mozilla/5.0 (Windows NT 10.0; Win64; x64) AppleWebKit/537.36 (KHTML, like Gecko) Chrome/100.0.4896.127 Safari/537.36"
::1 - - [27/Apr/2022:10:17:15 +0000] "GET /api/products/find/Vegetable HTTP/1.1" 500 246 "http://localhost:3000/" "Mozilla/5.0 (Windows NT 10.0; Win64; x64) AppleWebKit/537.36 (KHTML, like Gecko) Chrome/100.0.4896.127 Safari/537.36"
::1 - - [27/Apr/2022:10:17:15 +0000] "GET /api/products/find/Vegetable HTTP/1.1" 500 246 "http://localhost:3000/" "Mozilla/5.0 (Windows NT 10.0; Win64; x64) AppleWebKit/537.36 (KHTML, like Gecko) Chrome/100.0.4896.127 Safari/537.36"
::1 - - [27/Apr/2022:10:18:42 +0000] "GET /api/products HTTP/1.1" 304 - "http://localhost:3000/" "Mozilla/5.0 (Windows NT 10.0; Win64; x64) AppleWebKit/537.36 (KHTML, like Gecko) Chrome/100.0.4896.127 Safari/537.36"
::1 - - [27/Apr/2022:10:18:42 +0000] "GET /api/products/find/undefined HTTP/1.1" 500 246 "http://localhost:3000/" "Mozilla/5.0 (Windows NT 10.0; Win64; x64) AppleWebKit/537.36 (KHTML, like Gecko) Chrome/100.0.4896.127 Safari/537.36"
::1 - - [27/Apr/2022:10:18:42 +0000] "GET /api/products/find/undefined HTTP/1.1" 500 246 "http://localhost:3000/" "Mozilla/5.0 (Windows NT 10.0; Win64; x64) AppleWebKit/537.36 (KHTML, like Gecko) Chrome/100.0.4896.127 Safari/537.36"
::1 - - [27/Apr/2022:10:18:42 +0000] "GET /api/products/find/undefined HTTP/1.1" 500 246 "http://localhost:3000/" "Mozilla/5.0 (Windows NT 10.0; Win64; x64) AppleWebKit/537.36 (KHTML, like Gecko) Chrome/100.0.4896.127 Safari/537.36"
::1 - - [27/Apr/2022:10:18:42 +0000] "GET /api/products/find/undefined HTTP/1.1" 500 246 "http://localhost:3000/" "Mozilla/5.0 (Windows NT 10.0; Win64; x64) AppleWebKit/537.36 (KHTML, like Gecko) Chrome/100.0.4896.127 Safari/537.36"
::1 - - [27/Apr/2022:10:18:42 +0000] "GET /api/products/find/undefined HTTP/1.1" 500 246 "http://localhost:3000/" "Mozilla/5.0 (Windows NT 10.0; Win64; x64) AppleWebKit/537.36 (KHTML, like Gecko) Chrome/100.0.4896.127 Safari/537.36"
::1 - - [27/Apr/2022:10:18:42 +0000] "GET /api/products/find/undefined HTTP/1.1" 500 246 "http://localhost:3000/" "Mozilla/5.0 (Windows NT 10.0; Win64; x64) AppleWebKit/537.36 (KHTML, like Gecko) Chrome/100.0.4896.127 Safari/537.36"
::1 - - [27/Apr/2022:10:18:42 +0000] "GET /api/products/find/undefined HTTP/1.1" 500 246 "http://localhost:3000/" "Mozilla/5.0 (Windows NT 10.0; Win64; x64) AppleWebKit/537.36 (KHTML, like Gecko) Chrome/100.0.4896.127 Safari/537.36"
::1 - - [27/Apr/2022:10:18:42 +0000] "GET /api/products/find/undefined HTTP/1.1" 500 246 "http://localhost:3000/" "Mozilla/5.0 (Windows NT 10.0; Win64; x64) AppleWebKit/537.36 (KHTML, like Gecko) Chrome/100.0.4896.127 Safari/537.36"
::1 - - [27/Apr/2022:10:18:42 +0000] "GET /api/products/find/undefined HTTP/1.1" 500 246 "http://localhost:3000/" "Mozilla/5.0 (Windows NT 10.0; Win64; x64) AppleWebKit/537.36 (KHTML, like Gecko) Chrome/100.0.4896.127 Safari/537.36"
::1 - - [27/Apr/2022:10:18:42 +0000] "GET /api/products/find/undefined HTTP/1.1" 500 246 "http://localhost:3000/" "Mozilla/5.0 (Windows NT 10.0; Win64; x64) AppleWebKit/537.36 (KHTML, like Gecko) Chrome/100.0.4896.127 Safari/537.36"
::1 - - [27/Apr/2022:10:18:42 +0000] "GET /api/products/find/undefined HTTP/1.1" 500 246 "http://localhost:3000/" "Mozilla/5.0 (Windows NT 10.0; Win64; x64) AppleWebKit/537.36 (KHTML, like Gecko) Chrome/100.0.4896.127 Safari/537.36"
::1 - - [27/Apr/2022:10:18:42 +0000] "GET /api/products/find/undefined HTTP/1.1" 500 246 "http://localhost:3000/" "Mozilla/5.0 (Windows NT 10.0; Win64; x64) AppleWebKit/537.36 (KHTML, like Gecko) Chrome/100.0.4896.127 Safari/537.36"
::1 - - [27/Apr/2022:10:18:49 +0000] "GET /api/products?category=Fruit HTTP/1.1" 200 7482 "http://localhost:3000/" "Mozilla/5.0 (Windows NT 10.0; Win64; x64) AppleWebKit/537.36 (KHTML, like Gecko) Chrome/100.0.4896.127 Safari/537.36"
::1 - - [27/Apr/2022:10:18:49 +0000] "GET /api/products/find/Fruit HTTP/1.1" 500 234 "http://localhost:3000/" "Mozilla/5.0 (Windows NT 10.0; Win64; x64) AppleWebKit/537.36 (KHTML, like Gecko) Chrome/100.0.4896.127 Safari/537.36"
::1 - - [27/Apr/2022:10:18:49 +0000] "GET /api/products/find/Fruit HTTP/1.1" 500 234 "http://localhost:3000/" "Mozilla/5.0 (Windows NT 10.0; Win64; x64) AppleWebKit/537.36 (KHTML, like Gecko) Chrome/100.0.4896.127 Safari/537.36"
::1 - - [27/Apr/2022:10:18:49 +0000] "GET /api/products/find/Fruit HTTP/1.1" 500 234 "http://localhost:3000/" "Mozilla/5.0 (Windows NT 10.0; Win64; x64) AppleWebKit/537.36 (KHTML, like Gecko) Chrome/100.0.4896.127 Safari/537.36"
::1 - - [27/Apr/2022:10:18:49 +0000] "GET /api/products/find/Fruit HTTP/1.1" 500 234 "http://localhost:3000/" "Mozilla/5.0 (Windows NT 10.0; Win64; x64) AppleWebKit/537.36 (KHTML, like Gecko) Chrome/100.0.4896.127 Safari/537.36"
::1 - - [27/Apr/2022:10:18:49 +0000] "GET /api/products/find/Fruit HTTP/1.1" 500 234 "http://localhost:3000/" "Mozilla/5.0 (Windows NT 10.0; Win64; x64) AppleWebKit/537.36 (KHTML, like Gecko) Chrome/100.0.4896.127 Safari/537.36"
::1 - - [27/Apr/2022:10:18:49 +0000] "GET /api/products/find/Fruit HTTP/1.1" 500 234 "http://localhost:3000/" "Mozilla/5.0 (Windows NT 10.0; Win64; x64) AppleWebKit/537.36 (KHTML, like Gecko) Chrome/100.0.4896.127 Safari/537.36"
::1 - - [27/Apr/2022:10:18:49 +0000] "GET /api/products/find/Fruit HTTP/1.1" 500 234 "http://localhost:3000/" "Mozilla/5.0 (Windows NT 10.0; Win64; x64) AppleWebKit/537.36 (KHTML, like Gecko) Chrome/100.0.4896.127 Safari/537.36"
::1 - - [27/Apr/2022:10:18:49 +0000] "GET /api/products/find/Fruit HTTP/1.1" 500 234 "http://localhost:3000/" "Mozilla/5.0 (Windows NT 10.0; Win64; x64) AppleWebKit/537.36 (KHTML, like Gecko) Chrome/100.0.4896.127 Safari/537.36"
::1 - - [27/Apr/2022:10:18:49 +0000] "GET /api/products/find/Fruit HTTP/1.1" 500 234 "http://localhost:3000/" "Mozilla/5.0 (Windows NT 10.0; Win64; x64) AppleWebKit/537.36 (KHTML, like Gecko) Chrome/100.0.4896.127 Safari/537.36"
::1 - - [27/Apr/2022:10:18:49 +0000] "GET /api/products/find/Fruit HTTP/1.1" 500 234 "http://localhost:3000/" "Mozilla/5.0 (Windows NT 10.0; Win64; x64) AppleWebKit/537.36 (KHTML, like Gecko) Chrome/100.0.4896.127 Safari/537.36"
::1 - - [27/Apr/2022:10:19:02 +0000] "GET /api/products?category=Fruit HTTP/1.1" 304 - "http://localhost:3000/" "Mozilla/5.0 (Windows NT 10.0; Win64; x64) AppleWebKit/537.36 (KHTML, like Gecko) Chrome/100.0.4896.127 Safari/537.36"
::1 - - [27/Apr/2022:10:19:03 +0000] "GET /api/products/find/Fruit HTTP/1.1" 500 234 "http://localhost:3000/" "Mozilla/5.0 (Windows NT 10.0; Win64; x64) AppleWebKit/537.36 (KHTML, like Gecko) Chrome/100.0.4896.127 Safari/537.36"
::1 - - [27/Apr/2022:10:19:03 +0000] "GET /api/products/find/Fruit HTTP/1.1" 500 234 "http://localhost:3000/" "Mozilla/5.0 (Windows NT 10.0; Win64; x64) AppleWebKit/537.36 (KHTML, like Gecko) Chrome/100.0.4896.127 Safari/537.36"
::1 - - [27/Apr/2022:10:19:03 +0000] "GET /api/products/find/Fruit HTTP/1.1" 500 234 "http://localhost:3000/" "Mozilla/5.0 (Windows NT 10.0; Win64; x64) AppleWebKit/537.36 (KHTML, like Gecko) Chrome/100.0.4896.127 Safari/537.36"
::1 - - [27/Apr/2022:10:19:03 +0000] "GET /api/products/find/Fruit HTTP/1.1" 500 234 "http://localhost:3000/" "Mozilla/5.0 (Windows NT 10.0; Win64; x64) AppleWebKit/537.36 (KHTML, like Gecko) Chrome/100.0.4896.127 Safari/537.36"
::1 - - [27/Apr/2022:10:19:03 +0000] "GET /api/products/find/Fruit HTTP/1.1" 500 234 "http://localhost:3000/" "Mozilla/5.0 (Windows NT 10.0; Win64; x64) AppleWebKit/537.36 (KHTML, like Gecko) Chrome/100.0.4896.127 Safari/537.36"
::1 - - [27/Apr/2022:10:19:03 +0000] "GET /api/products/find/Fruit HTTP/1.1" 500 234 "http://localhost:3000/" "Mozilla/5.0 (Windows NT 10.0; Win64; x64) AppleWebKit/537.36 (KHTML, like Gecko) Chrome/100.0.4896.127 Safari/537.36"
::1 - - [27/Apr/2022:10:19:03 +0000] "GET /api/products/find/Fruit HTTP/1.1" 500 234 "http://localhost:3000/" "Mozilla/5.0 (Windows NT 10.0; Win64; x64) AppleWebKit/537.36 (KHTML, like Gecko) Chrome/100.0.4896.127 Safari/537.36"
::1 - - [27/Apr/2022:10:19:03 +0000] "GET /api/products/find/Fruit HTTP/1.1" 500 234 "http://localhost:3000/" "Mozilla/5.0 (Windows NT 10.0; Win64; x64) AppleWebKit/537.36 (KHTML, like Gecko) Chrome/100.0.4896.127 Safari/537.36"
::1 - - [27/Apr/2022:10:19:03 +0000] "GET /api/products/find/Fruit HTTP/1.1" 500 234 "http://localhost:3000/" "Mozilla/5.0 (Windows NT 10.0; Win64; x64) AppleWebKit/537.36 (KHTML, like Gecko) Chrome/100.0.4896.127 Safari/537.36"
::1 - - [27/Apr/2022:10:19:03 +0000] "GET /api/products/find/Fruit HTTP/1.1" 500 234 "http://localhost:3000/" "Mozilla/5.0 (Windows NT 10.0; Win64; x64) AppleWebKit/537.36 (KHTML, like Gecko) Chrome/100.0.4896.127 Safari/537.36"
::1 - - [27/Apr/2022:10:19:06 +0000] "GET /api/products HTTP/1.1" 304 - "http://localhost:3000/" "Mozilla/5.0 (Windows NT 10.0; Win64; x64) AppleWebKit/537.36 (KHTML, like Gecko) Chrome/100.0.4896.127 Safari/537.36"
::1 - - [27/Apr/2022:10:19:06 +0000] "GET /api/products/find/undefined HTTP/1.1" 500 246 "http://localhost:3000/" "Mozilla/5.0 (Windows NT 10.0; Win64; x64) AppleWebKit/537.36 (KHTML, like Gecko) Chrome/100.0.4896.127 Safari/537.36"
::1 - - [27/Apr/2022:10:19:06 +0000] "GET /api/products/find/undefined HTTP/1.1" 500 246 "http://localhost:3000/" "Mozilla/5.0 (Windows NT 10.0; Win64; x64) AppleWebKit/537.36 (KHTML, like Gecko) Chrome/100.0.4896.127 Safari/537.36"
::1 - - [27/Apr/2022:10:19:06 +0000] "GET /api/products/find/undefined HTTP/1.1" 500 246 "http://localhost:3000/" "Mozilla/5.0 (Windows NT 10.0; Win64; x64) AppleWebKit/537.36 (KHTML, like Gecko) Chrome/100.0.4896.127 Safari/537.36"
::1 - - [27/Apr/2022:10:19:06 +0000] "GET /api/products/find/undefined HTTP/1.1" 500 246 "http://localhost:3000/" "Mozilla/5.0 (Windows NT 10.0; Win64; x64) AppleWebKit/537.36 (KHTML, like Gecko) Chrome/100.0.4896.127 Safari/537.36"
::1 - - [27/Apr/2022:10:19:06 +0000] "GET /api/products/find/undefined HTTP/1.1" 500 246 "http://localhost:3000/" "Mozilla/5.0 (Windows NT 10.0; Win64; x64) AppleWebKit/537.36 (KHTML, like Gecko) Chrome/100.0.4896.127 Safari/537.36"
::1 - - [27/Apr/2022:10:19:06 +0000] "GET /api/products/find/undefined HTTP/1.1" 500 246 "http://localhost:3000/" "Mozilla/5.0 (Windows NT 10.0; Win64; x64) AppleWebKit/537.36 (KHTML, like Gecko) Chrome/100.0.4896.127 Safari/537.36"
::1 - - [27/Apr/2022:10:19:06 +0000] "GET /api/products/find/undefined HTTP/1.1" 500 246 "http://localhost:3000/" "Mozilla/5.0 (Windows NT 10.0; Win64; x64) AppleWebKit/537.36 (KHTML, like Gecko) Chrome/100.0.4896.127 Safari/537.36"
::1 - - [27/Apr/2022:10:19:06 +0000] "GET /api/products/find/undefined HTTP/1.1" 500 246 "http://localhost:3000/" "Mozilla/5.0 (Windows NT 10.0; Win64; x64) AppleWebKit/537.36 (KHTML, like Gecko) Chrome/100.0.4896.127 Safari/537.36"
::1 - - [27/Apr/2022:10:19:14 +0000] "GET /api/products?category=Vegetable HTTP/1.1" 304 - "http://localhost:3000/" "Mozilla/5.0 (Windows NT 10.0; Win64; x64) AppleWebKit/537.36 (KHTML, like Gecko) Chrome/100.0.4896.127 Safari/537.36"
::1 - - [27/Apr/2022:10:19:14 +0000] "GET /api/products/find/Vegetable HTTP/1.1" 500 246 "http://localhost:3000/" "Mozilla/5.0 (Windows NT 10.0; Win64; x64) AppleWebKit/537.36 (KHTML, like Gecko) Chrome/100.0.4896.127 Safari/537.36"
::1 - - [27/Apr/2022:10:19:14 +0000] "GET /api/products/find/Vegetable HTTP/1.1" 500 246 "http://localhost:3000/" "Mozilla/5.0 (Windows NT 10.0; Win64; x64) AppleWebKit/537.36 (KHTML, like Gecko) Chrome/100.0.4896.127 Safari/537.36"
::1 - - [27/Apr/2022:10:19:14 +0000] "GET /api/products/find/Vegetable HTTP/1.1" 500 246 "http://localhost:3000/" "Mozilla/5.0 (Windows NT 10.0; Win64; x64) AppleWebKit/537.36 (KHTML, like Gecko) Chrome/100.0.4896.127 Safari/537.36"
::1 - - [27/Apr/2022:10:19:14 +0000] "GET /api/products/find/Vegetable HTTP/1.1" 500 246 "http://localhost:3000/" "Mozilla/5.0 (Windows NT 10.0; Win64; x64) AppleWebKit/537.36 (KHTML, like Gecko) Chrome/100.0.4896.127 Safari/537.36"
::1 - - [27/Apr/2022:10:19:14 +0000] "GET /api/products/find/Vegetable HTTP/1.1" 500 246 "http://localhost:3000/" "Mozilla/5.0 (Windows NT 10.0; Win64; x64) AppleWebKit/537.36 (KHTML, like Gecko) Chrome/100.0.4896.127 Safari/537.36"
::1 - - [27/Apr/2022:10:19:14 +0000] "GET /api/products/find/Vegetable HTTP/1.1" 500 246 "http://localhost:3000/" "Mozilla/5.0 (Windows NT 10.0; Win64; x64) AppleWebKit/537.36 (KHTML, like Gecko) Chrome/100.0.4896.127 Safari/537.36"
::1 - - [27/Apr/2022:10:19:14 +0000] "GET /api/products/find/Vegetable HTTP/1.1" 500 246 "http://localhost:3000/" "Mozilla/5.0 (Windows NT 10.0; Win64; x64) AppleWebKit/537.36 (KHTML, like Gecko) Chrome/100.0.4896.127 Safari/537.36"
::1 - - [27/Apr/2022:10:19:24 +0000] "GET /api/products HTTP/1.1" 304 - "http://localhost:3000/" "Mozilla/5.0 (Windows NT 10.0; Win64; x64) AppleWebKit/537.36 (KHTML, like Gecko) Chrome/100.0.4896.127 Safari/537.36"
::1 - - [27/Apr/2022:10:19:24 +0000] "GET /api/products/find/undefined HTTP/1.1" 500 246 "http://localhost:3000/" "Mozilla/5.0 (Windows NT 10.0; Win64; x64) AppleWebKit/537.36 (KHTML, like Gecko) Chrome/100.0.4896.127 Safari/537.36"
::1 - - [27/Apr/2022:10:19:24 +0000] "GET /api/products/find/undefined HTTP/1.1" 500 246 "http://localhost:3000/" "Mozilla/5.0 (Windows NT 10.0; Win64; x64) AppleWebKit/537.36 (KHTML, like Gecko) Chrome/100.0.4896.127 Safari/537.36"
::1 - - [27/Apr/2022:10:19:24 +0000] "GET /api/products/find/undefined HTTP/1.1" 500 246 "http://localhost:3000/" "Mozilla/5.0 (Windows NT 10.0; Win64; x64) AppleWebKit/537.36 (KHTML, like Gecko) Chrome/100.0.4896.127 Safari/537.36"
::1 - - [27/Apr/2022:10:19:24 +0000] "GET /api/products/find/undefined HTTP/1.1" 500 246 "http://localhost:3000/" "Mozilla/5.0 (Windows NT 10.0; Win64; x64) AppleWebKit/537.36 (KHTML, like Gecko) Chrome/100.0.4896.127 Safari/537.36"
::1 - - [27/Apr/2022:10:19:24 +0000] "GET /api/products/find/undefined HTTP/1.1" 500 246 "http://localhost:3000/" "Mozilla/5.0 (Windows NT 10.0; Win64; x64) AppleWebKit/537.36 (KHTML, like Gecko) Chrome/100.0.4896.127 Safari/537.36"
::1 - - [27/Apr/2022:10:19:24 +0000] "GET /api/products/find/undefined HTTP/1.1" 500 246 "http://localhost:3000/" "Mozilla/5.0 (Windows NT 10.0; Win64; x64) AppleWebKit/537.36 (KHTML, like Gecko) Chrome/100.0.4896.127 Safari/537.36"
::1 - - [27/Apr/2022:10:19:24 +0000] "GET /api/products/find/undefined HTTP/1.1" 500 246 "http://localhost:3000/" "Mozilla/5.0 (Windows NT 10.0; Win64; x64) AppleWebKit/537.36 (KHTML, like Gecko) Chrome/100.0.4896.127 Safari/537.36"
::1 - - [27/Apr/2022:10:19:24 +0000] "GET /api/products/find/undefined HTTP/1.1" 500 246 "http://localhost:3000/" "Mozilla/5.0 (Windows NT 10.0; Win64; x64) AppleWebKit/537.36 (KHTML, like Gecko) Chrome/100.0.4896.127 Safari/537.36"
::1 - - [27/Apr/2022:10:19:24 +0000] "GET /api/products/find/undefined HTTP/1.1" 500 246 "http://localhost:3000/" "Mozilla/5.0 (Windows NT 10.0; Win64; x64) AppleWebKit/537.36 (KHTML, like Gecko) Chrome/100.0.4896.127 Safari/537.36"
::1 - - [27/Apr/2022:10:19:24 +0000] "GET /api/products/find/undefined HTTP/1.1" 500 246 "http://localhost:3000/" "Mozilla/5.0 (Windows NT 10.0; Win64; x64) AppleWebKit/537.36 (KHTML, like Gecko) Chrome/100.0.4896.127 Safari/537.36"
::1 - - [27/Apr/2022:10:19:24 +0000] "GET /api/products/find/undefined HTTP/1.1" 500 246 "http://localhost:3000/" "Mozilla/5.0 (Windows NT 10.0; Win64; x64) AppleWebKit/537.36 (KHTML, like Gecko) Chrome/100.0.4896.127 Safari/537.36"
::1 - - [27/Apr/2022:10:19:24 +0000] "GET /api/products/find/undefined HTTP/1.1" 500 246 "http://localhost:3000/" "Mozilla/5.0 (Windows NT 10.0; Win64; x64) AppleWebKit/537.36 (KHTML, like Gecko) Chrome/100.0.4896.127 Safari/537.36"
::1 - - [27/Apr/2022:10:19:28 +0000] "GET /api/products?category=Vegetable HTTP/1.1" 304 - "http://localhost:3000/" "Mozilla/5.0 (Windows NT 10.0; Win64; x64) AppleWebKit/537.36 (KHTML, like Gecko) Chrome/100.0.4896.127 Safari/537.36"
::1 - - [27/Apr/2022:10:19:28 +0000] "GET /api/products/find/Vegetable HTTP/1.1" 500 246 "http://localhost:3000/" "Mozilla/5.0 (Windows NT 10.0; Win64; x64) AppleWebKit/537.36 (KHTML, like Gecko) Chrome/100.0.4896.127 Safari/537.36"
::1 - - [27/Apr/2022:10:19:28 +0000] "GET /api/products/find/Vegetable HTTP/1.1" 500 246 "http://localhost:3000/" "Mozilla/5.0 (Windows NT 10.0; Win64; x64) AppleWebKit/537.36 (KHTML, like Gecko) Chrome/100.0.4896.127 Safari/537.36"
::1 - - [27/Apr/2022:10:19:28 +0000] "GET /api/products/find/Vegetable HTTP/1.1" 500 246 "http://localhost:3000/" "Mozilla/5.0 (Windows NT 10.0; Win64; x64) AppleWebKit/537.36 (KHTML, like Gecko) Chrome/100.0.4896.127 Safari/537.36"
::1 - - [27/Apr/2022:10:19:28 +0000] "GET /api/products/find/Vegetable HTTP/1.1" 500 246 "http://localhost:3000/" "Mozilla/5.0 (Windows NT 10.0; Win64; x64) AppleWebKit/537.36 (KHTML, like Gecko) Chrome/100.0.4896.127 Safari/537.36"
::1 - - [27/Apr/2022:10:19:28 +0000] "GET /api/products/find/Vegetable HTTP/1.1" 500 246 "http://localhost:3000/" "Mozilla/5.0 (Windows NT 10.0; Win64; x64) AppleWebKit/537.36 (KHTML, like Gecko) Chrome/100.0.4896.127 Safari/537.36"
::1 - - [27/Apr/2022:10:19:28 +0000] "GET /api/products/find/Vegetable HTTP/1.1" 500 246 "http://localhost:3000/" "Mozilla/5.0 (Windows NT 10.0; Win64; x64) AppleWebKit/537.36 (KHTML, like Gecko) Chrome/100.0.4896.127 Safari/537.36"
::1 - - [27/Apr/2022:10:19:28 +0000] "GET /api/products/find/Vegetable HTTP/1.1" 500 246 "http://localhost:3000/" "Mozilla/5.0 (Windows NT 10.0; Win64; x64) AppleWebKit/537.36 (KHTML, like Gecko) Chrome/100.0.4896.127 Safari/537.36"
::1 - - [27/Apr/2022:10:21:55 +0000] "GET /api/products?category=Vegetable HTTP/1.1" 304 - "http://localhost:3000/" "Mozilla/5.0 (Windows NT 10.0; Win64; x64) AppleWebKit/537.36 (KHTML, like Gecko) Chrome/100.0.4896.127 Safari/537.36"
::1 - - [27/Apr/2022:10:21:55 +0000] "GET /api/products/find/Vegetable HTTP/1.1" 500 246 "http://localhost:3000/" "Mozilla/5.0 (Windows NT 10.0; Win64; x64) AppleWebKit/537.36 (KHTML, like Gecko) Chrome/100.0.4896.127 Safari/537.36"
::1 - - [27/Apr/2022:10:21:55 +0000] "GET /api/products/find/Vegetable HTTP/1.1" 500 246 "http://localhost:3000/" "Mozilla/5.0 (Windows NT 10.0; Win64; x64) AppleWebKit/537.36 (KHTML, like Gecko) Chrome/100.0.4896.127 Safari/537.36"
::1 - - [27/Apr/2022:10:21:55 +0000] "GET /api/products/find/Vegetable HTTP/1.1" 500 246 "http://localhost:3000/" "Mozilla/5.0 (Windows NT 10.0; Win64; x64) AppleWebKit/537.36 (KHTML, like Gecko) Chrome/100.0.4896.127 Safari/537.36"
::1 - - [27/Apr/2022:10:21:55 +0000] "GET /api/products/find/Vegetable HTTP/1.1" 500 246 "http://localhost:3000/" "Mozilla/5.0 (Windows NT 10.0; Win64; x64) AppleWebKit/537.36 (KHTML, like Gecko) Chrome/100.0.4896.127 Safari/537.36"
::1 - - [27/Apr/2022:10:21:55 +0000] "GET /api/products/find/Vegetable HTTP/1.1" 500 246 "http://localhost:3000/" "Mozilla/5.0 (Windows NT 10.0; Win64; x64) AppleWebKit/537.36 (KHTML, like Gecko) Chrome/100.0.4896.127 Safari/537.36"
::1 - - [27/Apr/2022:10:21:55 +0000] "GET /api/products/find/Vegetable HTTP/1.1" 500 246 "http://localhost:3000/" "Mozilla/5.0 (Windows NT 10.0; Win64; x64) AppleWebKit/537.36 (KHTML, like Gecko) Chrome/100.0.4896.127 Safari/537.36"
::1 - - [27/Apr/2022:10:21:55 +0000] "GET /api/products/find/Vegetable HTTP/1.1" 500 246 "http://localhost:3000/" "Mozilla/5.0 (Windows NT 10.0; Win64; x64) AppleWebKit/537.36 (KHTML, like Gecko) Chrome/100.0.4896.127 Safari/537.36"
::1 - - [27/Apr/2022:10:27:13 +0000] "GET /api/products?category=Vegetable HTTP/1.1" 304 - "http://localhost:3000/" "Mozilla/5.0 (Windows NT 10.0; Win64; x64) AppleWebKit/537.36 (KHTML, like Gecko) Chrome/100.0.4896.127 Safari/537.36"
::1 - - [27/Apr/2022:10:27:13 +0000] "GET /api/products/find/Vegetable HTTP/1.1" 500 246 "http://localhost:3000/" "Mozilla/5.0 (Windows NT 10.0; Win64; x64) AppleWebKit/537.36 (KHTML, like Gecko) Chrome/100.0.4896.127 Safari/537.36"
::1 - - [27/Apr/2022:10:27:13 +0000] "GET /api/products/find/Vegetable HTTP/1.1" 500 246 "http://localhost:3000/" "Mozilla/5.0 (Windows NT 10.0; Win64; x64) AppleWebKit/537.36 (KHTML, like Gecko) Chrome/100.0.4896.127 Safari/537.36"
::1 - - [27/Apr/2022:10:27:13 +0000] "GET /api/products/find/Vegetable HTTP/1.1" 500 246 "http://localhost:3000/" "Mozilla/5.0 (Windows NT 10.0; Win64; x64) AppleWebKit/537.36 (KHTML, like Gecko) Chrome/100.0.4896.127 Safari/537.36"
::1 - - [27/Apr/2022:10:27:13 +0000] "GET /api/products/find/Vegetable HTTP/1.1" 500 246 "http://localhost:3000/" "Mozilla/5.0 (Windows NT 10.0; Win64; x64) AppleWebKit/537.36 (KHTML, like Gecko) Chrome/100.0.4896.127 Safari/537.36"
::1 - - [27/Apr/2022:10:27:13 +0000] "GET /api/products/find/Vegetable HTTP/1.1" 500 246 "http://localhost:3000/" "Mozilla/5.0 (Windows NT 10.0; Win64; x64) AppleWebKit/537.36 (KHTML, like Gecko) Chrome/100.0.4896.127 Safari/537.36"
::1 - - [27/Apr/2022:10:27:13 +0000] "GET /api/products/find/Vegetable HTTP/1.1" 500 246 "http://localhost:3000/" "Mozilla/5.0 (Windows NT 10.0; Win64; x64) AppleWebKit/537.36 (KHTML, like Gecko) Chrome/100.0.4896.127 Safari/537.36"
::1 - - [27/Apr/2022:10:27:13 +0000] "GET /api/products/find/Vegetable HTTP/1.1" 500 246 "http://localhost:3000/" "Mozilla/5.0 (Windows NT 10.0; Win64; x64) AppleWebKit/537.36 (KHTML, like Gecko) Chrome/100.0.4896.127 Safari/537.36"
::1 - - [27/Apr/2022:10:27:45 +0000] "GET /api/products HTTP/1.1" 304 - "http://localhost:3000/" "Mozilla/5.0 (Windows NT 10.0; Win64; x64) AppleWebKit/537.36 (KHTML, like Gecko) Chrome/100.0.4896.127 Safari/537.36"
::1 - - [27/Apr/2022:10:27:45 +0000] "GET /api/products/find/undefined HTTP/1.1" 500 246 "http://localhost:3000/" "Mozilla/5.0 (Windows NT 10.0; Win64; x64) AppleWebKit/537.36 (KHTML, like Gecko) Chrome/100.0.4896.127 Safari/537.36"
::1 - - [27/Apr/2022:10:27:45 +0000] "GET /api/products/find/undefined HTTP/1.1" 500 246 "http://localhost:3000/" "Mozilla/5.0 (Windows NT 10.0; Win64; x64) AppleWebKit/537.36 (KHTML, like Gecko) Chrome/100.0.4896.127 Safari/537.36"
::1 - - [27/Apr/2022:10:27:45 +0000] "GET /api/products/find/undefined HTTP/1.1" 500 246 "http://localhost:3000/" "Mozilla/5.0 (Windows NT 10.0; Win64; x64) AppleWebKit/537.36 (KHTML, like Gecko) Chrome/100.0.4896.127 Safari/537.36"
::1 - - [27/Apr/2022:10:27:45 +0000] "GET /api/products/find/undefined HTTP/1.1" 500 246 "http://localhost:3000/" "Mozilla/5.0 (Windows NT 10.0; Win64; x64) AppleWebKit/537.36 (KHTML, like Gecko) Chrome/100.0.4896.127 Safari/537.36"
::1 - - [27/Apr/2022:10:27:45 +0000] "GET /api/products/find/undefined HTTP/1.1" 500 246 "http://localhost:3000/" "Mozilla/5.0 (Windows NT 10.0; Win64; x64) AppleWebKit/537.36 (KHTML, like Gecko) Chrome/100.0.4896.127 Safari/537.36"
::1 - - [27/Apr/2022:10:27:45 +0000] "GET /api/products/find/undefined HTTP/1.1" 500 246 "http://localhost:3000/" "Mozilla/5.0 (Windows NT 10.0; Win64; x64) AppleWebKit/537.36 (KHTML, like Gecko) Chrome/100.0.4896.127 Safari/537.36"
::1 - - [27/Apr/2022:10:27:45 +0000] "GET /api/products/find/undefined HTTP/1.1" 500 246 "http://localhost:3000/" "Mozilla/5.0 (Windows NT 10.0; Win64; x64) AppleWebKit/537.36 (KHTML, like Gecko) Chrome/100.0.4896.127 Safari/537.36"
::1 - - [27/Apr/2022:10:27:45 +0000] "GET /api/products/find/undefined HTTP/1.1" 500 246 "http://localhost:3000/" "Mozilla/5.0 (Windows NT 10.0; Win64; x64) AppleWebKit/537.36 (KHTML, like Gecko) Chrome/100.0.4896.127 Safari/537.36"
::1 - - [27/Apr/2022:10:27:45 +0000] "GET /api/products/find/undefined HTTP/1.1" 500 246 "http://localhost:3000/" "Mozilla/5.0 (Windows NT 10.0; Win64; x64) AppleWebKit/537.36 (KHTML, like Gecko) Chrome/100.0.4896.127 Safari/537.36"
::1 - - [27/Apr/2022:10:27:45 +0000] "GET /api/products/find/undefined HTTP/1.1" 500 246 "http://localhost:3000/" "Mozilla/5.0 (Windows NT 10.0; Win64; x64) AppleWebKit/537.36 (KHTML, like Gecko) Chrome/100.0.4896.127 Safari/537.36"
::1 - - [27/Apr/2022:10:27:45 +0000] "GET /api/products/find/undefined HTTP/1.1" 500 246 "http://localhost:3000/" "Mozilla/5.0 (Windows NT 10.0; Win64; x64) AppleWebKit/537.36 (KHTML, like Gecko) Chrome/100.0.4896.127 Safari/537.36"
::1 - - [27/Apr/2022:10:27:45 +0000] "GET /api/products/find/undefined HTTP/1.1" 500 246 "http://localhost:3000/" "Mozilla/5.0 (Windows NT 10.0; Win64; x64) AppleWebKit/537.36 (KHTML, like Gecko) Chrome/100.0.4896.127 Safari/537.36"
::1 - - [27/Apr/2022:10:28:05 +0000] "GET /api/products?category=Vegetable HTTP/1.1" 304 - "http://localhost:3000/" "Mozilla/5.0 (Windows NT 10.0; Win64; x64) AppleWebKit/537.36 (KHTML, like Gecko) Chrome/100.0.4896.127 Safari/537.36"
::1 - - [27/Apr/2022:10:28:05 +0000] "GET /api/products/find/Vegetable HTTP/1.1" 500 246 "http://localhost:3000/" "Mozilla/5.0 (Windows NT 10.0; Win64; x64) AppleWebKit/537.36 (KHTML, like Gecko) Chrome/100.0.4896.127 Safari/537.36"
::1 - - [27/Apr/2022:10:28:05 +0000] "GET /api/products/find/Vegetable HTTP/1.1" 500 246 "http://localhost:3000/" "Mozilla/5.0 (Windows NT 10.0; Win64; x64) AppleWebKit/537.36 (KHTML, like Gecko) Chrome/100.0.4896.127 Safari/537.36"
::1 - - [27/Apr/2022:10:28:05 +0000] "GET /api/products/find/Vegetable HTTP/1.1" 500 246 "http://localhost:3000/" "Mozilla/5.0 (Windows NT 10.0; Win64; x64) AppleWebKit/537.36 (KHTML, like Gecko) Chrome/100.0.4896.127 Safari/537.36"
::1 - - [27/Apr/2022:10:28:05 +0000] "GET /api/products/find/Vegetable HTTP/1.1" 500 246 "http://localhost:3000/" "Mozilla/5.0 (Windows NT 10.0; Win64; x64) AppleWebKit/537.36 (KHTML, like Gecko) Chrome/100.0.4896.127 Safari/537.36"
::1 - - [27/Apr/2022:10:28:05 +0000] "GET /api/products/find/Vegetable HTTP/1.1" 500 246 "http://localhost:3000/" "Mozilla/5.0 (Windows NT 10.0; Win64; x64) AppleWebKit/537.36 (KHTML, like Gecko) Chrome/100.0.4896.127 Safari/537.36"
::1 - - [27/Apr/2022:10:28:05 +0000] "GET /api/products/find/Vegetable HTTP/1.1" 500 246 "http://localhost:3000/" "Mozilla/5.0 (Windows NT 10.0; Win64; x64) AppleWebKit/537.36 (KHTML, like Gecko) Chrome/100.0.4896.127 Safari/537.36"
::1 - - [27/Apr/2022:10:28:05 +0000] "GET /api/products/find/Vegetable HTTP/1.1" 500 246 "http://localhost:3000/" "Mozilla/5.0 (Windows NT 10.0; Win64; x64) AppleWebKit/537.36 (KHTML, like Gecko) Chrome/100.0.4896.127 Safari/537.36"
::1 - - [27/Apr/2022:10:29:36 +0000] "GET /api/products HTTP/1.1" 304 - "http://localhost:3000/" "Mozilla/5.0 (Windows NT 10.0; Win64; x64) AppleWebKit/537.36 (KHTML, like Gecko) Chrome/100.0.4896.127 Safari/537.36"
::1 - - [27/Apr/2022:10:29:36 +0000] "GET /api/products/find/undefined HTTP/1.1" 500 246 "http://localhost:3000/" "Mozilla/5.0 (Windows NT 10.0; Win64; x64) AppleWebKit/537.36 (KHTML, like Gecko) Chrome/100.0.4896.127 Safari/537.36"
::1 - - [27/Apr/2022:10:29:36 +0000] "GET /api/products/find/undefined HTTP/1.1" 500 246 "http://localhost:3000/" "Mozilla/5.0 (Windows NT 10.0; Win64; x64) AppleWebKit/537.36 (KHTML, like Gecko) Chrome/100.0.4896.127 Safari/537.36"
::1 - - [27/Apr/2022:10:29:36 +0000] "GET /api/products/find/undefined HTTP/1.1" 500 246 "http://localhost:3000/" "Mozilla/5.0 (Windows NT 10.0; Win64; x64) AppleWebKit/537.36 (KHTML, like Gecko) Chrome/100.0.4896.127 Safari/537.36"
::1 - - [27/Apr/2022:10:29:36 +0000] "GET /api/products/find/undefined HTTP/1.1" 500 246 "http://localhost:3000/" "Mozilla/5.0 (Windows NT 10.0; Win64; x64) AppleWebKit/537.36 (KHTML, like Gecko) Chrome/100.0.4896.127 Safari/537.36"
::1 - - [27/Apr/2022:10:29:36 +0000] "GET /api/products/find/undefined HTTP/1.1" 500 246 "http://localhost:3000/" "Mozilla/5.0 (Windows NT 10.0; Win64; x64) AppleWebKit/537.36 (KHTML, like Gecko) Chrome/100.0.4896.127 Safari/537.36"
::1 - - [27/Apr/2022:10:29:36 +0000] "GET /api/products/find/undefined HTTP/1.1" 500 246 "http://localhost:3000/" "Mozilla/5.0 (Windows NT 10.0; Win64; x64) AppleWebKit/537.36 (KHTML, like Gecko) Chrome/100.0.4896.127 Safari/537.36"
::1 - - [27/Apr/2022:10:29:36 +0000] "GET /api/products/find/undefined HTTP/1.1" 500 246 "http://localhost:3000/" "Mozilla/5.0 (Windows NT 10.0; Win64; x64) AppleWebKit/537.36 (KHTML, like Gecko) Chrome/100.0.4896.127 Safari/537.36"
::1 - - [27/Apr/2022:10:29:36 +0000] "GET /api/products/find/undefined HTTP/1.1" 500 246 "http://localhost:3000/" "Mozilla/5.0 (Windows NT 10.0; Win64; x64) AppleWebKit/537.36 (KHTML, like Gecko) Chrome/100.0.4896.127 Safari/537.36"
::1 - - [27/Apr/2022:10:29:36 +0000] "GET /api/products/find/undefined HTTP/1.1" 500 246 "http://localhost:3000/" "Mozilla/5.0 (Windows NT 10.0; Win64; x64) AppleWebKit/537.36 (KHTML, like Gecko) Chrome/100.0.4896.127 Safari/537.36"
::1 - - [27/Apr/2022:10:29:36 +0000] "GET /api/products/find/undefined HTTP/1.1" 500 246 "http://localhost:3000/" "Mozilla/5.0 (Windows NT 10.0; Win64; x64) AppleWebKit/537.36 (KHTML, like Gecko) Chrome/100.0.4896.127 Safari/537.36"
::1 - - [27/Apr/2022:10:29:36 +0000] "GET /api/products/find/undefined HTTP/1.1" 500 246 "http://localhost:3000/" "Mozilla/5.0 (Windows NT 10.0; Win64; x64) AppleWebKit/537.36 (KHTML, like Gecko) Chrome/100.0.4896.127 Safari/537.36"
::1 - - [27/Apr/2022:10:29:36 +0000] "GET /api/products/find/undefined HTTP/1.1" 500 246 "http://localhost:3000/" "Mozilla/5.0 (Windows NT 10.0; Win64; x64) AppleWebKit/537.36 (KHTML, like Gecko) Chrome/100.0.4896.127 Safari/537.36"
