::1 - - [04/Apr/2022:04:28:32 +0000] "GET /api/products HTTP/1.1" 304 - "http://localhost:3000/" "Mozilla/5.0 (Windows NT 10.0; Win64; x64) AppleWebKit/537.36 (KHTML, like Gecko) Chrome/99.0.4844.84 Safari/537.36"
::1 - - [04/Apr/2022:04:28:32 +0000] "GET /api/products/find/undefined HTTP/1.1" 500 246 "http://localhost:3000/" "Mozilla/5.0 (Windows NT 10.0; Win64; x64) AppleWebKit/537.36 (KHTML, like Gecko) Chrome/99.0.4844.84 Safari/537.36"
::1 - - [04/Apr/2022:04:28:32 +0000] "GET /api/products/find/undefined HTTP/1.1" 500 246 "http://localhost:3000/" "Mozilla/5.0 (Windows NT 10.0; Win64; x64) AppleWebKit/537.36 (KHTML, like Gecko) Chrome/99.0.4844.84 Safari/537.36"
::1 - - [04/Apr/2022:04:28:32 +0000] "GET /api/products/find/undefined HTTP/1.1" 500 246 "http://localhost:3000/" "Mozilla/5.0 (Windows NT 10.0; Win64; x64) AppleWebKit/537.36 (KHTML, like Gecko) Chrome/99.0.4844.84 Safari/537.36"
::1 - - [04/Apr/2022:04:28:32 +0000] "GET /api/products/find/undefined HTTP/1.1" 500 246 "http://localhost:3000/" "Mozilla/5.0 (Windows NT 10.0; Win64; x64) AppleWebKit/537.36 (KHTML, like Gecko) Chrome/99.0.4844.84 Safari/537.36"
::1 - - [04/Apr/2022:04:28:32 +0000] "GET /api/products/find/undefined HTTP/1.1" 500 246 "http://localhost:3000/" "Mozilla/5.0 (Windows NT 10.0; Win64; x64) AppleWebKit/537.36 (KHTML, like Gecko) Chrome/99.0.4844.84 Safari/537.36"
::1 - - [04/Apr/2022:04:28:32 +0000] "GET /api/products/find/undefined HTTP/1.1" 500 246 "http://localhost:3000/" "Mozilla/5.0 (Windows NT 10.0; Win64; x64) AppleWebKit/537.36 (KHTML, like Gecko) Chrome/99.0.4844.84 Safari/537.36"
::1 - - [04/Apr/2022:04:28:32 +0000] "GET /api/products/find/undefined HTTP/1.1" 500 246 "http://localhost:3000/" "Mozilla/5.0 (Windows NT 10.0; Win64; x64) AppleWebKit/537.36 (KHTML, like Gecko) Chrome/99.0.4844.84 Safari/537.36"
::1 - - [04/Apr/2022:04:28:32 +0000] "GET /api/products/find/undefined HTTP/1.1" 500 246 "http://localhost:3000/" "Mozilla/5.0 (Windows NT 10.0; Win64; x64) AppleWebKit/537.36 (KHTML, like Gecko) Chrome/99.0.4844.84 Safari/537.36"
::1 - - [04/Apr/2022:04:28:34 +0000] "GET /api/products?category=Dairy HTTP/1.1" 200 9119 "http://localhost:3000/" "Mozilla/5.0 (Windows NT 10.0; Win64; x64) AppleWebKit/537.36 (KHTML, like Gecko) Chrome/99.0.4844.84 Safari/537.36"
::1 - - [04/Apr/2022:04:28:34 +0000] "GET /api/products/find/Dairy HTTP/1.1" 500 234 "http://localhost:3000/" "Mozilla/5.0 (Windows NT 10.0; Win64; x64) AppleWebKit/537.36 (KHTML, like Gecko) Chrome/99.0.4844.84 Safari/537.36"
::1 - - [04/Apr/2022:04:28:34 +0000] "GET /api/products/find/Dairy HTTP/1.1" 500 234 "http://localhost:3000/" "Mozilla/5.0 (Windows NT 10.0; Win64; x64) AppleWebKit/537.36 (KHTML, like Gecko) Chrome/99.0.4844.84 Safari/537.36"
::1 - - [04/Apr/2022:04:28:34 +0000] "GET /api/products/find/Dairy HTTP/1.1" 500 234 "http://localhost:3000/" "Mozilla/5.0 (Windows NT 10.0; Win64; x64) AppleWebKit/537.36 (KHTML, like Gecko) Chrome/99.0.4844.84 Safari/537.36"
::1 - - [04/Apr/2022:04:28:34 +0000] "GET /api/products/find/Dairy HTTP/1.1" 500 234 "http://localhost:3000/" "Mozilla/5.0 (Windows NT 10.0; Win64; x64) AppleWebKit/537.36 (KHTML, like Gecko) Chrome/99.0.4844.84 Safari/537.36"
::1 - - [04/Apr/2022:04:28:34 +0000] "GET /api/products/find/Dairy HTTP/1.1" 500 234 "http://localhost:3000/" "Mozilla/5.0 (Windows NT 10.0; Win64; x64) AppleWebKit/537.36 (KHTML, like Gecko) Chrome/99.0.4844.84 Safari/537.36"
::1 - - [04/Apr/2022:04:28:34 +0000] "GET /api/products/find/Dairy HTTP/1.1" 500 234 "http://localhost:3000/" "Mozilla/5.0 (Windows NT 10.0; Win64; x64) AppleWebKit/537.36 (KHTML, like Gecko) Chrome/99.0.4844.84 Safari/537.36"
::1 - - [04/Apr/2022:04:28:36 +0000] "GET /api/users/find/61924f3864a836a2be1bafe3 HTTP/1.1" 403 21 "http://localhost:3000/" "Mozilla/5.0 (Windows NT 10.0; Win64; x64) AppleWebKit/537.36 (KHTML, like Gecko) Chrome/99.0.4844.84 Safari/537.36"
::1 - - [04/Apr/2022:04:28:40 +0000] "GET /api/products HTTP/1.1" 304 - "http://localhost:3000/" "Mozilla/5.0 (Windows NT 10.0; Win64; x64) AppleWebKit/537.36 (KHTML, like Gecko) Chrome/99.0.4844.84 Safari/537.36"
::1 - - [04/Apr/2022:04:28:40 +0000] "GET /api/products/find/undefined HTTP/1.1" 500 246 "http://localhost:3000/" "Mozilla/5.0 (Windows NT 10.0; Win64; x64) AppleWebKit/537.36 (KHTML, like Gecko) Chrome/99.0.4844.84 Safari/537.36"
::1 - - [04/Apr/2022:04:28:40 +0000] "GET /api/products/find/undefined HTTP/1.1" 500 246 "http://localhost:3000/" "Mozilla/5.0 (Windows NT 10.0; Win64; x64) AppleWebKit/537.36 (KHTML, like Gecko) Chrome/99.0.4844.84 Safari/537.36"
::1 - - [04/Apr/2022:04:28:40 +0000] "GET /api/products/find/undefined HTTP/1.1" 500 246 "http://localhost:3000/" "Mozilla/5.0 (Windows NT 10.0; Win64; x64) AppleWebKit/537.36 (KHTML, like Gecko) Chrome/99.0.4844.84 Safari/537.36"
::1 - - [04/Apr/2022:04:28:40 +0000] "GET /api/products/find/undefined HTTP/1.1" 500 246 "http://localhost:3000/" "Mozilla/5.0 (Windows NT 10.0; Win64; x64) AppleWebKit/537.36 (KHTML, like Gecko) Chrome/99.0.4844.84 Safari/537.36"
::1 - - [04/Apr/2022:04:28:40 +0000] "GET /api/products/find/undefined HTTP/1.1" 500 246 "http://localhost:3000/" "Mozilla/5.0 (Windows NT 10.0; Win64; x64) AppleWebKit/537.36 (KHTML, like Gecko) Chrome/99.0.4844.84 Safari/537.36"
::1 - - [04/Apr/2022:04:28:40 +0000] "GET /api/products/find/undefined HTTP/1.1" 500 246 "http://localhost:3000/" "Mozilla/5.0 (Windows NT 10.0; Win64; x64) AppleWebKit/537.36 (KHTML, like Gecko) Chrome/99.0.4844.84 Safari/537.36"
::1 - - [04/Apr/2022:04:28:40 +0000] "GET /api/products/find/undefined HTTP/1.1" 500 246 "http://localhost:3000/" "Mozilla/5.0 (Windows NT 10.0; Win64; x64) AppleWebKit/537.36 (KHTML, like Gecko) Chrome/99.0.4844.84 Safari/537.36"
::1 - - [04/Apr/2022:04:28:40 +0000] "GET /api/products/find/undefined HTTP/1.1" 500 246 "http://localhost:3000/" "Mozilla/5.0 (Windows NT 10.0; Win64; x64) AppleWebKit/537.36 (KHTML, like Gecko) Chrome/99.0.4844.84 Safari/537.36"
::1 - - [04/Apr/2022:04:28:40 +0000] "GET /api/products/find/undefined HTTP/1.1" 500 246 "http://localhost:3000/" "Mozilla/5.0 (Windows NT 10.0; Win64; x64) AppleWebKit/537.36 (KHTML, like Gecko) Chrome/99.0.4844.84 Safari/537.36"
::1 - - [04/Apr/2022:04:28:40 +0000] "GET /api/products/find/undefined HTTP/1.1" 500 246 "http://localhost:3000/" "Mozilla/5.0 (Windows NT 10.0; Win64; x64) AppleWebKit/537.36 (KHTML, like Gecko) Chrome/99.0.4844.84 Safari/537.36"
::1 - - [04/Apr/2022:04:28:40 +0000] "GET /api/products/find/undefined HTTP/1.1" 500 246 "http://localhost:3000/" "Mozilla/5.0 (Windows NT 10.0; Win64; x64) AppleWebKit/537.36 (KHTML, like Gecko) Chrome/99.0.4844.84 Safari/537.36"
::1 - - [04/Apr/2022:04:28:40 +0000] "GET /api/products/find/undefined HTTP/1.1" 500 246 "http://localhost:3000/" "Mozilla/5.0 (Windows NT 10.0; Win64; x64) AppleWebKit/537.36 (KHTML, like Gecko) Chrome/99.0.4844.84 Safari/537.36"
::1 - - [04/Apr/2022:04:28:40 +0000] "GET /api/products/find/undefined HTTP/1.1" 500 246 "http://localhost:3000/" "Mozilla/5.0 (Windows NT 10.0; Win64; x64) AppleWebKit/537.36 (KHTML, like Gecko) Chrome/99.0.4844.84 Safari/537.36"
::1 - - [04/Apr/2022:04:28:40 +0000] "GET /api/products/find/undefined HTTP/1.1" 500 246 "http://localhost:3000/" "Mozilla/5.0 (Windows NT 10.0; Win64; x64) AppleWebKit/537.36 (KHTML, like Gecko) Chrome/99.0.4844.84 Safari/537.36"
::1 - - [04/Apr/2022:04:28:40 +0000] "GET /api/products/find/undefined HTTP/1.1" 500 246 "http://localhost:3000/" "Mozilla/5.0 (Windows NT 10.0; Win64; x64) AppleWebKit/537.36 (KHTML, like Gecko) Chrome/99.0.4844.84 Safari/537.36"
::1 - - [04/Apr/2022:04:28:40 +0000] "GET /api/products/find/undefined HTTP/1.1" 500 246 "http://localhost:3000/" "Mozilla/5.0 (Windows NT 10.0; Win64; x64) AppleWebKit/537.36 (KHTML, like Gecko) Chrome/99.0.4844.84 Safari/537.36"
::1 - - [04/Apr/2022:04:28:40 +0000] "GET /api/products/find/undefined HTTP/1.1" 500 246 "http://localhost:3000/" "Mozilla/5.0 (Windows NT 10.0; Win64; x64) AppleWebKit/537.36 (KHTML, like Gecko) Chrome/99.0.4844.84 Safari/537.36"
::1 - - [04/Apr/2022:04:28:40 +0000] "GET /api/products/find/undefined HTTP/1.1" 500 246 "http://localhost:3000/" "Mozilla/5.0 (Windows NT 10.0; Win64; x64) AppleWebKit/537.36 (KHTML, like Gecko) Chrome/99.0.4844.84 Safari/537.36"
::1 - - [04/Apr/2022:04:28:40 +0000] "GET /api/products/find/undefined HTTP/1.1" 500 246 "http://localhost:3000/" "Mozilla/5.0 (Windows NT 10.0; Win64; x64) AppleWebKit/537.36 (KHTML, like Gecko) Chrome/99.0.4844.84 Safari/537.36"
::1 - - [04/Apr/2022:04:28:40 +0000] "GET /api/products/find/undefined HTTP/1.1" 500 246 "http://localhost:3000/" "Mozilla/5.0 (Windows NT 10.0; Win64; x64) AppleWebKit/537.36 (KHTML, like Gecko) Chrome/99.0.4844.84 Safari/537.36"
::1 - - [04/Apr/2022:04:28:40 +0000] "GET /api/products/find/undefined HTTP/1.1" 500 246 "http://localhost:3000/" "Mozilla/5.0 (Windows NT 10.0; Win64; x64) AppleWebKit/537.36 (KHTML, like Gecko) Chrome/99.0.4844.84 Safari/537.36"
::1 - - [04/Apr/2022:04:28:40 +0000] "GET /api/products/find/undefined HTTP/1.1" 500 246 "http://localhost:3000/" "Mozilla/5.0 (Windows NT 10.0; Win64; x64) AppleWebKit/537.36 (KHTML, like Gecko) Chrome/99.0.4844.84 Safari/537.36"
::1 - - [04/Apr/2022:04:28:40 +0000] "GET /api/products/find/undefined HTTP/1.1" 500 246 "http://localhost:3000/" "Mozilla/5.0 (Windows NT 10.0; Win64; x64) AppleWebKit/537.36 (KHTML, like Gecko) Chrome/99.0.4844.84 Safari/537.36"
::1 - - [04/Apr/2022:04:28:45 +0000] "GET /api/products HTTP/1.1" 304 - "http://localhost:3000/" "Mozilla/5.0 (Windows NT 10.0; Win64; x64) AppleWebKit/537.36 (KHTML, like Gecko) Chrome/99.0.4844.84 Safari/537.36"
::1 - - [04/Apr/2022:04:28:45 +0000] "GET /api/products/find/undefined HTTP/1.1" 500 246 "http://localhost:3000/" "Mozilla/5.0 (Windows NT 10.0; Win64; x64) AppleWebKit/537.36 (KHTML, like Gecko) Chrome/99.0.4844.84 Safari/537.36"
::1 - - [04/Apr/2022:04:28:45 +0000] "GET /api/products/find/undefined HTTP/1.1" 500 246 "http://localhost:3000/" "Mozilla/5.0 (Windows NT 10.0; Win64; x64) AppleWebKit/537.36 (KHTML, like Gecko) Chrome/99.0.4844.84 Safari/537.36"
::1 - - [04/Apr/2022:04:28:45 +0000] "GET /api/products/find/undefined HTTP/1.1" 500 246 "http://localhost:3000/" "Mozilla/5.0 (Windows NT 10.0; Win64; x64) AppleWebKit/537.36 (KHTML, like Gecko) Chrome/99.0.4844.84 Safari/537.36"
::1 - - [04/Apr/2022:04:28:45 +0000] "GET /api/products/find/undefined HTTP/1.1" 500 246 "http://localhost:3000/" "Mozilla/5.0 (Windows NT 10.0; Win64; x64) AppleWebKit/537.36 (KHTML, like Gecko) Chrome/99.0.4844.84 Safari/537.36"
::1 - - [04/Apr/2022:04:28:45 +0000] "GET /api/products/find/undefined HTTP/1.1" 500 246 "http://localhost:3000/" "Mozilla/5.0 (Windows NT 10.0; Win64; x64) AppleWebKit/537.36 (KHTML, like Gecko) Chrome/99.0.4844.84 Safari/537.36"
::1 - - [04/Apr/2022:04:28:45 +0000] "GET /api/products/find/undefined HTTP/1.1" 500 246 "http://localhost:3000/" "Mozilla/5.0 (Windows NT 10.0; Win64; x64) AppleWebKit/537.36 (KHTML, like Gecko) Chrome/99.0.4844.84 Safari/537.36"
::1 - - [04/Apr/2022:04:28:45 +0000] "GET /api/products/find/undefined HTTP/1.1" 500 246 "http://localhost:3000/" "Mozilla/5.0 (Windows NT 10.0; Win64; x64) AppleWebKit/537.36 (KHTML, like Gecko) Chrome/99.0.4844.84 Safari/537.36"
::1 - - [04/Apr/2022:04:28:45 +0000] "GET /api/products/find/undefined HTTP/1.1" 500 246 "http://localhost:3000/" "Mozilla/5.0 (Windows NT 10.0; Win64; x64) AppleWebKit/537.36 (KHTML, like Gecko) Chrome/99.0.4844.84 Safari/537.36"
::1 - - [04/Apr/2022:04:28:45 +0000] "GET /api/products/find/undefined HTTP/1.1" 500 246 "http://localhost:3000/" "Mozilla/5.0 (Windows NT 10.0; Win64; x64) AppleWebKit/537.36 (KHTML, like Gecko) Chrome/99.0.4844.84 Safari/537.36"
::1 - - [04/Apr/2022:04:28:45 +0000] "GET /api/products/find/undefined HTTP/1.1" 500 246 "http://localhost:3000/" "Mozilla/5.0 (Windows NT 10.0; Win64; x64) AppleWebKit/537.36 (KHTML, like Gecko) Chrome/99.0.4844.84 Safari/537.36"
::1 - - [04/Apr/2022:04:28:45 +0000] "GET /api/products/find/undefined HTTP/1.1" 500 246 "http://localhost:3000/" "Mozilla/5.0 (Windows NT 10.0; Win64; x64) AppleWebKit/537.36 (KHTML, like Gecko) Chrome/99.0.4844.84 Safari/537.36"
::1 - - [04/Apr/2022:04:28:45 +0000] "GET /api/products/find/undefined HTTP/1.1" 500 246 "http://localhost:3000/" "Mozilla/5.0 (Windows NT 10.0; Win64; x64) AppleWebKit/537.36 (KHTML, like Gecko) Chrome/99.0.4844.84 Safari/537.36"
::1 - - [04/Apr/2022:04:28:45 +0000] "GET /api/products/find/undefined HTTP/1.1" 500 246 "http://localhost:3000/" "Mozilla/5.0 (Windows NT 10.0; Win64; x64) AppleWebKit/537.36 (KHTML, like Gecko) Chrome/99.0.4844.84 Safari/537.36"
::1 - - [04/Apr/2022:04:28:45 +0000] "GET /api/products/find/undefined HTTP/1.1" 500 246 "http://localhost:3000/" "Mozilla/5.0 (Windows NT 10.0; Win64; x64) AppleWebKit/537.36 (KHTML, like Gecko) Chrome/99.0.4844.84 Safari/537.36"
::1 - - [04/Apr/2022:04:28:45 +0000] "GET /api/products/find/undefined HTTP/1.1" 500 246 "http://localhost:3000/" "Mozilla/5.0 (Windows NT 10.0; Win64; x64) AppleWebKit/537.36 (KHTML, like Gecko) Chrome/99.0.4844.84 Safari/537.36"
::1 - - [04/Apr/2022:04:28:46 +0000] "GET /api/products/find/undefined HTTP/1.1" 500 246 "http://localhost:3000/" "Mozilla/5.0 (Windows NT 10.0; Win64; x64) AppleWebKit/537.36 (KHTML, like Gecko) Chrome/99.0.4844.84 Safari/537.36"
::1 - - [04/Apr/2022:04:28:46 +0000] "GET /api/products/find/undefined HTTP/1.1" 500 246 "http://localhost:3000/" "Mozilla/5.0 (Windows NT 10.0; Win64; x64) AppleWebKit/537.36 (KHTML, like Gecko) Chrome/99.0.4844.84 Safari/537.36"
::1 - - [04/Apr/2022:04:28:46 +0000] "GET /api/products/find/undefined HTTP/1.1" 500 246 "http://localhost:3000/" "Mozilla/5.0 (Windows NT 10.0; Win64; x64) AppleWebKit/537.36 (KHTML, like Gecko) Chrome/99.0.4844.84 Safari/537.36"
::1 - - [04/Apr/2022:04:28:46 +0000] "GET /api/products/find/undefined HTTP/1.1" 500 246 "http://localhost:3000/" "Mozilla/5.0 (Windows NT 10.0; Win64; x64) AppleWebKit/537.36 (KHTML, like Gecko) Chrome/99.0.4844.84 Safari/537.36"
::1 - - [04/Apr/2022:04:28:46 +0000] "GET /api/products/find/undefined HTTP/1.1" 500 246 "http://localhost:3000/" "Mozilla/5.0 (Windows NT 10.0; Win64; x64) AppleWebKit/537.36 (KHTML, like Gecko) Chrome/99.0.4844.84 Safari/537.36"
::1 - - [04/Apr/2022:04:28:46 +0000] "GET /api/products/find/undefined HTTP/1.1" 500 246 "http://localhost:3000/" "Mozilla/5.0 (Windows NT 10.0; Win64; x64) AppleWebKit/537.36 (KHTML, like Gecko) Chrome/99.0.4844.84 Safari/537.36"
::1 - - [04/Apr/2022:04:28:46 +0000] "GET /api/products/find/undefined HTTP/1.1" 500 246 "http://localhost:3000/" "Mozilla/5.0 (Windows NT 10.0; Win64; x64) AppleWebKit/537.36 (KHTML, like Gecko) Chrome/99.0.4844.84 Safari/537.36"
::1 - - [04/Apr/2022:04:28:46 +0000] "GET /api/products/find/undefined HTTP/1.1" 500 246 "http://localhost:3000/" "Mozilla/5.0 (Windows NT 10.0; Win64; x64) AppleWebKit/537.36 (KHTML, like Gecko) Chrome/99.0.4844.84 Safari/537.36"
